<?xml version="1.0" encoding="UTF-8"?>
<testng-results skipped="17" failed="9" ignored="0" total="60" passed="34">
  <reporter-output>
  </reporter-output>
  <suite name="Default suite" duration-ms="572160" started-at="2019-08-16T16:12:39Z" finished-at="2019-08-16T16:22:11Z">
    <groups>
    </groups>
    <test name="Default test" duration-ms="572160" started-at="2019-08-16T16:12:39Z" finished-at="2019-08-16T16:22:11Z">
      <class name="com.triviagame.TestCases.BoundryValuesTest">
        <test-method status="PASS" signature="startBrowser()[pri:0, instance:com.triviagame.TestCases.BoundryValuesTest@553f17c]" name="startBrowser" is-config="true" duration-ms="12901" started-at="2019-08-16T16:12:39Z" finished-at="2019-08-16T16:12:52Z">
          <reporter-output>
          </reporter-output>
        </test-method> <!-- startBrowser -->
        <test-method status="PASS" signature="FqFirstAnswerGameBvMult10()[pri:0, instance:com.triviagame.TestCases.BoundryValuesTest@553f17c]" name="FqFirstAnswerGameBvMult10" duration-ms="863" started-at="2019-08-16T16:12:52Z" finished-at="2019-08-16T16:12:53Z">
          <reporter-output>
          </reporter-output>
        </test-method> <!-- FqFirstAnswerGameBvMult10 -->
        <test-method status="PASS" signature="afretAllTest()[pri:0, instance:com.triviagame.TestCases.BoundryValuesTest@553f17c]" name="afretAllTest" is-config="true" duration-ms="636" started-at="2019-08-16T16:12:53Z" finished-at="2019-08-16T16:12:54Z">
          <reporter-output>
          </reporter-output>
        </test-method> <!-- afretAllTest -->
        <test-method status="PASS" signature="startBrowser()[pri:0, instance:com.triviagame.TestCases.BoundryValuesTest@553f17c]" name="startBrowser" is-config="true" duration-ms="11466" started-at="2019-08-16T16:12:54Z" finished-at="2019-08-16T16:13:05Z">
          <reporter-output>
          </reporter-output>
        </test-method> <!-- startBrowser -->
        <test-method status="PASS" signature="FqFirstAnswerGameBvMult20()[pri:0, instance:com.triviagame.TestCases.BoundryValuesTest@553f17c]" name="FqFirstAnswerGameBvMult20" duration-ms="912" started-at="2019-08-16T16:13:05Z" finished-at="2019-08-16T16:13:06Z">
          <reporter-output>
          </reporter-output>
        </test-method> <!-- FqFirstAnswerGameBvMult20 -->
        <test-method status="PASS" signature="afretAllTest()[pri:0, instance:com.triviagame.TestCases.BoundryValuesTest@553f17c]" name="afretAllTest" is-config="true" duration-ms="667" started-at="2019-08-16T16:13:06Z" finished-at="2019-08-16T16:13:07Z">
          <reporter-output>
          </reporter-output>
        </test-method> <!-- afretAllTest -->
        <test-method status="PASS" signature="startBrowser()[pri:0, instance:com.triviagame.TestCases.BoundryValuesTest@553f17c]" name="startBrowser" is-config="true" duration-ms="11438" started-at="2019-08-16T16:13:07Z" finished-at="2019-08-16T16:13:18Z">
          <reporter-output>
          </reporter-output>
        </test-method> <!-- startBrowser -->
        <test-method status="FAIL" signature="FqFirstAnswerGameBvMult40()[pri:0, instance:com.triviagame.TestCases.BoundryValuesTest@553f17c]" name="FqFirstAnswerGameBvMult40" duration-ms="931" started-at="2019-08-16T16:13:18Z" finished-at="2019-08-16T16:13:19Z">
          <exception class="org.openqa.selenium.UnhandledAlertException">
            <message>
              <![CDATA[unexpected alert open: {Alert text : To many charest in answer number - 1}
  (Session info: chrome=76.0.3809.100): To many charest in answer number - 1
Build info: version: '3.141.59', revision: 'e82be7d358', time: '2018-11-14T08:17:03'
System info: host: 'DESKTOP-O2DK7QJ', ip: '192.168.1.109', os.name: 'Windows 10', os.arch: 'amd64', os.version: '10.0', java.version: '1.8.0_211'
Driver info: org.openqa.selenium.chrome.ChromeDriver
Capabilities {acceptInsecureCerts: false, browserName: chrome, browserVersion: 76.0.3809.100, chrome: {chromedriverVersion: 76.0.3809.68 (420c9498db8ce..., userDataDir: C:\Users\kc909\AppData\Loca...}, goog:chromeOptions: {debuggerAddress: localhost:62942}, javascriptEnabled: true, networkConnectionEnabled: false, pageLoadStrategy: normal, platform: XP, platformName: XP, proxy: Proxy(), setWindowRect: true, strictFileInteractability: false, timeouts: {implicit: 0, pageLoad: 300000, script: 30000}, unhandledPromptBehavior: dismiss and notify}
Session ID: f7ae4381bc4087f421c0e11d69ad563b]]>
            </message>
            <full-stacktrace>
              <![CDATA[org.openqa.selenium.UnhandledAlertException: unexpected alert open: {Alert text : To many charest in answer number - 1}
  (Session info: chrome=76.0.3809.100): To many charest in answer number - 1
Build info: version: '3.141.59', revision: 'e82be7d358', time: '2018-11-14T08:17:03'
System info: host: 'DESKTOP-O2DK7QJ', ip: '192.168.1.109', os.name: 'Windows 10', os.arch: 'amd64', os.version: '10.0', java.version: '1.8.0_211'
Driver info: org.openqa.selenium.chrome.ChromeDriver
Capabilities {acceptInsecureCerts: false, browserName: chrome, browserVersion: 76.0.3809.100, chrome: {chromedriverVersion: 76.0.3809.68 (420c9498db8ce..., userDataDir: C:\Users\kc909\AppData\Loca...}, goog:chromeOptions: {debuggerAddress: localhost:62942}, javascriptEnabled: true, networkConnectionEnabled: false, pageLoadStrategy: normal, platform: XP, platformName: XP, proxy: Proxy(), setWindowRect: true, strictFileInteractability: false, timeouts: {implicit: 0, pageLoad: 300000, script: 30000}, unhandledPromptBehavior: dismiss and notify}
Session ID: f7ae4381bc4087f421c0e11d69ad563b
at org.openqa.selenium.remote.http.W3CHttpResponseCodec.decode(W3CHttpResponseCodec.java:120)
at org.openqa.selenium.remote.http.W3CHttpResponseCodec.decode(W3CHttpResponseCodec.java:49)
at org.openqa.selenium.remote.HttpCommandExecutor.execute(HttpCommandExecutor.java:158)
at org.openqa.selenium.remote.service.DriverCommandExecutor.execute(DriverCommandExecutor.java:83)
at org.openqa.selenium.remote.RemoteWebDriver.execute(RemoteWebDriver.java:552)
at org.openqa.selenium.remote.RemoteWebDriver.execute(RemoteWebDriver.java:609)
at org.openqa.selenium.remote.RemoteWebDriver.getPageSource(RemoteWebDriver.java:438)
at com.triviagame.TestCases.BoundryValuesTest.FqFirstAnswerGameBvMult40(BoundryValuesTest.java:1356)
at sun.reflect.NativeMethodAccessorImpl.invoke0(Native Method)
at sun.reflect.NativeMethodAccessorImpl.invoke(NativeMethodAccessorImpl.java:62)
at sun.reflect.DelegatingMethodAccessorImpl.invoke(DelegatingMethodAccessorImpl.java:43)
at java.lang.reflect.Method.invoke(Method.java:498)
at org.testng.internal.MethodInvocationHelper.invokeMethod(MethodInvocationHelper.java:124)
at org.testng.internal.Invoker.invokeMethod(Invoker.java:583)
at org.testng.internal.Invoker.invokeTestMethod(Invoker.java:719)
at org.testng.internal.Invoker.invokeTestMethods(Invoker.java:989)
at org.testng.internal.TestMethodWorker.invokeTestMethods(TestMethodWorker.java:125)
at org.testng.internal.TestMethodWorker.run(TestMethodWorker.java:109)
at org.testng.TestRunner.privateRun(TestRunner.java:648)
at org.testng.TestRunner.run(TestRunner.java:505)
at org.testng.SuiteRunner.runTest(SuiteRunner.java:455)
at org.testng.SuiteRunner.runSequentially(SuiteRunner.java:450)
at org.testng.SuiteRunner.privateRun(SuiteRunner.java:415)
at org.testng.SuiteRunner.run(SuiteRunner.java:364)
at org.testng.SuiteRunnerWorker.runSuite(SuiteRunnerWorker.java:52)
at org.testng.SuiteRunnerWorker.run(SuiteRunnerWorker.java:84)
at org.testng.TestNG.runSuitesSequentially(TestNG.java:1208)
at org.testng.TestNG.runSuitesLocally(TestNG.java:1137)
at org.testng.TestNG.runSuites(TestNG.java:1049)
at org.testng.TestNG.run(TestNG.java:1017)
at org.testng.remote.AbstractRemoteTestNG.run(AbstractRemoteTestNG.java:115)
at org.testng.remote.RemoteTestNG.initAndRun(RemoteTestNG.java:251)
at org.testng.remote.RemoteTestNG.main(RemoteTestNG.java:77)
]]>
            </full-stacktrace>
          </exception> <!-- org.openqa.selenium.UnhandledAlertException -->
          <reporter-output>
          </reporter-output>
        </test-method> <!-- FqFirstAnswerGameBvMult40 -->
        <test-method status="PASS" signature="afretAllTest()[pri:0, instance:com.triviagame.TestCases.BoundryValuesTest@553f17c]" name="afretAllTest" is-config="true" duration-ms="698" started-at="2019-08-16T16:13:19Z" finished-at="2019-08-16T16:13:20Z">
          <reporter-output>
          </reporter-output>
        </test-method> <!-- afretAllTest -->
        <test-method status="PASS" signature="startBrowser()[pri:0, instance:com.triviagame.TestCases.BoundryValuesTest@553f17c]" name="startBrowser" is-config="true" duration-ms="11413" started-at="2019-08-16T16:13:20Z" finished-at="2019-08-16T16:13:31Z">
          <reporter-output>
          </reporter-output>
        </test-method> <!-- startBrowser -->
        <test-method status="PASS" signature="FqFirstAnswerGameBvMult5()[pri:0, instance:com.triviagame.TestCases.BoundryValuesTest@553f17c]" name="FqFirstAnswerGameBvMult5" duration-ms="800" started-at="2019-08-16T16:13:31Z" finished-at="2019-08-16T16:13:32Z">
          <reporter-output>
          </reporter-output>
        </test-method> <!-- FqFirstAnswerGameBvMult5 -->
        <test-method status="PASS" signature="afretAllTest()[pri:0, instance:com.triviagame.TestCases.BoundryValuesTest@553f17c]" name="afretAllTest" is-config="true" duration-ms="668" started-at="2019-08-16T16:13:32Z" finished-at="2019-08-16T16:13:33Z">
          <reporter-output>
          </reporter-output>
        </test-method> <!-- afretAllTest -->
        <test-method status="PASS" signature="startBrowser()[pri:0, instance:com.triviagame.TestCases.BoundryValuesTest@553f17c]" name="startBrowser" is-config="true" duration-ms="11525" started-at="2019-08-16T16:13:33Z" finished-at="2019-08-16T16:13:44Z">
          <reporter-output>
          </reporter-output>
        </test-method> <!-- startBrowser -->
        <test-method status="PASS" signature="FqFirstQuestionGameBvMult10()[pri:0, instance:com.triviagame.TestCases.BoundryValuesTest@553f17c]" name="FqFirstQuestionGameBvMult10" duration-ms="813" started-at="2019-08-16T16:13:44Z" finished-at="2019-08-16T16:13:45Z">
          <reporter-output>
          </reporter-output>
        </test-method> <!-- FqFirstQuestionGameBvMult10 -->
        <test-method status="PASS" signature="afretAllTest()[pri:0, instance:com.triviagame.TestCases.BoundryValuesTest@553f17c]" name="afretAllTest" is-config="true" duration-ms="672" started-at="2019-08-16T16:13:45Z" finished-at="2019-08-16T16:13:46Z">
          <reporter-output>
          </reporter-output>
        </test-method> <!-- afretAllTest -->
        <test-method status="PASS" signature="startBrowser()[pri:0, instance:com.triviagame.TestCases.BoundryValuesTest@553f17c]" name="startBrowser" is-config="true" duration-ms="11707" started-at="2019-08-16T16:13:46Z" finished-at="2019-08-16T16:13:57Z">
          <reporter-output>
          </reporter-output>
        </test-method> <!-- startBrowser -->
        <test-method status="PASS" signature="FqFirstQuestionGameBvMult20()[pri:0, instance:com.triviagame.TestCases.BoundryValuesTest@553f17c]" name="FqFirstQuestionGameBvMult20" duration-ms="808" started-at="2019-08-16T16:13:57Z" finished-at="2019-08-16T16:13:58Z">
          <reporter-output>
          </reporter-output>
        </test-method> <!-- FqFirstQuestionGameBvMult20 -->
        <test-method status="PASS" signature="afretAllTest()[pri:0, instance:com.triviagame.TestCases.BoundryValuesTest@553f17c]" name="afretAllTest" is-config="true" duration-ms="666" started-at="2019-08-16T16:13:58Z" finished-at="2019-08-16T16:13:59Z">
          <reporter-output>
          </reporter-output>
        </test-method> <!-- afretAllTest -->
        <test-method status="PASS" signature="startBrowser()[pri:0, instance:com.triviagame.TestCases.BoundryValuesTest@553f17c]" name="startBrowser" is-config="true" duration-ms="11222" started-at="2019-08-16T16:13:59Z" finished-at="2019-08-16T16:14:10Z">
          <reporter-output>
          </reporter-output>
        </test-method> <!-- startBrowser -->
        <test-method status="PASS" signature="FqFirstQuestionGameBvMult40()[pri:0, instance:com.triviagame.TestCases.BoundryValuesTest@553f17c]" name="FqFirstQuestionGameBvMult40" duration-ms="889" started-at="2019-08-16T16:14:10Z" finished-at="2019-08-16T16:14:11Z">
          <reporter-output>
          </reporter-output>
        </test-method> <!-- FqFirstQuestionGameBvMult40 -->
        <test-method status="PASS" signature="afretAllTest()[pri:0, instance:com.triviagame.TestCases.BoundryValuesTest@553f17c]" name="afretAllTest" is-config="true" duration-ms="666" started-at="2019-08-16T16:14:11Z" finished-at="2019-08-16T16:14:12Z">
          <reporter-output>
          </reporter-output>
        </test-method> <!-- afretAllTest -->
        <test-method status="PASS" signature="startBrowser()[pri:0, instance:com.triviagame.TestCases.BoundryValuesTest@553f17c]" name="startBrowser" is-config="true" duration-ms="11383" started-at="2019-08-16T16:14:12Z" finished-at="2019-08-16T16:14:23Z">
          <reporter-output>
          </reporter-output>
        </test-method> <!-- startBrowser -->
        <test-method status="PASS" signature="FqFirstQuestionGameBvMult5()[pri:0, instance:com.triviagame.TestCases.BoundryValuesTest@553f17c]" name="FqFirstQuestionGameBvMult5" duration-ms="837" started-at="2019-08-16T16:14:23Z" finished-at="2019-08-16T16:14:24Z">
          <reporter-output>
          </reporter-output>
        </test-method> <!-- FqFirstQuestionGameBvMult5 -->
        <test-method status="PASS" signature="afretAllTest()[pri:0, instance:com.triviagame.TestCases.BoundryValuesTest@553f17c]" name="afretAllTest" is-config="true" duration-ms="673" started-at="2019-08-16T16:14:24Z" finished-at="2019-08-16T16:14:24Z">
          <reporter-output>
          </reporter-output>
        </test-method> <!-- afretAllTest -->
        <test-method status="PASS" signature="startBrowser()[pri:0, instance:com.triviagame.TestCases.BoundryValuesTest@553f17c]" name="startBrowser" is-config="true" duration-ms="11326" started-at="2019-08-16T16:14:24Z" finished-at="2019-08-16T16:14:36Z">
          <reporter-output>
          </reporter-output>
        </test-method> <!-- startBrowser -->
        <test-method status="PASS" signature="FqForthAnswerGameBvMult10()[pri:0, instance:com.triviagame.TestCases.BoundryValuesTest@553f17c]" name="FqForthAnswerGameBvMult10" duration-ms="808" started-at="2019-08-16T16:14:36Z" finished-at="2019-08-16T16:14:37Z">
          <reporter-output>
          </reporter-output>
        </test-method> <!-- FqForthAnswerGameBvMult10 -->
        <test-method status="PASS" signature="afretAllTest()[pri:0, instance:com.triviagame.TestCases.BoundryValuesTest@553f17c]" name="afretAllTest" is-config="true" duration-ms="667" started-at="2019-08-16T16:14:37Z" finished-at="2019-08-16T16:14:37Z">
          <reporter-output>
          </reporter-output>
        </test-method> <!-- afretAllTest -->
        <test-method status="PASS" signature="startBrowser()[pri:0, instance:com.triviagame.TestCases.BoundryValuesTest@553f17c]" name="startBrowser" is-config="true" duration-ms="11216" started-at="2019-08-16T16:14:37Z" finished-at="2019-08-16T16:14:48Z">
          <reporter-output>
          </reporter-output>
        </test-method> <!-- startBrowser -->
        <test-method status="PASS" signature="FqForthAnswerGameBvMult20()[pri:0, instance:com.triviagame.TestCases.BoundryValuesTest@553f17c]" name="FqForthAnswerGameBvMult20" duration-ms="874" started-at="2019-08-16T16:14:48Z" finished-at="2019-08-16T16:14:49Z">
          <reporter-output>
          </reporter-output>
        </test-method> <!-- FqForthAnswerGameBvMult20 -->
        <test-method status="PASS" signature="afretAllTest()[pri:0, instance:com.triviagame.TestCases.BoundryValuesTest@553f17c]" name="afretAllTest" is-config="true" duration-ms="665" started-at="2019-08-16T16:14:49Z" finished-at="2019-08-16T16:14:50Z">
          <reporter-output>
          </reporter-output>
        </test-method> <!-- afretAllTest -->
        <test-method status="PASS" signature="startBrowser()[pri:0, instance:com.triviagame.TestCases.BoundryValuesTest@553f17c]" name="startBrowser" is-config="true" duration-ms="11760" started-at="2019-08-16T16:14:50Z" finished-at="2019-08-16T16:15:02Z">
          <reporter-output>
          </reporter-output>
        </test-method> <!-- startBrowser -->
        <test-method status="FAIL" signature="FqForthAnswerGameBvMult40()[pri:0, instance:com.triviagame.TestCases.BoundryValuesTest@553f17c]" name="FqForthAnswerGameBvMult40" duration-ms="912" started-at="2019-08-16T16:15:02Z" finished-at="2019-08-16T16:15:03Z">
          <exception class="org.openqa.selenium.UnhandledAlertException">
            <message>
              <![CDATA[unexpected alert open: {Alert text : To many charest in answer number - 4}
  (Session info: chrome=76.0.3809.100): To many charest in answer number - 4
Build info: version: '3.141.59', revision: 'e82be7d358', time: '2018-11-14T08:17:03'
System info: host: 'DESKTOP-O2DK7QJ', ip: '192.168.1.109', os.name: 'Windows 10', os.arch: 'amd64', os.version: '10.0', java.version: '1.8.0_211'
Driver info: org.openqa.selenium.chrome.ChromeDriver
Capabilities {acceptInsecureCerts: false, browserName: chrome, browserVersion: 76.0.3809.100, chrome: {chromedriverVersion: 76.0.3809.68 (420c9498db8ce..., userDataDir: C:\Users\kc909\AppData\Loca...}, goog:chromeOptions: {debuggerAddress: localhost:63129}, javascriptEnabled: true, networkConnectionEnabled: false, pageLoadStrategy: normal, platform: XP, platformName: XP, proxy: Proxy(), setWindowRect: true, strictFileInteractability: false, timeouts: {implicit: 0, pageLoad: 300000, script: 30000}, unhandledPromptBehavior: dismiss and notify}
Session ID: e1412169ce4fcb9cd6615b2c5200f951]]>
            </message>
            <full-stacktrace>
              <![CDATA[org.openqa.selenium.UnhandledAlertException: unexpected alert open: {Alert text : To many charest in answer number - 4}
  (Session info: chrome=76.0.3809.100): To many charest in answer number - 4
Build info: version: '3.141.59', revision: 'e82be7d358', time: '2018-11-14T08:17:03'
System info: host: 'DESKTOP-O2DK7QJ', ip: '192.168.1.109', os.name: 'Windows 10', os.arch: 'amd64', os.version: '10.0', java.version: '1.8.0_211'
Driver info: org.openqa.selenium.chrome.ChromeDriver
Capabilities {acceptInsecureCerts: false, browserName: chrome, browserVersion: 76.0.3809.100, chrome: {chromedriverVersion: 76.0.3809.68 (420c9498db8ce..., userDataDir: C:\Users\kc909\AppData\Loca...}, goog:chromeOptions: {debuggerAddress: localhost:63129}, javascriptEnabled: true, networkConnectionEnabled: false, pageLoadStrategy: normal, platform: XP, platformName: XP, proxy: Proxy(), setWindowRect: true, strictFileInteractability: false, timeouts: {implicit: 0, pageLoad: 300000, script: 30000}, unhandledPromptBehavior: dismiss and notify}
Session ID: e1412169ce4fcb9cd6615b2c5200f951
at org.openqa.selenium.remote.http.W3CHttpResponseCodec.decode(W3CHttpResponseCodec.java:120)
at org.openqa.selenium.remote.http.W3CHttpResponseCodec.decode(W3CHttpResponseCodec.java:49)
at org.openqa.selenium.remote.HttpCommandExecutor.execute(HttpCommandExecutor.java:158)
at org.openqa.selenium.remote.service.DriverCommandExecutor.execute(DriverCommandExecutor.java:83)
at org.openqa.selenium.remote.RemoteWebDriver.execute(RemoteWebDriver.java:552)
at org.openqa.selenium.remote.RemoteWebDriver.execute(RemoteWebDriver.java:609)
at org.openqa.selenium.remote.RemoteWebDriver.getPageSource(RemoteWebDriver.java:438)
at com.triviagame.TestCases.BoundryValuesTest.FqForthAnswerGameBvMult40(BoundryValuesTest.java:1416)
at sun.reflect.NativeMethodAccessorImpl.invoke0(Native Method)
at sun.reflect.NativeMethodAccessorImpl.invoke(NativeMethodAccessorImpl.java:62)
at sun.reflect.DelegatingMethodAccessorImpl.invoke(DelegatingMethodAccessorImpl.java:43)
at java.lang.reflect.Method.invoke(Method.java:498)
at org.testng.internal.MethodInvocationHelper.invokeMethod(MethodInvocationHelper.java:124)
at org.testng.internal.Invoker.invokeMethod(Invoker.java:583)
at org.testng.internal.Invoker.invokeTestMethod(Invoker.java:719)
at org.testng.internal.Invoker.invokeTestMethods(Invoker.java:989)
at org.testng.internal.TestMethodWorker.invokeTestMethods(TestMethodWorker.java:125)
at org.testng.internal.TestMethodWorker.run(TestMethodWorker.java:109)
at org.testng.TestRunner.privateRun(TestRunner.java:648)
at org.testng.TestRunner.run(TestRunner.java:505)
at org.testng.SuiteRunner.runTest(SuiteRunner.java:455)
at org.testng.SuiteRunner.runSequentially(SuiteRunner.java:450)
at org.testng.SuiteRunner.privateRun(SuiteRunner.java:415)
at org.testng.SuiteRunner.run(SuiteRunner.java:364)
at org.testng.SuiteRunnerWorker.runSuite(SuiteRunnerWorker.java:52)
at org.testng.SuiteRunnerWorker.run(SuiteRunnerWorker.java:84)
at org.testng.TestNG.runSuitesSequentially(TestNG.java:1208)
at org.testng.TestNG.runSuitesLocally(TestNG.java:1137)
at org.testng.TestNG.runSuites(TestNG.java:1049)
at org.testng.TestNG.run(TestNG.java:1017)
at org.testng.remote.AbstractRemoteTestNG.run(AbstractRemoteTestNG.java:115)
at org.testng.remote.RemoteTestNG.initAndRun(RemoteTestNG.java:251)
at org.testng.remote.RemoteTestNG.main(RemoteTestNG.java:77)
]]>
            </full-stacktrace>
          </exception> <!-- org.openqa.selenium.UnhandledAlertException -->
          <reporter-output>
          </reporter-output>
        </test-method> <!-- FqForthAnswerGameBvMult40 -->
        <test-method status="PASS" signature="afretAllTest()[pri:0, instance:com.triviagame.TestCases.BoundryValuesTest@553f17c]" name="afretAllTest" is-config="true" duration-ms="668" started-at="2019-08-16T16:15:03Z" finished-at="2019-08-16T16:15:03Z">
          <reporter-output>
          </reporter-output>
        </test-method> <!-- afretAllTest -->
        <test-method status="PASS" signature="startBrowser()[pri:0, instance:com.triviagame.TestCases.BoundryValuesTest@553f17c]" name="startBrowser" is-config="true" duration-ms="11394" started-at="2019-08-16T16:15:03Z" finished-at="2019-08-16T16:15:15Z">
          <reporter-output>
          </reporter-output>
        </test-method> <!-- startBrowser -->
        <test-method status="PASS" signature="FqForthAnswerGameBvMult5()[pri:0, instance:com.triviagame.TestCases.BoundryValuesTest@553f17c]" name="FqForthAnswerGameBvMult5" duration-ms="817" started-at="2019-08-16T16:15:15Z" finished-at="2019-08-16T16:15:16Z">
          <reporter-output>
          </reporter-output>
        </test-method> <!-- FqForthAnswerGameBvMult5 -->
        <test-method status="PASS" signature="afretAllTest()[pri:0, instance:com.triviagame.TestCases.BoundryValuesTest@553f17c]" name="afretAllTest" is-config="true" duration-ms="667" started-at="2019-08-16T16:15:16Z" finished-at="2019-08-16T16:15:16Z">
          <reporter-output>
          </reporter-output>
        </test-method> <!-- afretAllTest -->
        <test-method status="PASS" signature="startBrowser()[pri:0, instance:com.triviagame.TestCases.BoundryValuesTest@553f17c]" name="startBrowser" is-config="true" duration-ms="11861" started-at="2019-08-16T16:15:16Z" finished-at="2019-08-16T16:15:28Z">
          <reporter-output>
          </reporter-output>
        </test-method> <!-- startBrowser -->
        <test-method status="PASS" signature="FqSecondAnswerGameBvMult10()[pri:0, instance:com.triviagame.TestCases.BoundryValuesTest@553f17c]" name="FqSecondAnswerGameBvMult10" duration-ms="914" started-at="2019-08-16T16:15:28Z" finished-at="2019-08-16T16:15:29Z">
          <reporter-output>
          </reporter-output>
        </test-method> <!-- FqSecondAnswerGameBvMult10 -->
        <test-method status="PASS" signature="afretAllTest()[pri:0, instance:com.triviagame.TestCases.BoundryValuesTest@553f17c]" name="afretAllTest" is-config="true" duration-ms="673" started-at="2019-08-16T16:15:29Z" finished-at="2019-08-16T16:15:30Z">
          <reporter-output>
          </reporter-output>
        </test-method> <!-- afretAllTest -->
        <test-method status="PASS" signature="startBrowser()[pri:0, instance:com.triviagame.TestCases.BoundryValuesTest@553f17c]" name="startBrowser" is-config="true" duration-ms="11202" started-at="2019-08-16T16:15:30Z" finished-at="2019-08-16T16:15:41Z">
          <reporter-output>
          </reporter-output>
        </test-method> <!-- startBrowser -->
        <test-method status="PASS" signature="FqSecondAnswerGameBvMult20()[pri:0, instance:com.triviagame.TestCases.BoundryValuesTest@553f17c]" name="FqSecondAnswerGameBvMult20" duration-ms="847" started-at="2019-08-16T16:15:41Z" finished-at="2019-08-16T16:15:42Z">
          <reporter-output>
          </reporter-output>
        </test-method> <!-- FqSecondAnswerGameBvMult20 -->
        <test-method status="PASS" signature="afretAllTest()[pri:0, instance:com.triviagame.TestCases.BoundryValuesTest@553f17c]" name="afretAllTest" is-config="true" duration-ms="668" started-at="2019-08-16T16:15:42Z" finished-at="2019-08-16T16:15:42Z">
          <reporter-output>
          </reporter-output>
        </test-method> <!-- afretAllTest -->
        <test-method status="PASS" signature="startBrowser()[pri:0, instance:com.triviagame.TestCases.BoundryValuesTest@553f17c]" name="startBrowser" is-config="true" duration-ms="11388" started-at="2019-08-16T16:15:42Z" finished-at="2019-08-16T16:15:54Z">
          <reporter-output>
          </reporter-output>
        </test-method> <!-- startBrowser -->
        <test-method status="FAIL" signature="FqSecondAnswerGameBvMult40()[pri:0, instance:com.triviagame.TestCases.BoundryValuesTest@553f17c]" name="FqSecondAnswerGameBvMult40" duration-ms="929" started-at="2019-08-16T16:15:54Z" finished-at="2019-08-16T16:15:55Z">
          <exception class="org.openqa.selenium.UnhandledAlertException">
            <message>
              <![CDATA[unexpected alert open: {Alert text : To many charest in answer number - 2}
  (Session info: chrome=76.0.3809.100): To many charest in answer number - 2
Build info: version: '3.141.59', revision: 'e82be7d358', time: '2018-11-14T08:17:03'
System info: host: 'DESKTOP-O2DK7QJ', ip: '192.168.1.109', os.name: 'Windows 10', os.arch: 'amd64', os.version: '10.0', java.version: '1.8.0_211'
Driver info: org.openqa.selenium.chrome.ChromeDriver
Capabilities {acceptInsecureCerts: false, browserName: chrome, browserVersion: 76.0.3809.100, chrome: {chromedriverVersion: 76.0.3809.68 (420c9498db8ce..., userDataDir: C:\Users\kc909\AppData\Loca...}, goog:chromeOptions: {debuggerAddress: localhost:63232}, javascriptEnabled: true, networkConnectionEnabled: false, pageLoadStrategy: normal, platform: XP, platformName: XP, proxy: Proxy(), setWindowRect: true, strictFileInteractability: false, timeouts: {implicit: 0, pageLoad: 300000, script: 30000}, unhandledPromptBehavior: dismiss and notify}
Session ID: 044e79b54d001cb8dce18dbe6e421676]]>
            </message>
            <full-stacktrace>
              <![CDATA[org.openqa.selenium.UnhandledAlertException: unexpected alert open: {Alert text : To many charest in answer number - 2}
  (Session info: chrome=76.0.3809.100): To many charest in answer number - 2
Build info: version: '3.141.59', revision: 'e82be7d358', time: '2018-11-14T08:17:03'
System info: host: 'DESKTOP-O2DK7QJ', ip: '192.168.1.109', os.name: 'Windows 10', os.arch: 'amd64', os.version: '10.0', java.version: '1.8.0_211'
Driver info: org.openqa.selenium.chrome.ChromeDriver
Capabilities {acceptInsecureCerts: false, browserName: chrome, browserVersion: 76.0.3809.100, chrome: {chromedriverVersion: 76.0.3809.68 (420c9498db8ce..., userDataDir: C:\Users\kc909\AppData\Loca...}, goog:chromeOptions: {debuggerAddress: localhost:63232}, javascriptEnabled: true, networkConnectionEnabled: false, pageLoadStrategy: normal, platform: XP, platformName: XP, proxy: Proxy(), setWindowRect: true, strictFileInteractability: false, timeouts: {implicit: 0, pageLoad: 300000, script: 30000}, unhandledPromptBehavior: dismiss and notify}
Session ID: 044e79b54d001cb8dce18dbe6e421676
at org.openqa.selenium.remote.http.W3CHttpResponseCodec.decode(W3CHttpResponseCodec.java:120)
at org.openqa.selenium.remote.http.W3CHttpResponseCodec.decode(W3CHttpResponseCodec.java:49)
at org.openqa.selenium.remote.HttpCommandExecutor.execute(HttpCommandExecutor.java:158)
at org.openqa.selenium.remote.service.DriverCommandExecutor.execute(DriverCommandExecutor.java:83)
at org.openqa.selenium.remote.RemoteWebDriver.execute(RemoteWebDriver.java:552)
at org.openqa.selenium.remote.RemoteWebDriver.execute(RemoteWebDriver.java:609)
at org.openqa.selenium.remote.RemoteWebDriver.getPageSource(RemoteWebDriver.java:438)
at com.triviagame.TestCases.BoundryValuesTest.FqSecondAnswerGameBvMult40(BoundryValuesTest.java:1376)
at sun.reflect.NativeMethodAccessorImpl.invoke0(Native Method)
at sun.reflect.NativeMethodAccessorImpl.invoke(NativeMethodAccessorImpl.java:62)
at sun.reflect.DelegatingMethodAccessorImpl.invoke(DelegatingMethodAccessorImpl.java:43)
at java.lang.reflect.Method.invoke(Method.java:498)
at org.testng.internal.MethodInvocationHelper.invokeMethod(MethodInvocationHelper.java:124)
at org.testng.internal.Invoker.invokeMethod(Invoker.java:583)
at org.testng.internal.Invoker.invokeTestMethod(Invoker.java:719)
at org.testng.internal.Invoker.invokeTestMethods(Invoker.java:989)
at org.testng.internal.TestMethodWorker.invokeTestMethods(TestMethodWorker.java:125)
at org.testng.internal.TestMethodWorker.run(TestMethodWorker.java:109)
at org.testng.TestRunner.privateRun(TestRunner.java:648)
at org.testng.TestRunner.run(TestRunner.java:505)
at org.testng.SuiteRunner.runTest(SuiteRunner.java:455)
at org.testng.SuiteRunner.runSequentially(SuiteRunner.java:450)
at org.testng.SuiteRunner.privateRun(SuiteRunner.java:415)
at org.testng.SuiteRunner.run(SuiteRunner.java:364)
at org.testng.SuiteRunnerWorker.runSuite(SuiteRunnerWorker.java:52)
at org.testng.SuiteRunnerWorker.run(SuiteRunnerWorker.java:84)
at org.testng.TestNG.runSuitesSequentially(TestNG.java:1208)
at org.testng.TestNG.runSuitesLocally(TestNG.java:1137)
at org.testng.TestNG.runSuites(TestNG.java:1049)
at org.testng.TestNG.run(TestNG.java:1017)
at org.testng.remote.AbstractRemoteTestNG.run(AbstractRemoteTestNG.java:115)
at org.testng.remote.RemoteTestNG.initAndRun(RemoteTestNG.java:251)
at org.testng.remote.RemoteTestNG.main(RemoteTestNG.java:77)
]]>
            </full-stacktrace>
          </exception> <!-- org.openqa.selenium.UnhandledAlertException -->
          <reporter-output>
          </reporter-output>
        </test-method> <!-- FqSecondAnswerGameBvMult40 -->
        <test-method status="PASS" signature="afretAllTest()[pri:0, instance:com.triviagame.TestCases.BoundryValuesTest@553f17c]" name="afretAllTest" is-config="true" duration-ms="667" started-at="2019-08-16T16:15:55Z" finished-at="2019-08-16T16:15:55Z">
          <reporter-output>
          </reporter-output>
        </test-method> <!-- afretAllTest -->
        <test-method status="PASS" signature="startBrowser()[pri:0, instance:com.triviagame.TestCases.BoundryValuesTest@553f17c]" name="startBrowser" is-config="true" duration-ms="11427" started-at="2019-08-16T16:15:55Z" finished-at="2019-08-16T16:16:07Z">
          <reporter-output>
          </reporter-output>
        </test-method> <!-- startBrowser -->
        <test-method status="PASS" signature="FqSecondAnswerGameBvMult5()[pri:0, instance:com.triviagame.TestCases.BoundryValuesTest@553f17c]" name="FqSecondAnswerGameBvMult5" duration-ms="819" started-at="2019-08-16T16:16:07Z" finished-at="2019-08-16T16:16:08Z">
          <reporter-output>
          </reporter-output>
        </test-method> <!-- FqSecondAnswerGameBvMult5 -->
        <test-method status="PASS" signature="afretAllTest()[pri:0, instance:com.triviagame.TestCases.BoundryValuesTest@553f17c]" name="afretAllTest" is-config="true" duration-ms="665" started-at="2019-08-16T16:16:08Z" finished-at="2019-08-16T16:16:08Z">
          <reporter-output>
          </reporter-output>
        </test-method> <!-- afretAllTest -->
        <test-method status="PASS" signature="startBrowser()[pri:0, instance:com.triviagame.TestCases.BoundryValuesTest@553f17c]" name="startBrowser" is-config="true" duration-ms="11942" started-at="2019-08-16T16:16:08Z" finished-at="2019-08-16T16:16:20Z">
          <reporter-output>
          </reporter-output>
        </test-method> <!-- startBrowser -->
        <test-method status="PASS" signature="FqThirdAnswerGameBvMult10()[pri:0, instance:com.triviagame.TestCases.BoundryValuesTest@553f17c]" name="FqThirdAnswerGameBvMult10" duration-ms="834" started-at="2019-08-16T16:16:20Z" finished-at="2019-08-16T16:16:21Z">
          <reporter-output>
          </reporter-output>
        </test-method> <!-- FqThirdAnswerGameBvMult10 -->
        <test-method status="PASS" signature="afretAllTest()[pri:0, instance:com.triviagame.TestCases.BoundryValuesTest@553f17c]" name="afretAllTest" is-config="true" duration-ms="636" started-at="2019-08-16T16:16:21Z" finished-at="2019-08-16T16:16:22Z">
          <reporter-output>
          </reporter-output>
        </test-method> <!-- afretAllTest -->
        <test-method status="PASS" signature="startBrowser()[pri:0, instance:com.triviagame.TestCases.BoundryValuesTest@553f17c]" name="startBrowser" is-config="true" duration-ms="12631" started-at="2019-08-16T16:16:22Z" finished-at="2019-08-16T16:16:34Z">
          <reporter-output>
          </reporter-output>
        </test-method> <!-- startBrowser -->
        <test-method status="PASS" signature="FqThirdAnswerGameBvMult20()[pri:0, instance:com.triviagame.TestCases.BoundryValuesTest@553f17c]" name="FqThirdAnswerGameBvMult20" duration-ms="824" started-at="2019-08-16T16:16:34Z" finished-at="2019-08-16T16:16:35Z">
          <reporter-output>
          </reporter-output>
        </test-method> <!-- FqThirdAnswerGameBvMult20 -->
        <test-method status="PASS" signature="afretAllTest()[pri:0, instance:com.triviagame.TestCases.BoundryValuesTest@553f17c]" name="afretAllTest" is-config="true" duration-ms="662" started-at="2019-08-16T16:16:35Z" finished-at="2019-08-16T16:16:36Z">
          <reporter-output>
          </reporter-output>
        </test-method> <!-- afretAllTest -->
        <test-method status="PASS" signature="startBrowser()[pri:0, instance:com.triviagame.TestCases.BoundryValuesTest@553f17c]" name="startBrowser" is-config="true" duration-ms="11502" started-at="2019-08-16T16:16:36Z" finished-at="2019-08-16T16:16:47Z">
          <reporter-output>
          </reporter-output>
        </test-method> <!-- startBrowser -->
        <test-method status="FAIL" signature="FqThirdAnswerGameBvMult40()[pri:0, instance:com.triviagame.TestCases.BoundryValuesTest@553f17c]" name="FqThirdAnswerGameBvMult40" duration-ms="889" started-at="2019-08-16T16:16:47Z" finished-at="2019-08-16T16:16:48Z">
          <exception class="org.openqa.selenium.UnhandledAlertException">
            <message>
              <![CDATA[unexpected alert open: {Alert text : To many charest in answer number - 3}
  (Session info: chrome=76.0.3809.100): To many charest in answer number - 3
Build info: version: '3.141.59', revision: 'e82be7d358', time: '2018-11-14T08:17:03'
System info: host: 'DESKTOP-O2DK7QJ', ip: '192.168.1.109', os.name: 'Windows 10', os.arch: 'amd64', os.version: '10.0', java.version: '1.8.0_211'
Driver info: org.openqa.selenium.chrome.ChromeDriver
Capabilities {acceptInsecureCerts: false, browserName: chrome, browserVersion: 76.0.3809.100, chrome: {chromedriverVersion: 76.0.3809.68 (420c9498db8ce..., userDataDir: C:\Users\kc909\AppData\Loca...}, goog:chromeOptions: {debuggerAddress: localhost:63330}, javascriptEnabled: true, networkConnectionEnabled: false, pageLoadStrategy: normal, platform: XP, platformName: XP, proxy: Proxy(), setWindowRect: true, strictFileInteractability: false, timeouts: {implicit: 0, pageLoad: 300000, script: 30000}, unhandledPromptBehavior: dismiss and notify}
Session ID: 0e94bd3e227c2a8b8f2728336a5b4083]]>
            </message>
            <full-stacktrace>
              <![CDATA[org.openqa.selenium.UnhandledAlertException: unexpected alert open: {Alert text : To many charest in answer number - 3}
  (Session info: chrome=76.0.3809.100): To many charest in answer number - 3
Build info: version: '3.141.59', revision: 'e82be7d358', time: '2018-11-14T08:17:03'
System info: host: 'DESKTOP-O2DK7QJ', ip: '192.168.1.109', os.name: 'Windows 10', os.arch: 'amd64', os.version: '10.0', java.version: '1.8.0_211'
Driver info: org.openqa.selenium.chrome.ChromeDriver
Capabilities {acceptInsecureCerts: false, browserName: chrome, browserVersion: 76.0.3809.100, chrome: {chromedriverVersion: 76.0.3809.68 (420c9498db8ce..., userDataDir: C:\Users\kc909\AppData\Loca...}, goog:chromeOptions: {debuggerAddress: localhost:63330}, javascriptEnabled: true, networkConnectionEnabled: false, pageLoadStrategy: normal, platform: XP, platformName: XP, proxy: Proxy(), setWindowRect: true, strictFileInteractability: false, timeouts: {implicit: 0, pageLoad: 300000, script: 30000}, unhandledPromptBehavior: dismiss and notify}
Session ID: 0e94bd3e227c2a8b8f2728336a5b4083
at org.openqa.selenium.remote.http.W3CHttpResponseCodec.decode(W3CHttpResponseCodec.java:120)
at org.openqa.selenium.remote.http.W3CHttpResponseCodec.decode(W3CHttpResponseCodec.java:49)
at org.openqa.selenium.remote.HttpCommandExecutor.execute(HttpCommandExecutor.java:158)
at org.openqa.selenium.remote.service.DriverCommandExecutor.execute(DriverCommandExecutor.java:83)
at org.openqa.selenium.remote.RemoteWebDriver.execute(RemoteWebDriver.java:552)
at org.openqa.selenium.remote.RemoteWebDriver.execute(RemoteWebDriver.java:609)
at org.openqa.selenium.remote.RemoteWebDriver.getPageSource(RemoteWebDriver.java:438)
at com.triviagame.TestCases.BoundryValuesTest.FqThirdAnswerGameBvMult40(BoundryValuesTest.java:1396)
at sun.reflect.NativeMethodAccessorImpl.invoke0(Native Method)
at sun.reflect.NativeMethodAccessorImpl.invoke(NativeMethodAccessorImpl.java:62)
at sun.reflect.DelegatingMethodAccessorImpl.invoke(DelegatingMethodAccessorImpl.java:43)
at java.lang.reflect.Method.invoke(Method.java:498)
at org.testng.internal.MethodInvocationHelper.invokeMethod(MethodInvocationHelper.java:124)
at org.testng.internal.Invoker.invokeMethod(Invoker.java:583)
at org.testng.internal.Invoker.invokeTestMethod(Invoker.java:719)
at org.testng.internal.Invoker.invokeTestMethods(Invoker.java:989)
at org.testng.internal.TestMethodWorker.invokeTestMethods(TestMethodWorker.java:125)
at org.testng.internal.TestMethodWorker.run(TestMethodWorker.java:109)
at org.testng.TestRunner.privateRun(TestRunner.java:648)
at org.testng.TestRunner.run(TestRunner.java:505)
at org.testng.SuiteRunner.runTest(SuiteRunner.java:455)
at org.testng.SuiteRunner.runSequentially(SuiteRunner.java:450)
at org.testng.SuiteRunner.privateRun(SuiteRunner.java:415)
at org.testng.SuiteRunner.run(SuiteRunner.java:364)
at org.testng.SuiteRunnerWorker.runSuite(SuiteRunnerWorker.java:52)
at org.testng.SuiteRunnerWorker.run(SuiteRunnerWorker.java:84)
at org.testng.TestNG.runSuitesSequentially(TestNG.java:1208)
at org.testng.TestNG.runSuitesLocally(TestNG.java:1137)
at org.testng.TestNG.runSuites(TestNG.java:1049)
at org.testng.TestNG.run(TestNG.java:1017)
at org.testng.remote.AbstractRemoteTestNG.run(AbstractRemoteTestNG.java:115)
at org.testng.remote.RemoteTestNG.initAndRun(RemoteTestNG.java:251)
at org.testng.remote.RemoteTestNG.main(RemoteTestNG.java:77)
]]>
            </full-stacktrace>
          </exception> <!-- org.openqa.selenium.UnhandledAlertException -->
          <reporter-output>
          </reporter-output>
        </test-method> <!-- FqThirdAnswerGameBvMult40 -->
        <test-method status="PASS" signature="afretAllTest()[pri:0, instance:com.triviagame.TestCases.BoundryValuesTest@553f17c]" name="afretAllTest" is-config="true" duration-ms="624" started-at="2019-08-16T16:16:48Z" finished-at="2019-08-16T16:16:49Z">
          <reporter-output>
          </reporter-output>
        </test-method> <!-- afretAllTest -->
        <test-method status="PASS" signature="startBrowser()[pri:0, instance:com.triviagame.TestCases.BoundryValuesTest@553f17c]" name="startBrowser" is-config="true" duration-ms="11405" started-at="2019-08-16T16:16:49Z" finished-at="2019-08-16T16:17:00Z">
          <reporter-output>
          </reporter-output>
        </test-method> <!-- startBrowser -->
        <test-method status="PASS" signature="FqThirdAnswerGameBvMult5()[pri:0, instance:com.triviagame.TestCases.BoundryValuesTest@553f17c]" name="FqThirdAnswerGameBvMult5" duration-ms="784" started-at="2019-08-16T16:17:00Z" finished-at="2019-08-16T16:17:01Z">
          <reporter-output>
          </reporter-output>
        </test-method> <!-- FqThirdAnswerGameBvMult5 -->
        <test-method status="PASS" signature="afretAllTest()[pri:0, instance:com.triviagame.TestCases.BoundryValuesTest@553f17c]" name="afretAllTest" is-config="true" duration-ms="640" started-at="2019-08-16T16:17:01Z" finished-at="2019-08-16T16:17:02Z">
          <reporter-output>
          </reporter-output>
        </test-method> <!-- afretAllTest -->
        <test-method status="PASS" signature="startBrowser()[pri:0, instance:com.triviagame.TestCases.BoundryValuesTest@553f17c]" name="startBrowser" is-config="true" duration-ms="11274" started-at="2019-08-16T16:17:02Z" finished-at="2019-08-16T16:17:13Z">
          <reporter-output>
          </reporter-output>
        </test-method> <!-- startBrowser -->
        <test-method status="PASS" signature="SqFirstAnswerGameBvMult10()[pri:0, instance:com.triviagame.TestCases.BoundryValuesTest@553f17c]" name="SqFirstAnswerGameBvMult10" duration-ms="1132" started-at="2019-08-16T16:17:13Z" finished-at="2019-08-16T16:17:14Z">
          <reporter-output>
          </reporter-output>
        </test-method> <!-- SqFirstAnswerGameBvMult10 -->
        <test-method status="PASS" signature="afretAllTest()[pri:0, instance:com.triviagame.TestCases.BoundryValuesTest@553f17c]" name="afretAllTest" is-config="true" duration-ms="640" started-at="2019-08-16T16:17:14Z" finished-at="2019-08-16T16:17:15Z">
          <reporter-output>
          </reporter-output>
        </test-method> <!-- afretAllTest -->
        <test-method status="PASS" signature="startBrowser()[pri:0, instance:com.triviagame.TestCases.BoundryValuesTest@553f17c]" name="startBrowser" is-config="true" duration-ms="11461" started-at="2019-08-16T16:17:15Z" finished-at="2019-08-16T16:17:26Z">
          <reporter-output>
          </reporter-output>
        </test-method> <!-- startBrowser -->
        <test-method status="PASS" signature="SqFirstAnswerGameBvMult20()[pri:0, instance:com.triviagame.TestCases.BoundryValuesTest@553f17c]" name="SqFirstAnswerGameBvMult20" duration-ms="1252" started-at="2019-08-16T16:17:26Z" finished-at="2019-08-16T16:17:27Z">
          <reporter-output>
          </reporter-output>
        </test-method> <!-- SqFirstAnswerGameBvMult20 -->
        <test-method status="PASS" signature="afretAllTest()[pri:0, instance:com.triviagame.TestCases.BoundryValuesTest@553f17c]" name="afretAllTest" is-config="true" duration-ms="639" started-at="2019-08-16T16:17:27Z" finished-at="2019-08-16T16:17:28Z">
          <reporter-output>
          </reporter-output>
        </test-method> <!-- afretAllTest -->
        <test-method status="PASS" signature="startBrowser()[pri:0, instance:com.triviagame.TestCases.BoundryValuesTest@553f17c]" name="startBrowser" is-config="true" duration-ms="11662" started-at="2019-08-16T16:17:28Z" finished-at="2019-08-16T16:17:40Z">
          <reporter-output>
          </reporter-output>
        </test-method> <!-- startBrowser -->
        <test-method status="FAIL" signature="SqFirstAnswerGameBvMult40()[pri:0, instance:com.triviagame.TestCases.BoundryValuesTest@553f17c]" name="SqFirstAnswerGameBvMult40" duration-ms="1268" started-at="2019-08-16T16:17:40Z" finished-at="2019-08-16T16:17:41Z">
          <exception class="org.openqa.selenium.UnhandledAlertException">
            <message>
              <![CDATA[unexpected alert open: {Alert text : To many charest in answer number - 1}
  (Session info: chrome=76.0.3809.100): To many charest in answer number - 1
Build info: version: '3.141.59', revision: 'e82be7d358', time: '2018-11-14T08:17:03'
System info: host: 'DESKTOP-O2DK7QJ', ip: '192.168.1.109', os.name: 'Windows 10', os.arch: 'amd64', os.version: '10.0', java.version: '1.8.0_211'
Driver info: org.openqa.selenium.chrome.ChromeDriver
Capabilities {acceptInsecureCerts: false, browserName: chrome, browserVersion: 76.0.3809.100, chrome: {chromedriverVersion: 76.0.3809.68 (420c9498db8ce..., userDataDir: C:\Users\kc909\AppData\Loca...}, goog:chromeOptions: {debuggerAddress: localhost:63424}, javascriptEnabled: true, networkConnectionEnabled: false, pageLoadStrategy: normal, platform: XP, platformName: XP, proxy: Proxy(), setWindowRect: true, strictFileInteractability: false, timeouts: {implicit: 0, pageLoad: 300000, script: 30000}, unhandledPromptBehavior: dismiss and notify}
Session ID: 92356a1b1c1281913e41251587eeda3b]]>
            </message>
            <full-stacktrace>
              <![CDATA[org.openqa.selenium.UnhandledAlertException: unexpected alert open: {Alert text : To many charest in answer number - 1}
  (Session info: chrome=76.0.3809.100): To many charest in answer number - 1
Build info: version: '3.141.59', revision: 'e82be7d358', time: '2018-11-14T08:17:03'
System info: host: 'DESKTOP-O2DK7QJ', ip: '192.168.1.109', os.name: 'Windows 10', os.arch: 'amd64', os.version: '10.0', java.version: '1.8.0_211'
Driver info: org.openqa.selenium.chrome.ChromeDriver
Capabilities {acceptInsecureCerts: false, browserName: chrome, browserVersion: 76.0.3809.100, chrome: {chromedriverVersion: 76.0.3809.68 (420c9498db8ce..., userDataDir: C:\Users\kc909\AppData\Loca...}, goog:chromeOptions: {debuggerAddress: localhost:63424}, javascriptEnabled: true, networkConnectionEnabled: false, pageLoadStrategy: normal, platform: XP, platformName: XP, proxy: Proxy(), setWindowRect: true, strictFileInteractability: false, timeouts: {implicit: 0, pageLoad: 300000, script: 30000}, unhandledPromptBehavior: dismiss and notify}
Session ID: 92356a1b1c1281913e41251587eeda3b
at org.openqa.selenium.remote.http.W3CHttpResponseCodec.decode(W3CHttpResponseCodec.java:120)
at org.openqa.selenium.remote.http.W3CHttpResponseCodec.decode(W3CHttpResponseCodec.java:49)
at org.openqa.selenium.remote.HttpCommandExecutor.execute(HttpCommandExecutor.java:158)
at org.openqa.selenium.remote.service.DriverCommandExecutor.execute(DriverCommandExecutor.java:83)
at org.openqa.selenium.remote.RemoteWebDriver.execute(RemoteWebDriver.java:552)
at org.openqa.selenium.remote.RemoteWebDriver.execute(RemoteWebDriver.java:609)
at org.openqa.selenium.remote.RemoteWebDriver.getPageSource(RemoteWebDriver.java:438)
at com.triviagame.TestCases.BoundryValuesTest.SqFirstAnswerGameBvMult40(BoundryValuesTest.java:1472)
at sun.reflect.NativeMethodAccessorImpl.invoke0(Native Method)
at sun.reflect.NativeMethodAccessorImpl.invoke(NativeMethodAccessorImpl.java:62)
at sun.reflect.DelegatingMethodAccessorImpl.invoke(DelegatingMethodAccessorImpl.java:43)
at java.lang.reflect.Method.invoke(Method.java:498)
at org.testng.internal.MethodInvocationHelper.invokeMethod(MethodInvocationHelper.java:124)
at org.testng.internal.Invoker.invokeMethod(Invoker.java:583)
at org.testng.internal.Invoker.invokeTestMethod(Invoker.java:719)
at org.testng.internal.Invoker.invokeTestMethods(Invoker.java:989)
at org.testng.internal.TestMethodWorker.invokeTestMethods(TestMethodWorker.java:125)
at org.testng.internal.TestMethodWorker.run(TestMethodWorker.java:109)
at org.testng.TestRunner.privateRun(TestRunner.java:648)
at org.testng.TestRunner.run(TestRunner.java:505)
at org.testng.SuiteRunner.runTest(SuiteRunner.java:455)
at org.testng.SuiteRunner.runSequentially(SuiteRunner.java:450)
at org.testng.SuiteRunner.privateRun(SuiteRunner.java:415)
at org.testng.SuiteRunner.run(SuiteRunner.java:364)
at org.testng.SuiteRunnerWorker.runSuite(SuiteRunnerWorker.java:52)
at org.testng.SuiteRunnerWorker.run(SuiteRunnerWorker.java:84)
at org.testng.TestNG.runSuitesSequentially(TestNG.java:1208)
at org.testng.TestNG.runSuitesLocally(TestNG.java:1137)
at org.testng.TestNG.runSuites(TestNG.java:1049)
at org.testng.TestNG.run(TestNG.java:1017)
at org.testng.remote.AbstractRemoteTestNG.run(AbstractRemoteTestNG.java:115)
at org.testng.remote.RemoteTestNG.initAndRun(RemoteTestNG.java:251)
at org.testng.remote.RemoteTestNG.main(RemoteTestNG.java:77)
]]>
            </full-stacktrace>
          </exception> <!-- org.openqa.selenium.UnhandledAlertException -->
          <reporter-output>
          </reporter-output>
        </test-method> <!-- SqFirstAnswerGameBvMult40 -->
        <test-method status="PASS" signature="afretAllTest()[pri:0, instance:com.triviagame.TestCases.BoundryValuesTest@553f17c]" name="afretAllTest" is-config="true" duration-ms="631" started-at="2019-08-16T16:17:41Z" finished-at="2019-08-16T16:17:42Z">
          <reporter-output>
          </reporter-output>
        </test-method> <!-- afretAllTest -->
        <test-method status="PASS" signature="startBrowser()[pri:0, instance:com.triviagame.TestCases.BoundryValuesTest@553f17c]" name="startBrowser" is-config="true" duration-ms="11341" started-at="2019-08-16T16:17:42Z" finished-at="2019-08-16T16:17:53Z">
          <reporter-output>
          </reporter-output>
        </test-method> <!-- startBrowser -->
        <test-method status="PASS" signature="SqFirstAnswerGameBvMult5()[pri:0, instance:com.triviagame.TestCases.BoundryValuesTest@553f17c]" name="SqFirstAnswerGameBvMult5" duration-ms="1124" started-at="2019-08-16T16:17:53Z" finished-at="2019-08-16T16:17:54Z">
          <reporter-output>
          </reporter-output>
        </test-method> <!-- SqFirstAnswerGameBvMult5 -->
        <test-method status="PASS" signature="afretAllTest()[pri:0, instance:com.triviagame.TestCases.BoundryValuesTest@553f17c]" name="afretAllTest" is-config="true" duration-ms="635" started-at="2019-08-16T16:17:54Z" finished-at="2019-08-16T16:17:55Z">
          <reporter-output>
          </reporter-output>
        </test-method> <!-- afretAllTest -->
        <test-method status="PASS" signature="startBrowser()[pri:0, instance:com.triviagame.TestCases.BoundryValuesTest@553f17c]" name="startBrowser" is-config="true" duration-ms="11382" started-at="2019-08-16T16:17:55Z" finished-at="2019-08-16T16:18:06Z">
          <reporter-output>
          </reporter-output>
        </test-method> <!-- startBrowser -->
        <test-method status="PASS" signature="SqForthAnswerGameBvMult10()[pri:0, instance:com.triviagame.TestCases.BoundryValuesTest@553f17c]" name="SqForthAnswerGameBvMult10" duration-ms="1164" started-at="2019-08-16T16:18:06Z" finished-at="2019-08-16T16:18:07Z">
          <reporter-output>
          </reporter-output>
        </test-method> <!-- SqForthAnswerGameBvMult10 -->
        <test-method status="PASS" signature="afretAllTest()[pri:0, instance:com.triviagame.TestCases.BoundryValuesTest@553f17c]" name="afretAllTest" is-config="true" duration-ms="652" started-at="2019-08-16T16:18:07Z" finished-at="2019-08-16T16:18:08Z">
          <reporter-output>
          </reporter-output>
        </test-method> <!-- afretAllTest -->
        <test-method status="PASS" signature="startBrowser()[pri:0, instance:com.triviagame.TestCases.BoundryValuesTest@553f17c]" name="startBrowser" is-config="true" duration-ms="11501" started-at="2019-08-16T16:18:08Z" finished-at="2019-08-16T16:18:19Z">
          <reporter-output>
          </reporter-output>
        </test-method> <!-- startBrowser -->
        <test-method status="PASS" signature="SqForthAnswerGameBvMult20()[pri:0, instance:com.triviagame.TestCases.BoundryValuesTest@553f17c]" name="SqForthAnswerGameBvMult20" duration-ms="1283" started-at="2019-08-16T16:18:19Z" finished-at="2019-08-16T16:18:21Z">
          <reporter-output>
          </reporter-output>
        </test-method> <!-- SqForthAnswerGameBvMult20 -->
        <test-method status="PASS" signature="afretAllTest()[pri:0, instance:com.triviagame.TestCases.BoundryValuesTest@553f17c]" name="afretAllTest" is-config="true" duration-ms="638" started-at="2019-08-16T16:18:21Z" finished-at="2019-08-16T16:18:21Z">
          <reporter-output>
          </reporter-output>
        </test-method> <!-- afretAllTest -->
        <test-method status="PASS" signature="startBrowser()[pri:0, instance:com.triviagame.TestCases.BoundryValuesTest@553f17c]" name="startBrowser" is-config="true" duration-ms="12032" started-at="2019-08-16T16:18:21Z" finished-at="2019-08-16T16:18:33Z">
          <reporter-output>
          </reporter-output>
        </test-method> <!-- startBrowser -->
        <test-method status="FAIL" signature="SqForthAnswerGameBvMult40()[pri:0, instance:com.triviagame.TestCases.BoundryValuesTest@553f17c]" name="SqForthAnswerGameBvMult40" duration-ms="1249" started-at="2019-08-16T16:18:33Z" finished-at="2019-08-16T16:18:35Z">
          <exception class="org.openqa.selenium.UnhandledAlertException">
            <message>
              <![CDATA[unexpected alert open: {Alert text : To many charest in answer number - 4}
  (Session info: chrome=76.0.3809.100): To many charest in answer number - 4
Build info: version: '3.141.59', revision: 'e82be7d358', time: '2018-11-14T08:17:03'
System info: host: 'DESKTOP-O2DK7QJ', ip: '192.168.1.109', os.name: 'Windows 10', os.arch: 'amd64', os.version: '10.0', java.version: '1.8.0_211'
Driver info: org.openqa.selenium.chrome.ChromeDriver
Capabilities {acceptInsecureCerts: false, browserName: chrome, browserVersion: 76.0.3809.100, chrome: {chromedriverVersion: 76.0.3809.68 (420c9498db8ce..., userDataDir: C:\Users\kc909\AppData\Loca...}, goog:chromeOptions: {debuggerAddress: localhost:63521}, javascriptEnabled: true, networkConnectionEnabled: false, pageLoadStrategy: normal, platform: XP, platformName: XP, proxy: Proxy(), setWindowRect: true, strictFileInteractability: false, timeouts: {implicit: 0, pageLoad: 300000, script: 30000}, unhandledPromptBehavior: dismiss and notify}
Session ID: 816ed9a0370bdf18938887bb2c175f45]]>
            </message>
            <full-stacktrace>
              <![CDATA[org.openqa.selenium.UnhandledAlertException: unexpected alert open: {Alert text : To many charest in answer number - 4}
  (Session info: chrome=76.0.3809.100): To many charest in answer number - 4
Build info: version: '3.141.59', revision: 'e82be7d358', time: '2018-11-14T08:17:03'
System info: host: 'DESKTOP-O2DK7QJ', ip: '192.168.1.109', os.name: 'Windows 10', os.arch: 'amd64', os.version: '10.0', java.version: '1.8.0_211'
Driver info: org.openqa.selenium.chrome.ChromeDriver
Capabilities {acceptInsecureCerts: false, browserName: chrome, browserVersion: 76.0.3809.100, chrome: {chromedriverVersion: 76.0.3809.68 (420c9498db8ce..., userDataDir: C:\Users\kc909\AppData\Loca...}, goog:chromeOptions: {debuggerAddress: localhost:63521}, javascriptEnabled: true, networkConnectionEnabled: false, pageLoadStrategy: normal, platform: XP, platformName: XP, proxy: Proxy(), setWindowRect: true, strictFileInteractability: false, timeouts: {implicit: 0, pageLoad: 300000, script: 30000}, unhandledPromptBehavior: dismiss and notify}
Session ID: 816ed9a0370bdf18938887bb2c175f45
at org.openqa.selenium.remote.http.W3CHttpResponseCodec.decode(W3CHttpResponseCodec.java:120)
at org.openqa.selenium.remote.http.W3CHttpResponseCodec.decode(W3CHttpResponseCodec.java:49)
at org.openqa.selenium.remote.HttpCommandExecutor.execute(HttpCommandExecutor.java:158)
at org.openqa.selenium.remote.service.DriverCommandExecutor.execute(DriverCommandExecutor.java:83)
at org.openqa.selenium.remote.RemoteWebDriver.execute(RemoteWebDriver.java:552)
at org.openqa.selenium.remote.RemoteWebDriver.execute(RemoteWebDriver.java:609)
at org.openqa.selenium.remote.RemoteWebDriver.getPageSource(RemoteWebDriver.java:438)
at com.triviagame.TestCases.BoundryValuesTest.SqForthAnswerGameBvMult40(BoundryValuesTest.java:1556)
at sun.reflect.NativeMethodAccessorImpl.invoke0(Native Method)
at sun.reflect.NativeMethodAccessorImpl.invoke(NativeMethodAccessorImpl.java:62)
at sun.reflect.DelegatingMethodAccessorImpl.invoke(DelegatingMethodAccessorImpl.java:43)
at java.lang.reflect.Method.invoke(Method.java:498)
at org.testng.internal.MethodInvocationHelper.invokeMethod(MethodInvocationHelper.java:124)
at org.testng.internal.Invoker.invokeMethod(Invoker.java:583)
at org.testng.internal.Invoker.invokeTestMethod(Invoker.java:719)
at org.testng.internal.Invoker.invokeTestMethods(Invoker.java:989)
at org.testng.internal.TestMethodWorker.invokeTestMethods(TestMethodWorker.java:125)
at org.testng.internal.TestMethodWorker.run(TestMethodWorker.java:109)
at org.testng.TestRunner.privateRun(TestRunner.java:648)
at org.testng.TestRunner.run(TestRunner.java:505)
at org.testng.SuiteRunner.runTest(SuiteRunner.java:455)
at org.testng.SuiteRunner.runSequentially(SuiteRunner.java:450)
at org.testng.SuiteRunner.privateRun(SuiteRunner.java:415)
at org.testng.SuiteRunner.run(SuiteRunner.java:364)
at org.testng.SuiteRunnerWorker.runSuite(SuiteRunnerWorker.java:52)
at org.testng.SuiteRunnerWorker.run(SuiteRunnerWorker.java:84)
at org.testng.TestNG.runSuitesSequentially(TestNG.java:1208)
at org.testng.TestNG.runSuitesLocally(TestNG.java:1137)
at org.testng.TestNG.runSuites(TestNG.java:1049)
at org.testng.TestNG.run(TestNG.java:1017)
at org.testng.remote.AbstractRemoteTestNG.run(AbstractRemoteTestNG.java:115)
at org.testng.remote.RemoteTestNG.initAndRun(RemoteTestNG.java:251)
at org.testng.remote.RemoteTestNG.main(RemoteTestNG.java:77)
]]>
            </full-stacktrace>
          </exception> <!-- org.openqa.selenium.UnhandledAlertException -->
          <reporter-output>
          </reporter-output>
        </test-method> <!-- SqForthAnswerGameBvMult40 -->
        <test-method status="PASS" signature="afretAllTest()[pri:0, instance:com.triviagame.TestCases.BoundryValuesTest@553f17c]" name="afretAllTest" is-config="true" duration-ms="638" started-at="2019-08-16T16:18:35Z" finished-at="2019-08-16T16:18:35Z">
          <reporter-output>
          </reporter-output>
        </test-method> <!-- afretAllTest -->
        <test-method status="PASS" signature="startBrowser()[pri:0, instance:com.triviagame.TestCases.BoundryValuesTest@553f17c]" name="startBrowser" is-config="true" duration-ms="11895" started-at="2019-08-16T16:18:35Z" finished-at="2019-08-16T16:18:47Z">
          <reporter-output>
          </reporter-output>
        </test-method> <!-- startBrowser -->
        <test-method status="PASS" signature="SqForthAnswerGameBvMult5()[pri:0, instance:com.triviagame.TestCases.BoundryValuesTest@553f17c]" name="SqForthAnswerGameBvMult5" duration-ms="1149" started-at="2019-08-16T16:18:47Z" finished-at="2019-08-16T16:18:48Z">
          <reporter-output>
          </reporter-output>
        </test-method> <!-- SqForthAnswerGameBvMult5 -->
        <test-method status="PASS" signature="afretAllTest()[pri:0, instance:com.triviagame.TestCases.BoundryValuesTest@553f17c]" name="afretAllTest" is-config="true" duration-ms="642" started-at="2019-08-16T16:18:48Z" finished-at="2019-08-16T16:18:49Z">
          <reporter-output>
          </reporter-output>
        </test-method> <!-- afretAllTest -->
        <test-method status="PASS" signature="startBrowser()[pri:0, instance:com.triviagame.TestCases.BoundryValuesTest@553f17c]" name="startBrowser" is-config="true" duration-ms="11259" started-at="2019-08-16T16:18:49Z" finished-at="2019-08-16T16:19:00Z">
          <reporter-output>
          </reporter-output>
        </test-method> <!-- startBrowser -->
        <test-method status="PASS" signature="SqSecondAnswerGameBvMult10()[pri:0, instance:com.triviagame.TestCases.BoundryValuesTest@553f17c]" name="SqSecondAnswerGameBvMult10" duration-ms="1157" started-at="2019-08-16T16:19:00Z" finished-at="2019-08-16T16:19:01Z">
          <reporter-output>
          </reporter-output>
        </test-method> <!-- SqSecondAnswerGameBvMult10 -->
        <test-method status="PASS" signature="afretAllTest()[pri:0, instance:com.triviagame.TestCases.BoundryValuesTest@553f17c]" name="afretAllTest" is-config="true" duration-ms="635" started-at="2019-08-16T16:19:01Z" finished-at="2019-08-16T16:19:02Z">
          <reporter-output>
          </reporter-output>
        </test-method> <!-- afretAllTest -->
        <test-method status="PASS" signature="startBrowser()[pri:0, instance:com.triviagame.TestCases.BoundryValuesTest@553f17c]" name="startBrowser" is-config="true" duration-ms="11425" started-at="2019-08-16T16:19:02Z" finished-at="2019-08-16T16:19:13Z">
          <reporter-output>
          </reporter-output>
        </test-method> <!-- startBrowser -->
        <test-method status="PASS" signature="SqSecondAnswerGameBvMult20()[pri:0, instance:com.triviagame.TestCases.BoundryValuesTest@553f17c]" name="SqSecondAnswerGameBvMult20" duration-ms="1265" started-at="2019-08-16T16:19:13Z" finished-at="2019-08-16T16:19:15Z">
          <reporter-output>
          </reporter-output>
        </test-method> <!-- SqSecondAnswerGameBvMult20 -->
        <test-method status="PASS" signature="afretAllTest()[pri:0, instance:com.triviagame.TestCases.BoundryValuesTest@553f17c]" name="afretAllTest" is-config="true" duration-ms="635" started-at="2019-08-16T16:19:15Z" finished-at="2019-08-16T16:19:15Z">
          <reporter-output>
          </reporter-output>
        </test-method> <!-- afretAllTest -->
        <test-method status="PASS" signature="startBrowser()[pri:0, instance:com.triviagame.TestCases.BoundryValuesTest@553f17c]" name="startBrowser" is-config="true" duration-ms="11543" started-at="2019-08-16T16:19:15Z" finished-at="2019-08-16T16:19:27Z">
          <reporter-output>
          </reporter-output>
        </test-method> <!-- startBrowser -->
        <test-method status="FAIL" signature="SqSecondAnswerGameBvMult40()[pri:0, instance:com.triviagame.TestCases.BoundryValuesTest@553f17c]" name="SqSecondAnswerGameBvMult40" duration-ms="1275" started-at="2019-08-16T16:19:27Z" finished-at="2019-08-16T16:19:28Z">
          <exception class="org.openqa.selenium.UnhandledAlertException">
            <message>
              <![CDATA[unexpected alert open: {Alert text : To many charest in answer number - 2}
  (Session info: chrome=76.0.3809.100): To many charest in answer number - 2
Build info: version: '3.141.59', revision: 'e82be7d358', time: '2018-11-14T08:17:03'
System info: host: 'DESKTOP-O2DK7QJ', ip: '192.168.1.109', os.name: 'Windows 10', os.arch: 'amd64', os.version: '10.0', java.version: '1.8.0_211'
Driver info: org.openqa.selenium.chrome.ChromeDriver
Capabilities {acceptInsecureCerts: false, browserName: chrome, browserVersion: 76.0.3809.100, chrome: {chromedriverVersion: 76.0.3809.68 (420c9498db8ce..., userDataDir: C:\Users\kc909\AppData\Loca...}, goog:chromeOptions: {debuggerAddress: localhost:63618}, javascriptEnabled: true, networkConnectionEnabled: false, pageLoadStrategy: normal, platform: XP, platformName: XP, proxy: Proxy(), setWindowRect: true, strictFileInteractability: false, timeouts: {implicit: 0, pageLoad: 300000, script: 30000}, unhandledPromptBehavior: dismiss and notify}
Session ID: 8c795ab61a70a85354102c3efba439ac]]>
            </message>
            <full-stacktrace>
              <![CDATA[org.openqa.selenium.UnhandledAlertException: unexpected alert open: {Alert text : To many charest in answer number - 2}
  (Session info: chrome=76.0.3809.100): To many charest in answer number - 2
Build info: version: '3.141.59', revision: 'e82be7d358', time: '2018-11-14T08:17:03'
System info: host: 'DESKTOP-O2DK7QJ', ip: '192.168.1.109', os.name: 'Windows 10', os.arch: 'amd64', os.version: '10.0', java.version: '1.8.0_211'
Driver info: org.openqa.selenium.chrome.ChromeDriver
Capabilities {acceptInsecureCerts: false, browserName: chrome, browserVersion: 76.0.3809.100, chrome: {chromedriverVersion: 76.0.3809.68 (420c9498db8ce..., userDataDir: C:\Users\kc909\AppData\Loca...}, goog:chromeOptions: {debuggerAddress: localhost:63618}, javascriptEnabled: true, networkConnectionEnabled: false, pageLoadStrategy: normal, platform: XP, platformName: XP, proxy: Proxy(), setWindowRect: true, strictFileInteractability: false, timeouts: {implicit: 0, pageLoad: 300000, script: 30000}, unhandledPromptBehavior: dismiss and notify}
Session ID: 8c795ab61a70a85354102c3efba439ac
at org.openqa.selenium.remote.http.W3CHttpResponseCodec.decode(W3CHttpResponseCodec.java:120)
at org.openqa.selenium.remote.http.W3CHttpResponseCodec.decode(W3CHttpResponseCodec.java:49)
at org.openqa.selenium.remote.HttpCommandExecutor.execute(HttpCommandExecutor.java:158)
at org.openqa.selenium.remote.service.DriverCommandExecutor.execute(DriverCommandExecutor.java:83)
at org.openqa.selenium.remote.RemoteWebDriver.execute(RemoteWebDriver.java:552)
at org.openqa.selenium.remote.RemoteWebDriver.execute(RemoteWebDriver.java:609)
at org.openqa.selenium.remote.RemoteWebDriver.getPageSource(RemoteWebDriver.java:438)
at com.triviagame.TestCases.BoundryValuesTest.SqSecondAnswerGameBvMult40(BoundryValuesTest.java:1500)
at sun.reflect.NativeMethodAccessorImpl.invoke0(Native Method)
at sun.reflect.NativeMethodAccessorImpl.invoke(NativeMethodAccessorImpl.java:62)
at sun.reflect.DelegatingMethodAccessorImpl.invoke(DelegatingMethodAccessorImpl.java:43)
at java.lang.reflect.Method.invoke(Method.java:498)
at org.testng.internal.MethodInvocationHelper.invokeMethod(MethodInvocationHelper.java:124)
at org.testng.internal.Invoker.invokeMethod(Invoker.java:583)
at org.testng.internal.Invoker.invokeTestMethod(Invoker.java:719)
at org.testng.internal.Invoker.invokeTestMethods(Invoker.java:989)
at org.testng.internal.TestMethodWorker.invokeTestMethods(TestMethodWorker.java:125)
at org.testng.internal.TestMethodWorker.run(TestMethodWorker.java:109)
at org.testng.TestRunner.privateRun(TestRunner.java:648)
at org.testng.TestRunner.run(TestRunner.java:505)
at org.testng.SuiteRunner.runTest(SuiteRunner.java:455)
at org.testng.SuiteRunner.runSequentially(SuiteRunner.java:450)
at org.testng.SuiteRunner.privateRun(SuiteRunner.java:415)
at org.testng.SuiteRunner.run(SuiteRunner.java:364)
at org.testng.SuiteRunnerWorker.runSuite(SuiteRunnerWorker.java:52)
at org.testng.SuiteRunnerWorker.run(SuiteRunnerWorker.java:84)
at org.testng.TestNG.runSuitesSequentially(TestNG.java:1208)
at org.testng.TestNG.runSuitesLocally(TestNG.java:1137)
at org.testng.TestNG.runSuites(TestNG.java:1049)
at org.testng.TestNG.run(TestNG.java:1017)
at org.testng.remote.AbstractRemoteTestNG.run(AbstractRemoteTestNG.java:115)
at org.testng.remote.RemoteTestNG.initAndRun(RemoteTestNG.java:251)
at org.testng.remote.RemoteTestNG.main(RemoteTestNG.java:77)
]]>
            </full-stacktrace>
          </exception> <!-- org.openqa.selenium.UnhandledAlertException -->
          <reporter-output>
          </reporter-output>
        </test-method> <!-- SqSecondAnswerGameBvMult40 -->
        <test-method status="PASS" signature="afretAllTest()[pri:0, instance:com.triviagame.TestCases.BoundryValuesTest@553f17c]" name="afretAllTest" is-config="true" duration-ms="628" started-at="2019-08-16T16:19:28Z" finished-at="2019-08-16T16:19:29Z">
          <reporter-output>
          </reporter-output>
        </test-method> <!-- afretAllTest -->
        <test-method status="PASS" signature="startBrowser()[pri:0, instance:com.triviagame.TestCases.BoundryValuesTest@553f17c]" name="startBrowser" is-config="true" duration-ms="12307" started-at="2019-08-16T16:19:29Z" finished-at="2019-08-16T16:19:41Z">
          <reporter-output>
          </reporter-output>
        </test-method> <!-- startBrowser -->
        <test-method status="PASS" signature="SqSecondAnswerGameBvMult5()[pri:0, instance:com.triviagame.TestCases.BoundryValuesTest@553f17c]" name="SqSecondAnswerGameBvMult5" duration-ms="1147" started-at="2019-08-16T16:19:41Z" finished-at="2019-08-16T16:19:42Z">
          <reporter-output>
          </reporter-output>
        </test-method> <!-- SqSecondAnswerGameBvMult5 -->
        <test-method status="PASS" signature="afretAllTest()[pri:0, instance:com.triviagame.TestCases.BoundryValuesTest@553f17c]" name="afretAllTest" is-config="true" duration-ms="678" started-at="2019-08-16T16:19:42Z" finished-at="2019-08-16T16:19:43Z">
          <reporter-output>
          </reporter-output>
        </test-method> <!-- afretAllTest -->
        <test-method status="PASS" signature="startBrowser()[pri:0, instance:com.triviagame.TestCases.BoundryValuesTest@553f17c]" name="startBrowser" is-config="true" duration-ms="11448" started-at="2019-08-16T16:19:43Z" finished-at="2019-08-16T16:19:54Z">
          <reporter-output>
          </reporter-output>
        </test-method> <!-- startBrowser -->
        <test-method status="PASS" signature="SqSecondQuestionGameBvMult10()[pri:0, instance:com.triviagame.TestCases.BoundryValuesTest@553f17c]" name="SqSecondQuestionGameBvMult10" duration-ms="1166" started-at="2019-08-16T16:19:54Z" finished-at="2019-08-16T16:19:56Z">
          <reporter-output>
          </reporter-output>
        </test-method> <!-- SqSecondQuestionGameBvMult10 -->
        <test-method status="PASS" signature="afretAllTest()[pri:0, instance:com.triviagame.TestCases.BoundryValuesTest@553f17c]" name="afretAllTest" is-config="true" duration-ms="637" started-at="2019-08-16T16:19:56Z" finished-at="2019-08-16T16:19:56Z">
          <reporter-output>
          </reporter-output>
        </test-method> <!-- afretAllTest -->
        <test-method status="PASS" signature="startBrowser()[pri:0, instance:com.triviagame.TestCases.BoundryValuesTest@553f17c]" name="startBrowser" is-config="true" duration-ms="11996" started-at="2019-08-16T16:19:56Z" finished-at="2019-08-16T16:20:08Z">
          <reporter-output>
          </reporter-output>
        </test-method> <!-- startBrowser -->
        <test-method status="PASS" signature="SqSecondQuestionGameBvMult20()[pri:0, instance:com.triviagame.TestCases.BoundryValuesTest@553f17c]" name="SqSecondQuestionGameBvMult20" duration-ms="1342" started-at="2019-08-16T16:20:08Z" finished-at="2019-08-16T16:20:10Z">
          <reporter-output>
          </reporter-output>
        </test-method> <!-- SqSecondQuestionGameBvMult20 -->
        <test-method status="PASS" signature="afretAllTest()[pri:0, instance:com.triviagame.TestCases.BoundryValuesTest@553f17c]" name="afretAllTest" is-config="true" duration-ms="644" started-at="2019-08-16T16:20:10Z" finished-at="2019-08-16T16:20:10Z">
          <reporter-output>
          </reporter-output>
        </test-method> <!-- afretAllTest -->
        <test-method status="PASS" signature="startBrowser()[pri:0, instance:com.triviagame.TestCases.BoundryValuesTest@553f17c]" name="startBrowser" is-config="true" duration-ms="11391" started-at="2019-08-16T16:20:10Z" finished-at="2019-08-16T16:20:22Z">
          <reporter-output>
          </reporter-output>
        </test-method> <!-- startBrowser -->
        <test-method status="PASS" signature="SqSecondQuestionGameBvMult40()[pri:0, instance:com.triviagame.TestCases.BoundryValuesTest@553f17c]" name="SqSecondQuestionGameBvMult40" duration-ms="1241" started-at="2019-08-16T16:20:22Z" finished-at="2019-08-16T16:20:23Z">
          <reporter-output>
          </reporter-output>
        </test-method> <!-- SqSecondQuestionGameBvMult40 -->
        <test-method status="PASS" signature="afretAllTest()[pri:0, instance:com.triviagame.TestCases.BoundryValuesTest@553f17c]" name="afretAllTest" is-config="true" duration-ms="642" started-at="2019-08-16T16:20:23Z" finished-at="2019-08-16T16:20:23Z">
          <reporter-output>
          </reporter-output>
        </test-method> <!-- afretAllTest -->
        <test-method status="PASS" signature="startBrowser()[pri:0, instance:com.triviagame.TestCases.BoundryValuesTest@553f17c]" name="startBrowser" is-config="true" duration-ms="11852" started-at="2019-08-16T16:20:23Z" finished-at="2019-08-16T16:20:35Z">
          <reporter-output>
          </reporter-output>
        </test-method> <!-- startBrowser -->
        <test-method status="PASS" signature="SqSecondQuestionGameBvMult5()[pri:0, instance:com.triviagame.TestCases.BoundryValuesTest@553f17c]" name="SqSecondQuestionGameBvMult5" duration-ms="1231" started-at="2019-08-16T16:20:35Z" finished-at="2019-08-16T16:20:37Z">
          <reporter-output>
          </reporter-output>
        </test-method> <!-- SqSecondQuestionGameBvMult5 -->
        <test-method status="PASS" signature="afretAllTest()[pri:0, instance:com.triviagame.TestCases.BoundryValuesTest@553f17c]" name="afretAllTest" is-config="true" duration-ms="650" started-at="2019-08-16T16:20:37Z" finished-at="2019-08-16T16:20:37Z">
          <reporter-output>
          </reporter-output>
        </test-method> <!-- afretAllTest -->
        <test-method status="PASS" signature="startBrowser()[pri:0, instance:com.triviagame.TestCases.BoundryValuesTest@553f17c]" name="startBrowser" is-config="true" duration-ms="11499" started-at="2019-08-16T16:20:37Z" finished-at="2019-08-16T16:20:49Z">
          <reporter-output>
          </reporter-output>
        </test-method> <!-- startBrowser -->
        <test-method status="PASS" signature="SqThirdAnswerGameBvMult10()[pri:0, instance:com.triviagame.TestCases.BoundryValuesTest@553f17c]" name="SqThirdAnswerGameBvMult10" duration-ms="1245" started-at="2019-08-16T16:20:49Z" finished-at="2019-08-16T16:20:50Z">
          <reporter-output>
          </reporter-output>
        </test-method> <!-- SqThirdAnswerGameBvMult10 -->
        <test-method status="PASS" signature="afretAllTest()[pri:0, instance:com.triviagame.TestCases.BoundryValuesTest@553f17c]" name="afretAllTest" is-config="true" duration-ms="644" started-at="2019-08-16T16:20:50Z" finished-at="2019-08-16T16:20:51Z">
          <reporter-output>
          </reporter-output>
        </test-method> <!-- afretAllTest -->
        <test-method status="PASS" signature="startBrowser()[pri:0, instance:com.triviagame.TestCases.BoundryValuesTest@553f17c]" name="startBrowser" is-config="true" duration-ms="11199" started-at="2019-08-16T16:20:51Z" finished-at="2019-08-16T16:21:02Z">
          <reporter-output>
          </reporter-output>
        </test-method> <!-- startBrowser -->
        <test-method status="PASS" signature="SqThirdAnswerGameBvMult20()[pri:0, instance:com.triviagame.TestCases.BoundryValuesTest@553f17c]" name="SqThirdAnswerGameBvMult20" duration-ms="1200" started-at="2019-08-16T16:21:02Z" finished-at="2019-08-16T16:21:03Z">
          <reporter-output>
          </reporter-output>
        </test-method> <!-- SqThirdAnswerGameBvMult20 -->
        <test-method status="PASS" signature="afretAllTest()[pri:0, instance:com.triviagame.TestCases.BoundryValuesTest@553f17c]" name="afretAllTest" is-config="true" duration-ms="653" started-at="2019-08-16T16:21:03Z" finished-at="2019-08-16T16:21:04Z">
          <reporter-output>
          </reporter-output>
        </test-method> <!-- afretAllTest -->
        <test-method status="PASS" signature="startBrowser()[pri:0, instance:com.triviagame.TestCases.BoundryValuesTest@553f17c]" name="startBrowser" is-config="true" duration-ms="11255" started-at="2019-08-16T16:21:04Z" finished-at="2019-08-16T16:21:15Z">
          <reporter-output>
          </reporter-output>
        </test-method> <!-- startBrowser -->
        <test-method status="FAIL" signature="SqThirdAnswerGameBvMult40()[pri:0, instance:com.triviagame.TestCases.BoundryValuesTest@553f17c]" name="SqThirdAnswerGameBvMult40" duration-ms="1288" started-at="2019-08-16T16:21:15Z" finished-at="2019-08-16T16:21:16Z">
          <exception class="org.openqa.selenium.UnhandledAlertException">
            <message>
              <![CDATA[unexpected alert open: {Alert text : To many charest in answer number - 3}
  (Session info: chrome=76.0.3809.100): To many charest in answer number - 3
Build info: version: '3.141.59', revision: 'e82be7d358', time: '2018-11-14T08:17:03'
System info: host: 'DESKTOP-O2DK7QJ', ip: '192.168.1.109', os.name: 'Windows 10', os.arch: 'amd64', os.version: '10.0', java.version: '1.8.0_211'
Driver info: org.openqa.selenium.chrome.ChromeDriver
Capabilities {acceptInsecureCerts: false, browserName: chrome, browserVersion: 76.0.3809.100, chrome: {chromedriverVersion: 76.0.3809.68 (420c9498db8ce..., userDataDir: C:\Users\kc909\AppData\Loca...}, goog:chromeOptions: {debuggerAddress: localhost:63812}, javascriptEnabled: true, networkConnectionEnabled: false, pageLoadStrategy: normal, platform: XP, platformName: XP, proxy: Proxy(), setWindowRect: true, strictFileInteractability: false, timeouts: {implicit: 0, pageLoad: 300000, script: 30000}, unhandledPromptBehavior: dismiss and notify}
Session ID: 4f8759f1f35c6e7c09ce681403fef57f]]>
            </message>
            <full-stacktrace>
              <![CDATA[org.openqa.selenium.UnhandledAlertException: unexpected alert open: {Alert text : To many charest in answer number - 3}
  (Session info: chrome=76.0.3809.100): To many charest in answer number - 3
Build info: version: '3.141.59', revision: 'e82be7d358', time: '2018-11-14T08:17:03'
System info: host: 'DESKTOP-O2DK7QJ', ip: '192.168.1.109', os.name: 'Windows 10', os.arch: 'amd64', os.version: '10.0', java.version: '1.8.0_211'
Driver info: org.openqa.selenium.chrome.ChromeDriver
Capabilities {acceptInsecureCerts: false, browserName: chrome, browserVersion: 76.0.3809.100, chrome: {chromedriverVersion: 76.0.3809.68 (420c9498db8ce..., userDataDir: C:\Users\kc909\AppData\Loca...}, goog:chromeOptions: {debuggerAddress: localhost:63812}, javascriptEnabled: true, networkConnectionEnabled: false, pageLoadStrategy: normal, platform: XP, platformName: XP, proxy: Proxy(), setWindowRect: true, strictFileInteractability: false, timeouts: {implicit: 0, pageLoad: 300000, script: 30000}, unhandledPromptBehavior: dismiss and notify}
Session ID: 4f8759f1f35c6e7c09ce681403fef57f
at org.openqa.selenium.remote.http.W3CHttpResponseCodec.decode(W3CHttpResponseCodec.java:120)
at org.openqa.selenium.remote.http.W3CHttpResponseCodec.decode(W3CHttpResponseCodec.java:49)
at org.openqa.selenium.remote.HttpCommandExecutor.execute(HttpCommandExecutor.java:158)
at org.openqa.selenium.remote.service.DriverCommandExecutor.execute(DriverCommandExecutor.java:83)
at org.openqa.selenium.remote.RemoteWebDriver.execute(RemoteWebDriver.java:552)
at org.openqa.selenium.remote.RemoteWebDriver.execute(RemoteWebDriver.java:609)
at org.openqa.selenium.remote.RemoteWebDriver.getPageSource(RemoteWebDriver.java:438)
at com.triviagame.TestCases.BoundryValuesTest.SqThirdAnswerGameBvMult40(BoundryValuesTest.java:1528)
at sun.reflect.NativeMethodAccessorImpl.invoke0(Native Method)
at sun.reflect.NativeMethodAccessorImpl.invoke(NativeMethodAccessorImpl.java:62)
at sun.reflect.DelegatingMethodAccessorImpl.invoke(DelegatingMethodAccessorImpl.java:43)
at java.lang.reflect.Method.invoke(Method.java:498)
at org.testng.internal.MethodInvocationHelper.invokeMethod(MethodInvocationHelper.java:124)
at org.testng.internal.Invoker.invokeMethod(Invoker.java:583)
at org.testng.internal.Invoker.invokeTestMethod(Invoker.java:719)
at org.testng.internal.Invoker.invokeTestMethods(Invoker.java:989)
at org.testng.internal.TestMethodWorker.invokeTestMethods(TestMethodWorker.java:125)
at org.testng.internal.TestMethodWorker.run(TestMethodWorker.java:109)
at org.testng.TestRunner.privateRun(TestRunner.java:648)
at org.testng.TestRunner.run(TestRunner.java:505)
at org.testng.SuiteRunner.runTest(SuiteRunner.java:455)
at org.testng.SuiteRunner.runSequentially(SuiteRunner.java:450)
at org.testng.SuiteRunner.privateRun(SuiteRunner.java:415)
at org.testng.SuiteRunner.run(SuiteRunner.java:364)
at org.testng.SuiteRunnerWorker.runSuite(SuiteRunnerWorker.java:52)
at org.testng.SuiteRunnerWorker.run(SuiteRunnerWorker.java:84)
at org.testng.TestNG.runSuitesSequentially(TestNG.java:1208)
at org.testng.TestNG.runSuitesLocally(TestNG.java:1137)
at org.testng.TestNG.runSuites(TestNG.java:1049)
at org.testng.TestNG.run(TestNG.java:1017)
at org.testng.remote.AbstractRemoteTestNG.run(AbstractRemoteTestNG.java:115)
at org.testng.remote.RemoteTestNG.initAndRun(RemoteTestNG.java:251)
at org.testng.remote.RemoteTestNG.main(RemoteTestNG.java:77)
]]>
            </full-stacktrace>
          </exception> <!-- org.openqa.selenium.UnhandledAlertException -->
          <reporter-output>
          </reporter-output>
        </test-method> <!-- SqThirdAnswerGameBvMult40 -->
        <test-method status="PASS" signature="afretAllTest()[pri:0, instance:com.triviagame.TestCases.BoundryValuesTest@553f17c]" name="afretAllTest" is-config="true" duration-ms="648" started-at="2019-08-16T16:21:16Z" finished-at="2019-08-16T16:21:17Z">
          <reporter-output>
          </reporter-output>
        </test-method> <!-- afretAllTest -->
        <test-method status="PASS" signature="startBrowser()[pri:0, instance:com.triviagame.TestCases.BoundryValuesTest@553f17c]" name="startBrowser" is-config="true" duration-ms="12069" started-at="2019-08-16T16:21:17Z" finished-at="2019-08-16T16:21:29Z">
          <reporter-output>
          </reporter-output>
        </test-method> <!-- startBrowser -->
        <test-method status="PASS" signature="SqThirdAnswerGameBvMult5()[pri:0, instance:com.triviagame.TestCases.BoundryValuesTest@553f17c]" name="SqThirdAnswerGameBvMult5" duration-ms="1252" started-at="2019-08-16T16:21:29Z" finished-at="2019-08-16T16:21:30Z">
          <reporter-output>
          </reporter-output>
        </test-method> <!-- SqThirdAnswerGameBvMult5 -->
        <test-method status="PASS" signature="afretAllTest()[pri:0, instance:com.triviagame.TestCases.BoundryValuesTest@553f17c]" name="afretAllTest" is-config="true" duration-ms="640" started-at="2019-08-16T16:21:30Z" finished-at="2019-08-16T16:21:31Z">
          <reporter-output>
          </reporter-output>
        </test-method> <!-- afretAllTest -->
        <test-method status="PASS" signature="startBrowser()[pri:0, instance:com.triviagame.TestCases.BoundryValuesTest@553f17c]" name="startBrowser" is-config="true" duration-ms="11189" started-at="2019-08-16T16:21:31Z" finished-at="2019-08-16T16:21:42Z">
          <reporter-output>
          </reporter-output>
        </test-method> <!-- startBrowser -->
        <test-method status="PASS" signature="TqFirstAnswerGameBvMult10()[pri:0, instance:com.triviagame.TestCases.BoundryValuesTest@553f17c]" name="TqFirstAnswerGameBvMult10" duration-ms="1684" started-at="2019-08-16T16:21:42Z" finished-at="2019-08-16T16:21:44Z">
          <reporter-output>
          </reporter-output>
        </test-method> <!-- TqFirstAnswerGameBvMult10 -->
        <test-method status="PASS" signature="afretAllTest()[pri:0, instance:com.triviagame.TestCases.BoundryValuesTest@553f17c]" name="afretAllTest" is-config="true" duration-ms="659" started-at="2019-08-16T16:21:44Z" finished-at="2019-08-16T16:21:44Z">
          <reporter-output>
          </reporter-output>
        </test-method> <!-- afretAllTest -->
        <test-method status="PASS" signature="startBrowser()[pri:0, instance:com.triviagame.TestCases.BoundryValuesTest@553f17c]" name="startBrowser" is-config="true" duration-ms="11383" started-at="2019-08-16T16:21:44Z" finished-at="2019-08-16T16:21:56Z">
          <reporter-output>
          </reporter-output>
        </test-method> <!-- startBrowser -->
        <test-method status="PASS" signature="TqFirstAnswerGameBvMult20()[pri:0, instance:com.triviagame.TestCases.BoundryValuesTest@553f17c]" name="TqFirstAnswerGameBvMult20" duration-ms="1663" started-at="2019-08-16T16:21:56Z" finished-at="2019-08-16T16:21:57Z">
          <reporter-output>
          </reporter-output>
        </test-method> <!-- TqFirstAnswerGameBvMult20 -->
        <test-method status="PASS" signature="afretAllTest()[pri:0, instance:com.triviagame.TestCases.BoundryValuesTest@553f17c]" name="afretAllTest" is-config="true" duration-ms="655" started-at="2019-08-16T16:21:57Z" finished-at="2019-08-16T16:21:58Z">
          <reporter-output>
          </reporter-output>
        </test-method> <!-- afretAllTest -->
        <test-method status="PASS" signature="startBrowser()[pri:0, instance:com.triviagame.TestCases.BoundryValuesTest@553f17c]" name="startBrowser" is-config="true" duration-ms="11405" started-at="2019-08-16T16:21:58Z" finished-at="2019-08-16T16:22:09Z">
          <reporter-output>
          </reporter-output>
        </test-method> <!-- startBrowser -->
        <test-method status="FAIL" signature="TqFirstAnswerGameBvMult40()[pri:0, instance:com.triviagame.TestCases.BoundryValuesTest@553f17c]" name="TqFirstAnswerGameBvMult40" duration-ms="1859" started-at="2019-08-16T16:22:09Z" finished-at="2019-08-16T16:22:11Z">
          <exception class="org.openqa.selenium.UnhandledAlertException">
            <message>
              <![CDATA[unexpected alert open: {Alert text : To many charest in answer number - 1}
  (Session info: chrome=76.0.3809.100): To many charest in answer number - 1
Build info: version: '3.141.59', revision: 'e82be7d358', time: '2018-11-14T08:17:03'
System info: host: 'DESKTOP-O2DK7QJ', ip: '192.168.1.109', os.name: 'Windows 10', os.arch: 'amd64', os.version: '10.0', java.version: '1.8.0_211'
Driver info: org.openqa.selenium.chrome.ChromeDriver
Capabilities {acceptInsecureCerts: false, browserName: chrome, browserVersion: 76.0.3809.100, chrome: {chromedriverVersion: 76.0.3809.68 (420c9498db8ce..., userDataDir: C:\Users\kc909\AppData\Loca...}, goog:chromeOptions: {debuggerAddress: localhost:63920}, javascriptEnabled: true, networkConnectionEnabled: false, pageLoadStrategy: normal, platform: XP, platformName: XP, proxy: Proxy(), setWindowRect: true, strictFileInteractability: false, timeouts: {implicit: 0, pageLoad: 300000, script: 30000}, unhandledPromptBehavior: dismiss and notify}
Session ID: 192556a49bdbad386e61ca95a3855ffa]]>
            </message>
            <full-stacktrace>
              <![CDATA[org.openqa.selenium.UnhandledAlertException: unexpected alert open: {Alert text : To many charest in answer number - 1}
  (Session info: chrome=76.0.3809.100): To many charest in answer number - 1
Build info: version: '3.141.59', revision: 'e82be7d358', time: '2018-11-14T08:17:03'
System info: host: 'DESKTOP-O2DK7QJ', ip: '192.168.1.109', os.name: 'Windows 10', os.arch: 'amd64', os.version: '10.0', java.version: '1.8.0_211'
Driver info: org.openqa.selenium.chrome.ChromeDriver
Capabilities {acceptInsecureCerts: false, browserName: chrome, browserVersion: 76.0.3809.100, chrome: {chromedriverVersion: 76.0.3809.68 (420c9498db8ce..., userDataDir: C:\Users\kc909\AppData\Loca...}, goog:chromeOptions: {debuggerAddress: localhost:63920}, javascriptEnabled: true, networkConnectionEnabled: false, pageLoadStrategy: normal, platform: XP, platformName: XP, proxy: Proxy(), setWindowRect: true, strictFileInteractability: false, timeouts: {implicit: 0, pageLoad: 300000, script: 30000}, unhandledPromptBehavior: dismiss and notify}
Session ID: 192556a49bdbad386e61ca95a3855ffa
at org.openqa.selenium.remote.http.W3CHttpResponseCodec.decode(W3CHttpResponseCodec.java:120)
at org.openqa.selenium.remote.http.W3CHttpResponseCodec.decode(W3CHttpResponseCodec.java:49)
at org.openqa.selenium.remote.HttpCommandExecutor.execute(HttpCommandExecutor.java:158)
at org.openqa.selenium.remote.service.DriverCommandExecutor.execute(DriverCommandExecutor.java:83)
at org.openqa.selenium.remote.RemoteWebDriver.execute(RemoteWebDriver.java:552)
at org.openqa.selenium.remote.RemoteWebDriver.execute(RemoteWebDriver.java:609)
at org.openqa.selenium.remote.RemoteWebDriver.getPageSource(RemoteWebDriver.java:438)
at com.triviagame.TestCases.BoundryValuesTest.TqFirstAnswerGameBvMult40(BoundryValuesTest.java:1628)
at sun.reflect.NativeMethodAccessorImpl.invoke0(Native Method)
at sun.reflect.NativeMethodAccessorImpl.invoke(NativeMethodAccessorImpl.java:62)
at sun.reflect.DelegatingMethodAccessorImpl.invoke(DelegatingMethodAccessorImpl.java:43)
at java.lang.reflect.Method.invoke(Method.java:498)
at org.testng.internal.MethodInvocationHelper.invokeMethod(MethodInvocationHelper.java:124)
at org.testng.internal.Invoker.invokeMethod(Invoker.java:583)
at org.testng.internal.Invoker.invokeTestMethod(Invoker.java:719)
at org.testng.internal.Invoker.invokeTestMethods(Invoker.java:989)
at org.testng.internal.TestMethodWorker.invokeTestMethods(TestMethodWorker.java:125)
at org.testng.internal.TestMethodWorker.run(TestMethodWorker.java:109)
at org.testng.TestRunner.privateRun(TestRunner.java:648)
at org.testng.TestRunner.run(TestRunner.java:505)
at org.testng.SuiteRunner.runTest(SuiteRunner.java:455)
at org.testng.SuiteRunner.runSequentially(SuiteRunner.java:450)
at org.testng.SuiteRunner.privateRun(SuiteRunner.java:415)
at org.testng.SuiteRunner.run(SuiteRunner.java:364)
at org.testng.SuiteRunnerWorker.runSuite(SuiteRunnerWorker.java:52)
at org.testng.SuiteRunnerWorker.run(SuiteRunnerWorker.java:84)
at org.testng.TestNG.runSuitesSequentially(TestNG.java:1208)
at org.testng.TestNG.runSuitesLocally(TestNG.java:1137)
at org.testng.TestNG.runSuites(TestNG.java:1049)
at org.testng.TestNG.run(TestNG.java:1017)
at org.testng.remote.AbstractRemoteTestNG.run(AbstractRemoteTestNG.java:115)
at org.testng.remote.RemoteTestNG.initAndRun(RemoteTestNG.java:251)
at org.testng.remote.RemoteTestNG.main(RemoteTestNG.java:77)
]]>
            </full-stacktrace>
          </exception> <!-- org.openqa.selenium.UnhandledAlertException -->
          <reporter-output>
          </reporter-output>
        </test-method> <!-- TqFirstAnswerGameBvMult40 -->
        <test-method status="FAIL" signature="afretAllTest()[pri:0, instance:com.triviagame.TestCases.BoundryValuesTest@553f17c]" name="afretAllTest" is-config="true" duration-ms="10" started-at="2019-08-16T16:22:11Z" finished-at="2019-08-16T16:22:11Z">
          <exception class="org.openqa.selenium.UnhandledAlertException">
            <message>
              <![CDATA[unexpected alert open: {Alert text : To many charest in answer number - 1}
  (Session info: chrome=76.0.3809.100): To many charest in answer number - 1
Build info: version: '3.141.59', revision: 'e82be7d358', time: '2018-11-14T08:17:03'
System info: host: 'DESKTOP-O2DK7QJ', ip: '192.168.1.109', os.name: 'Windows 10', os.arch: 'amd64', os.version: '10.0', java.version: '1.8.0_211'
Driver info: org.openqa.selenium.chrome.ChromeDriver
Capabilities {acceptInsecureCerts: false, browserName: chrome, browserVersion: 76.0.3809.100, chrome: {chromedriverVersion: 76.0.3809.68 (420c9498db8ce..., userDataDir: C:\Users\kc909\AppData\Loca...}, goog:chromeOptions: {debuggerAddress: localhost:63920}, javascriptEnabled: true, networkConnectionEnabled: false, pageLoadStrategy: normal, platform: XP, platformName: XP, proxy: Proxy(), setWindowRect: true, strictFileInteractability: false, timeouts: {implicit: 0, pageLoad: 300000, script: 30000}, unhandledPromptBehavior: dismiss and notify}
Session ID: 192556a49bdbad386e61ca95a3855ffa]]>
            </message>
            <full-stacktrace>
              <![CDATA[org.openqa.selenium.UnhandledAlertException: unexpected alert open: {Alert text : To many charest in answer number - 1}
  (Session info: chrome=76.0.3809.100): To many charest in answer number - 1
Build info: version: '3.141.59', revision: 'e82be7d358', time: '2018-11-14T08:17:03'
System info: host: 'DESKTOP-O2DK7QJ', ip: '192.168.1.109', os.name: 'Windows 10', os.arch: 'amd64', os.version: '10.0', java.version: '1.8.0_211'
Driver info: org.openqa.selenium.chrome.ChromeDriver
Capabilities {acceptInsecureCerts: false, browserName: chrome, browserVersion: 76.0.3809.100, chrome: {chromedriverVersion: 76.0.3809.68 (420c9498db8ce..., userDataDir: C:\Users\kc909\AppData\Loca...}, goog:chromeOptions: {debuggerAddress: localhost:63920}, javascriptEnabled: true, networkConnectionEnabled: false, pageLoadStrategy: normal, platform: XP, platformName: XP, proxy: Proxy(), setWindowRect: true, strictFileInteractability: false, timeouts: {implicit: 0, pageLoad: 300000, script: 30000}, unhandledPromptBehavior: dismiss and notify}
Session ID: 192556a49bdbad386e61ca95a3855ffa
at org.openqa.selenium.remote.http.W3CHttpResponseCodec.decode(W3CHttpResponseCodec.java:120)
at org.openqa.selenium.remote.http.W3CHttpResponseCodec.decode(W3CHttpResponseCodec.java:49)
at org.openqa.selenium.remote.HttpCommandExecutor.execute(HttpCommandExecutor.java:158)
at org.openqa.selenium.remote.service.DriverCommandExecutor.execute(DriverCommandExecutor.java:83)
at org.openqa.selenium.remote.RemoteWebDriver.execute(RemoteWebDriver.java:552)
at org.openqa.selenium.remote.RemoteWebDriver.execute(RemoteWebDriver.java:609)
at org.openqa.selenium.remote.RemoteWebDriver.close(RemoteWebDriver.java:442)
at com.triviagame.TestCases.BoundryValuesTest.afretAllTest(BoundryValuesTest.java:47)
at sun.reflect.GeneratedMethodAccessor2.invoke(Unknown Source)
at sun.reflect.DelegatingMethodAccessorImpl.invoke(DelegatingMethodAccessorImpl.java:43)
at java.lang.reflect.Method.invoke(Method.java:498)
at org.testng.internal.MethodInvocationHelper.invokeMethod(MethodInvocationHelper.java:124)
at org.testng.internal.MethodInvocationHelper.invokeMethodConsideringTimeout(MethodInvocationHelper.java:59)
at org.testng.internal.Invoker.invokeConfigurationMethod(Invoker.java:458)
at org.testng.internal.Invoker.invokeConfigurations(Invoker.java:222)
at org.testng.internal.Invoker.invokeMethod(Invoker.java:646)
at org.testng.internal.Invoker.invokeTestMethod(Invoker.java:719)
at org.testng.internal.Invoker.invokeTestMethods(Invoker.java:989)
at org.testng.internal.TestMethodWorker.invokeTestMethods(TestMethodWorker.java:125)
at org.testng.internal.TestMethodWorker.run(TestMethodWorker.java:109)
at org.testng.TestRunner.privateRun(TestRunner.java:648)
at org.testng.TestRunner.run(TestRunner.java:505)
at org.testng.SuiteRunner.runTest(SuiteRunner.java:455)
at org.testng.SuiteRunner.runSequentially(SuiteRunner.java:450)
at org.testng.SuiteRunner.privateRun(SuiteRunner.java:415)
at org.testng.SuiteRunner.run(SuiteRunner.java:364)
at org.testng.SuiteRunnerWorker.runSuite(SuiteRunnerWorker.java:52)
at org.testng.SuiteRunnerWorker.run(SuiteRunnerWorker.java:84)
at org.testng.TestNG.runSuitesSequentially(TestNG.java:1208)
at org.testng.TestNG.runSuitesLocally(TestNG.java:1137)
at org.testng.TestNG.runSuites(TestNG.java:1049)
at org.testng.TestNG.run(TestNG.java:1017)
at org.testng.remote.AbstractRemoteTestNG.run(AbstractRemoteTestNG.java:115)
at org.testng.remote.RemoteTestNG.initAndRun(RemoteTestNG.java:251)
at org.testng.remote.RemoteTestNG.main(RemoteTestNG.java:77)
]]>
            </full-stacktrace>
          </exception> <!-- org.openqa.selenium.UnhandledAlertException -->
          <reporter-output>
          </reporter-output>
        </test-method> <!-- afretAllTest -->
        <test-method status="SKIP" signature="startBrowser()[pri:0, instance:com.triviagame.TestCases.BoundryValuesTest@553f17c]" name="startBrowser" is-config="true" duration-ms="0" started-at="2019-08-16T16:22:11Z" finished-at="2019-08-16T16:22:11Z">
          <reporter-output>
          </reporter-output>
        </test-method> <!-- startBrowser -->
        <test-method status="SKIP" signature="TqFirstAnswerGameBvMult5()[pri:0, instance:com.triviagame.TestCases.BoundryValuesTest@553f17c]" name="TqFirstAnswerGameBvMult5" duration-ms="0" started-at="2019-08-16T16:22:11Z" finished-at="2019-08-16T16:22:11Z">
          <exception class="org.openqa.selenium.UnhandledAlertException">
            <message>
              <![CDATA[unexpected alert open: {Alert text : To many charest in answer number - 1}
  (Session info: chrome=76.0.3809.100): To many charest in answer number - 1
Build info: version: '3.141.59', revision: 'e82be7d358', time: '2018-11-14T08:17:03'
System info: host: 'DESKTOP-O2DK7QJ', ip: '192.168.1.109', os.name: 'Windows 10', os.arch: 'amd64', os.version: '10.0', java.version: '1.8.0_211'
Driver info: org.openqa.selenium.chrome.ChromeDriver
Capabilities {acceptInsecureCerts: false, browserName: chrome, browserVersion: 76.0.3809.100, chrome: {chromedriverVersion: 76.0.3809.68 (420c9498db8ce..., userDataDir: C:\Users\kc909\AppData\Loca...}, goog:chromeOptions: {debuggerAddress: localhost:63920}, javascriptEnabled: true, networkConnectionEnabled: false, pageLoadStrategy: normal, platform: XP, platformName: XP, proxy: Proxy(), setWindowRect: true, strictFileInteractability: false, timeouts: {implicit: 0, pageLoad: 300000, script: 30000}, unhandledPromptBehavior: dismiss and notify}
Session ID: 192556a49bdbad386e61ca95a3855ffa]]>
            </message>
            <full-stacktrace>
              <![CDATA[org.openqa.selenium.UnhandledAlertException: unexpected alert open: {Alert text : To many charest in answer number - 1}
  (Session info: chrome=76.0.3809.100): To many charest in answer number - 1
Build info: version: '3.141.59', revision: 'e82be7d358', time: '2018-11-14T08:17:03'
System info: host: 'DESKTOP-O2DK7QJ', ip: '192.168.1.109', os.name: 'Windows 10', os.arch: 'amd64', os.version: '10.0', java.version: '1.8.0_211'
Driver info: org.openqa.selenium.chrome.ChromeDriver
Capabilities {acceptInsecureCerts: false, browserName: chrome, browserVersion: 76.0.3809.100, chrome: {chromedriverVersion: 76.0.3809.68 (420c9498db8ce..., userDataDir: C:\Users\kc909\AppData\Loca...}, goog:chromeOptions: {debuggerAddress: localhost:63920}, javascriptEnabled: true, networkConnectionEnabled: false, pageLoadStrategy: normal, platform: XP, platformName: XP, proxy: Proxy(), setWindowRect: true, strictFileInteractability: false, timeouts: {implicit: 0, pageLoad: 300000, script: 30000}, unhandledPromptBehavior: dismiss and notify}
Session ID: 192556a49bdbad386e61ca95a3855ffa
at org.openqa.selenium.remote.http.W3CHttpResponseCodec.decode(W3CHttpResponseCodec.java:120)
at org.openqa.selenium.remote.http.W3CHttpResponseCodec.decode(W3CHttpResponseCodec.java:49)
at org.openqa.selenium.remote.HttpCommandExecutor.execute(HttpCommandExecutor.java:158)
at org.openqa.selenium.remote.service.DriverCommandExecutor.execute(DriverCommandExecutor.java:83)
at org.openqa.selenium.remote.RemoteWebDriver.execute(RemoteWebDriver.java:552)
at org.openqa.selenium.remote.RemoteWebDriver.execute(RemoteWebDriver.java:609)
at org.openqa.selenium.remote.RemoteWebDriver.close(RemoteWebDriver.java:442)
at com.triviagame.TestCases.BoundryValuesTest.afretAllTest(BoundryValuesTest.java:47)
at sun.reflect.GeneratedMethodAccessor2.invoke(Unknown Source)
at sun.reflect.DelegatingMethodAccessorImpl.invoke(DelegatingMethodAccessorImpl.java:43)
at java.lang.reflect.Method.invoke(Method.java:498)
at org.testng.internal.MethodInvocationHelper.invokeMethod(MethodInvocationHelper.java:124)
at org.testng.internal.MethodInvocationHelper.invokeMethodConsideringTimeout(MethodInvocationHelper.java:59)
at org.testng.internal.Invoker.invokeConfigurationMethod(Invoker.java:458)
at org.testng.internal.Invoker.invokeConfigurations(Invoker.java:222)
at org.testng.internal.Invoker.invokeMethod(Invoker.java:646)
at org.testng.internal.Invoker.invokeTestMethod(Invoker.java:719)
at org.testng.internal.Invoker.invokeTestMethods(Invoker.java:989)
at org.testng.internal.TestMethodWorker.invokeTestMethods(TestMethodWorker.java:125)
at org.testng.internal.TestMethodWorker.run(TestMethodWorker.java:109)
at org.testng.TestRunner.privateRun(TestRunner.java:648)
at org.testng.TestRunner.run(TestRunner.java:505)
at org.testng.SuiteRunner.runTest(SuiteRunner.java:455)
at org.testng.SuiteRunner.runSequentially(SuiteRunner.java:450)
at org.testng.SuiteRunner.privateRun(SuiteRunner.java:415)
at org.testng.SuiteRunner.run(SuiteRunner.java:364)
at org.testng.SuiteRunnerWorker.runSuite(SuiteRunnerWorker.java:52)
at org.testng.SuiteRunnerWorker.run(SuiteRunnerWorker.java:84)
at org.testng.TestNG.runSuitesSequentially(TestNG.java:1208)
at org.testng.TestNG.runSuitesLocally(TestNG.java:1137)
at org.testng.TestNG.runSuites(TestNG.java:1049)
at org.testng.TestNG.run(TestNG.java:1017)
at org.testng.remote.AbstractRemoteTestNG.run(AbstractRemoteTestNG.java:115)
at org.testng.remote.RemoteTestNG.initAndRun(RemoteTestNG.java:251)
at org.testng.remote.RemoteTestNG.main(RemoteTestNG.java:77)
]]>
            </full-stacktrace>
          </exception> <!-- org.openqa.selenium.UnhandledAlertException -->
          <reporter-output>
          </reporter-output>
        </test-method> <!-- TqFirstAnswerGameBvMult5 -->
        <test-method status="SKIP" signature="afretAllTest()[pri:0, instance:com.triviagame.TestCases.BoundryValuesTest@553f17c]" name="afretAllTest" is-config="true" duration-ms="0" started-at="2019-08-16T16:22:11Z" finished-at="2019-08-16T16:22:11Z">
          <reporter-output>
          </reporter-output>
        </test-method> <!-- afretAllTest -->
        <test-method status="SKIP" signature="startBrowser()[pri:0, instance:com.triviagame.TestCases.BoundryValuesTest@553f17c]" name="startBrowser" is-config="true" duration-ms="0" started-at="2019-08-16T16:22:11Z" finished-at="2019-08-16T16:22:11Z">
          <reporter-output>
          </reporter-output>
        </test-method> <!-- startBrowser -->
        <test-method status="SKIP" signature="TqForthAnswerGameBvMult10()[pri:0, instance:com.triviagame.TestCases.BoundryValuesTest@553f17c]" name="TqForthAnswerGameBvMult10" duration-ms="0" started-at="2019-08-16T16:22:11Z" finished-at="2019-08-16T16:22:11Z">
          <exception class="org.openqa.selenium.UnhandledAlertException">
            <message>
              <![CDATA[unexpected alert open: {Alert text : To many charest in answer number - 1}
  (Session info: chrome=76.0.3809.100): To many charest in answer number - 1
Build info: version: '3.141.59', revision: 'e82be7d358', time: '2018-11-14T08:17:03'
System info: host: 'DESKTOP-O2DK7QJ', ip: '192.168.1.109', os.name: 'Windows 10', os.arch: 'amd64', os.version: '10.0', java.version: '1.8.0_211'
Driver info: org.openqa.selenium.chrome.ChromeDriver
Capabilities {acceptInsecureCerts: false, browserName: chrome, browserVersion: 76.0.3809.100, chrome: {chromedriverVersion: 76.0.3809.68 (420c9498db8ce..., userDataDir: C:\Users\kc909\AppData\Loca...}, goog:chromeOptions: {debuggerAddress: localhost:63920}, javascriptEnabled: true, networkConnectionEnabled: false, pageLoadStrategy: normal, platform: XP, platformName: XP, proxy: Proxy(), setWindowRect: true, strictFileInteractability: false, timeouts: {implicit: 0, pageLoad: 300000, script: 30000}, unhandledPromptBehavior: dismiss and notify}
Session ID: 192556a49bdbad386e61ca95a3855ffa]]>
            </message>
            <full-stacktrace>
              <![CDATA[org.openqa.selenium.UnhandledAlertException: unexpected alert open: {Alert text : To many charest in answer number - 1}
  (Session info: chrome=76.0.3809.100): To many charest in answer number - 1
Build info: version: '3.141.59', revision: 'e82be7d358', time: '2018-11-14T08:17:03'
System info: host: 'DESKTOP-O2DK7QJ', ip: '192.168.1.109', os.name: 'Windows 10', os.arch: 'amd64', os.version: '10.0', java.version: '1.8.0_211'
Driver info: org.openqa.selenium.chrome.ChromeDriver
Capabilities {acceptInsecureCerts: false, browserName: chrome, browserVersion: 76.0.3809.100, chrome: {chromedriverVersion: 76.0.3809.68 (420c9498db8ce..., userDataDir: C:\Users\kc909\AppData\Loca...}, goog:chromeOptions: {debuggerAddress: localhost:63920}, javascriptEnabled: true, networkConnectionEnabled: false, pageLoadStrategy: normal, platform: XP, platformName: XP, proxy: Proxy(), setWindowRect: true, strictFileInteractability: false, timeouts: {implicit: 0, pageLoad: 300000, script: 30000}, unhandledPromptBehavior: dismiss and notify}
Session ID: 192556a49bdbad386e61ca95a3855ffa
at org.openqa.selenium.remote.http.W3CHttpResponseCodec.decode(W3CHttpResponseCodec.java:120)
at org.openqa.selenium.remote.http.W3CHttpResponseCodec.decode(W3CHttpResponseCodec.java:49)
at org.openqa.selenium.remote.HttpCommandExecutor.execute(HttpCommandExecutor.java:158)
at org.openqa.selenium.remote.service.DriverCommandExecutor.execute(DriverCommandExecutor.java:83)
at org.openqa.selenium.remote.RemoteWebDriver.execute(RemoteWebDriver.java:552)
at org.openqa.selenium.remote.RemoteWebDriver.execute(RemoteWebDriver.java:609)
at org.openqa.selenium.remote.RemoteWebDriver.close(RemoteWebDriver.java:442)
at com.triviagame.TestCases.BoundryValuesTest.afretAllTest(BoundryValuesTest.java:47)
at sun.reflect.GeneratedMethodAccessor2.invoke(Unknown Source)
at sun.reflect.DelegatingMethodAccessorImpl.invoke(DelegatingMethodAccessorImpl.java:43)
at java.lang.reflect.Method.invoke(Method.java:498)
at org.testng.internal.MethodInvocationHelper.invokeMethod(MethodInvocationHelper.java:124)
at org.testng.internal.MethodInvocationHelper.invokeMethodConsideringTimeout(MethodInvocationHelper.java:59)
at org.testng.internal.Invoker.invokeConfigurationMethod(Invoker.java:458)
at org.testng.internal.Invoker.invokeConfigurations(Invoker.java:222)
at org.testng.internal.Invoker.invokeMethod(Invoker.java:646)
at org.testng.internal.Invoker.invokeTestMethod(Invoker.java:719)
at org.testng.internal.Invoker.invokeTestMethods(Invoker.java:989)
at org.testng.internal.TestMethodWorker.invokeTestMethods(TestMethodWorker.java:125)
at org.testng.internal.TestMethodWorker.run(TestMethodWorker.java:109)
at org.testng.TestRunner.privateRun(TestRunner.java:648)
at org.testng.TestRunner.run(TestRunner.java:505)
at org.testng.SuiteRunner.runTest(SuiteRunner.java:455)
at org.testng.SuiteRunner.runSequentially(SuiteRunner.java:450)
at org.testng.SuiteRunner.privateRun(SuiteRunner.java:415)
at org.testng.SuiteRunner.run(SuiteRunner.java:364)
at org.testng.SuiteRunnerWorker.runSuite(SuiteRunnerWorker.java:52)
at org.testng.SuiteRunnerWorker.run(SuiteRunnerWorker.java:84)
at org.testng.TestNG.runSuitesSequentially(TestNG.java:1208)
at org.testng.TestNG.runSuitesLocally(TestNG.java:1137)
at org.testng.TestNG.runSuites(TestNG.java:1049)
at org.testng.TestNG.run(TestNG.java:1017)
at org.testng.remote.AbstractRemoteTestNG.run(AbstractRemoteTestNG.java:115)
at org.testng.remote.RemoteTestNG.initAndRun(RemoteTestNG.java:251)
at org.testng.remote.RemoteTestNG.main(RemoteTestNG.java:77)
]]>
            </full-stacktrace>
          </exception> <!-- org.openqa.selenium.UnhandledAlertException -->
          <reporter-output>
          </reporter-output>
        </test-method> <!-- TqForthAnswerGameBvMult10 -->
        <test-method status="SKIP" signature="afretAllTest()[pri:0, instance:com.triviagame.TestCases.BoundryValuesTest@553f17c]" name="afretAllTest" is-config="true" duration-ms="0" started-at="2019-08-16T16:22:11Z" finished-at="2019-08-16T16:22:11Z">
          <reporter-output>
          </reporter-output>
        </test-method> <!-- afretAllTest -->
        <test-method status="SKIP" signature="TqForthAnswerGameBvMult20()[pri:0, instance:com.triviagame.TestCases.BoundryValuesTest@553f17c]" name="TqForthAnswerGameBvMult20" duration-ms="0" started-at="2019-08-16T16:22:11Z" finished-at="2019-08-16T16:22:11Z">
          <exception class="org.openqa.selenium.UnhandledAlertException">
            <message>
              <![CDATA[unexpected alert open: {Alert text : To many charest in answer number - 1}
  (Session info: chrome=76.0.3809.100): To many charest in answer number - 1
Build info: version: '3.141.59', revision: 'e82be7d358', time: '2018-11-14T08:17:03'
System info: host: 'DESKTOP-O2DK7QJ', ip: '192.168.1.109', os.name: 'Windows 10', os.arch: 'amd64', os.version: '10.0', java.version: '1.8.0_211'
Driver info: org.openqa.selenium.chrome.ChromeDriver
Capabilities {acceptInsecureCerts: false, browserName: chrome, browserVersion: 76.0.3809.100, chrome: {chromedriverVersion: 76.0.3809.68 (420c9498db8ce..., userDataDir: C:\Users\kc909\AppData\Loca...}, goog:chromeOptions: {debuggerAddress: localhost:63920}, javascriptEnabled: true, networkConnectionEnabled: false, pageLoadStrategy: normal, platform: XP, platformName: XP, proxy: Proxy(), setWindowRect: true, strictFileInteractability: false, timeouts: {implicit: 0, pageLoad: 300000, script: 30000}, unhandledPromptBehavior: dismiss and notify}
Session ID: 192556a49bdbad386e61ca95a3855ffa]]>
            </message>
            <full-stacktrace>
              <![CDATA[org.openqa.selenium.UnhandledAlertException: unexpected alert open: {Alert text : To many charest in answer number - 1}
  (Session info: chrome=76.0.3809.100): To many charest in answer number - 1
Build info: version: '3.141.59', revision: 'e82be7d358', time: '2018-11-14T08:17:03'
System info: host: 'DESKTOP-O2DK7QJ', ip: '192.168.1.109', os.name: 'Windows 10', os.arch: 'amd64', os.version: '10.0', java.version: '1.8.0_211'
Driver info: org.openqa.selenium.chrome.ChromeDriver
Capabilities {acceptInsecureCerts: false, browserName: chrome, browserVersion: 76.0.3809.100, chrome: {chromedriverVersion: 76.0.3809.68 (420c9498db8ce..., userDataDir: C:\Users\kc909\AppData\Loca...}, goog:chromeOptions: {debuggerAddress: localhost:63920}, javascriptEnabled: true, networkConnectionEnabled: false, pageLoadStrategy: normal, platform: XP, platformName: XP, proxy: Proxy(), setWindowRect: true, strictFileInteractability: false, timeouts: {implicit: 0, pageLoad: 300000, script: 30000}, unhandledPromptBehavior: dismiss and notify}
Session ID: 192556a49bdbad386e61ca95a3855ffa
at org.openqa.selenium.remote.http.W3CHttpResponseCodec.decode(W3CHttpResponseCodec.java:120)
at org.openqa.selenium.remote.http.W3CHttpResponseCodec.decode(W3CHttpResponseCodec.java:49)
at org.openqa.selenium.remote.HttpCommandExecutor.execute(HttpCommandExecutor.java:158)
at org.openqa.selenium.remote.service.DriverCommandExecutor.execute(DriverCommandExecutor.java:83)
at org.openqa.selenium.remote.RemoteWebDriver.execute(RemoteWebDriver.java:552)
at org.openqa.selenium.remote.RemoteWebDriver.execute(RemoteWebDriver.java:609)
at org.openqa.selenium.remote.RemoteWebDriver.close(RemoteWebDriver.java:442)
at com.triviagame.TestCases.BoundryValuesTest.afretAllTest(BoundryValuesTest.java:47)
at sun.reflect.GeneratedMethodAccessor2.invoke(Unknown Source)
at sun.reflect.DelegatingMethodAccessorImpl.invoke(DelegatingMethodAccessorImpl.java:43)
at java.lang.reflect.Method.invoke(Method.java:498)
at org.testng.internal.MethodInvocationHelper.invokeMethod(MethodInvocationHelper.java:124)
at org.testng.internal.MethodInvocationHelper.invokeMethodConsideringTimeout(MethodInvocationHelper.java:59)
at org.testng.internal.Invoker.invokeConfigurationMethod(Invoker.java:458)
at org.testng.internal.Invoker.invokeConfigurations(Invoker.java:222)
at org.testng.internal.Invoker.invokeMethod(Invoker.java:646)
at org.testng.internal.Invoker.invokeTestMethod(Invoker.java:719)
at org.testng.internal.Invoker.invokeTestMethods(Invoker.java:989)
at org.testng.internal.TestMethodWorker.invokeTestMethods(TestMethodWorker.java:125)
at org.testng.internal.TestMethodWorker.run(TestMethodWorker.java:109)
at org.testng.TestRunner.privateRun(TestRunner.java:648)
at org.testng.TestRunner.run(TestRunner.java:505)
at org.testng.SuiteRunner.runTest(SuiteRunner.java:455)
at org.testng.SuiteRunner.runSequentially(SuiteRunner.java:450)
at org.testng.SuiteRunner.privateRun(SuiteRunner.java:415)
at org.testng.SuiteRunner.run(SuiteRunner.java:364)
at org.testng.SuiteRunnerWorker.runSuite(SuiteRunnerWorker.java:52)
at org.testng.SuiteRunnerWorker.run(SuiteRunnerWorker.java:84)
at org.testng.TestNG.runSuitesSequentially(TestNG.java:1208)
at org.testng.TestNG.runSuitesLocally(TestNG.java:1137)
at org.testng.TestNG.runSuites(TestNG.java:1049)
at org.testng.TestNG.run(TestNG.java:1017)
at org.testng.remote.AbstractRemoteTestNG.run(AbstractRemoteTestNG.java:115)
at org.testng.remote.RemoteTestNG.initAndRun(RemoteTestNG.java:251)
at org.testng.remote.RemoteTestNG.main(RemoteTestNG.java:77)
]]>
            </full-stacktrace>
          </exception> <!-- org.openqa.selenium.UnhandledAlertException -->
          <reporter-output>
          </reporter-output>
        </test-method> <!-- TqForthAnswerGameBvMult20 -->
        <test-method status="SKIP" signature="startBrowser()[pri:0, instance:com.triviagame.TestCases.BoundryValuesTest@553f17c]" name="startBrowser" is-config="true" duration-ms="0" started-at="2019-08-16T16:22:11Z" finished-at="2019-08-16T16:22:11Z">
          <reporter-output>
          </reporter-output>
        </test-method> <!-- startBrowser -->
        <test-method status="SKIP" signature="afretAllTest()[pri:0, instance:com.triviagame.TestCases.BoundryValuesTest@553f17c]" name="afretAllTest" is-config="true" duration-ms="0" started-at="2019-08-16T16:22:11Z" finished-at="2019-08-16T16:22:11Z">
          <reporter-output>
          </reporter-output>
        </test-method> <!-- afretAllTest -->
        <test-method status="SKIP" signature="startBrowser()[pri:0, instance:com.triviagame.TestCases.BoundryValuesTest@553f17c]" name="startBrowser" is-config="true" duration-ms="0" started-at="2019-08-16T16:22:11Z" finished-at="2019-08-16T16:22:11Z">
          <reporter-output>
          </reporter-output>
        </test-method> <!-- startBrowser -->
        <test-method status="SKIP" signature="TqForthAnswerGameBvMult40()[pri:0, instance:com.triviagame.TestCases.BoundryValuesTest@553f17c]" name="TqForthAnswerGameBvMult40" duration-ms="0" started-at="2019-08-16T16:22:11Z" finished-at="2019-08-16T16:22:11Z">
          <exception class="org.openqa.selenium.UnhandledAlertException">
            <message>
              <![CDATA[unexpected alert open: {Alert text : To many charest in answer number - 1}
  (Session info: chrome=76.0.3809.100): To many charest in answer number - 1
Build info: version: '3.141.59', revision: 'e82be7d358', time: '2018-11-14T08:17:03'
System info: host: 'DESKTOP-O2DK7QJ', ip: '192.168.1.109', os.name: 'Windows 10', os.arch: 'amd64', os.version: '10.0', java.version: '1.8.0_211'
Driver info: org.openqa.selenium.chrome.ChromeDriver
Capabilities {acceptInsecureCerts: false, browserName: chrome, browserVersion: 76.0.3809.100, chrome: {chromedriverVersion: 76.0.3809.68 (420c9498db8ce..., userDataDir: C:\Users\kc909\AppData\Loca...}, goog:chromeOptions: {debuggerAddress: localhost:63920}, javascriptEnabled: true, networkConnectionEnabled: false, pageLoadStrategy: normal, platform: XP, platformName: XP, proxy: Proxy(), setWindowRect: true, strictFileInteractability: false, timeouts: {implicit: 0, pageLoad: 300000, script: 30000}, unhandledPromptBehavior: dismiss and notify}
Session ID: 192556a49bdbad386e61ca95a3855ffa]]>
            </message>
            <full-stacktrace>
              <![CDATA[org.openqa.selenium.UnhandledAlertException: unexpected alert open: {Alert text : To many charest in answer number - 1}
  (Session info: chrome=76.0.3809.100): To many charest in answer number - 1
Build info: version: '3.141.59', revision: 'e82be7d358', time: '2018-11-14T08:17:03'
System info: host: 'DESKTOP-O2DK7QJ', ip: '192.168.1.109', os.name: 'Windows 10', os.arch: 'amd64', os.version: '10.0', java.version: '1.8.0_211'
Driver info: org.openqa.selenium.chrome.ChromeDriver
Capabilities {acceptInsecureCerts: false, browserName: chrome, browserVersion: 76.0.3809.100, chrome: {chromedriverVersion: 76.0.3809.68 (420c9498db8ce..., userDataDir: C:\Users\kc909\AppData\Loca...}, goog:chromeOptions: {debuggerAddress: localhost:63920}, javascriptEnabled: true, networkConnectionEnabled: false, pageLoadStrategy: normal, platform: XP, platformName: XP, proxy: Proxy(), setWindowRect: true, strictFileInteractability: false, timeouts: {implicit: 0, pageLoad: 300000, script: 30000}, unhandledPromptBehavior: dismiss and notify}
Session ID: 192556a49bdbad386e61ca95a3855ffa
at org.openqa.selenium.remote.http.W3CHttpResponseCodec.decode(W3CHttpResponseCodec.java:120)
at org.openqa.selenium.remote.http.W3CHttpResponseCodec.decode(W3CHttpResponseCodec.java:49)
at org.openqa.selenium.remote.HttpCommandExecutor.execute(HttpCommandExecutor.java:158)
at org.openqa.selenium.remote.service.DriverCommandExecutor.execute(DriverCommandExecutor.java:83)
at org.openqa.selenium.remote.RemoteWebDriver.execute(RemoteWebDriver.java:552)
at org.openqa.selenium.remote.RemoteWebDriver.execute(RemoteWebDriver.java:609)
at org.openqa.selenium.remote.RemoteWebDriver.close(RemoteWebDriver.java:442)
at com.triviagame.TestCases.BoundryValuesTest.afretAllTest(BoundryValuesTest.java:47)
at sun.reflect.GeneratedMethodAccessor2.invoke(Unknown Source)
at sun.reflect.DelegatingMethodAccessorImpl.invoke(DelegatingMethodAccessorImpl.java:43)
at java.lang.reflect.Method.invoke(Method.java:498)
at org.testng.internal.MethodInvocationHelper.invokeMethod(MethodInvocationHelper.java:124)
at org.testng.internal.MethodInvocationHelper.invokeMethodConsideringTimeout(MethodInvocationHelper.java:59)
at org.testng.internal.Invoker.invokeConfigurationMethod(Invoker.java:458)
at org.testng.internal.Invoker.invokeConfigurations(Invoker.java:222)
at org.testng.internal.Invoker.invokeMethod(Invoker.java:646)
at org.testng.internal.Invoker.invokeTestMethod(Invoker.java:719)
at org.testng.internal.Invoker.invokeTestMethods(Invoker.java:989)
at org.testng.internal.TestMethodWorker.invokeTestMethods(TestMethodWorker.java:125)
at org.testng.internal.TestMethodWorker.run(TestMethodWorker.java:109)
at org.testng.TestRunner.privateRun(TestRunner.java:648)
at org.testng.TestRunner.run(TestRunner.java:505)
at org.testng.SuiteRunner.runTest(SuiteRunner.java:455)
at org.testng.SuiteRunner.runSequentially(SuiteRunner.java:450)
at org.testng.SuiteRunner.privateRun(SuiteRunner.java:415)
at org.testng.SuiteRunner.run(SuiteRunner.java:364)
at org.testng.SuiteRunnerWorker.runSuite(SuiteRunnerWorker.java:52)
at org.testng.SuiteRunnerWorker.run(SuiteRunnerWorker.java:84)
at org.testng.TestNG.runSuitesSequentially(TestNG.java:1208)
at org.testng.TestNG.runSuitesLocally(TestNG.java:1137)
at org.testng.TestNG.runSuites(TestNG.java:1049)
at org.testng.TestNG.run(TestNG.java:1017)
at org.testng.remote.AbstractRemoteTestNG.run(AbstractRemoteTestNG.java:115)
at org.testng.remote.RemoteTestNG.initAndRun(RemoteTestNG.java:251)
at org.testng.remote.RemoteTestNG.main(RemoteTestNG.java:77)
]]>
            </full-stacktrace>
          </exception> <!-- org.openqa.selenium.UnhandledAlertException -->
          <reporter-output>
          </reporter-output>
        </test-method> <!-- TqForthAnswerGameBvMult40 -->
        <test-method status="SKIP" signature="afretAllTest()[pri:0, instance:com.triviagame.TestCases.BoundryValuesTest@553f17c]" name="afretAllTest" is-config="true" duration-ms="0" started-at="2019-08-16T16:22:11Z" finished-at="2019-08-16T16:22:11Z">
          <reporter-output>
          </reporter-output>
        </test-method> <!-- afretAllTest -->
        <test-method status="SKIP" signature="startBrowser()[pri:0, instance:com.triviagame.TestCases.BoundryValuesTest@553f17c]" name="startBrowser" is-config="true" duration-ms="0" started-at="2019-08-16T16:22:11Z" finished-at="2019-08-16T16:22:11Z">
          <reporter-output>
          </reporter-output>
        </test-method> <!-- startBrowser -->
        <test-method status="SKIP" signature="TqForthAnswerGameBvMult5()[pri:0, instance:com.triviagame.TestCases.BoundryValuesTest@553f17c]" name="TqForthAnswerGameBvMult5" duration-ms="0" started-at="2019-08-16T16:22:11Z" finished-at="2019-08-16T16:22:11Z">
          <exception class="org.openqa.selenium.UnhandledAlertException">
            <message>
              <![CDATA[unexpected alert open: {Alert text : To many charest in answer number - 1}
  (Session info: chrome=76.0.3809.100): To many charest in answer number - 1
Build info: version: '3.141.59', revision: 'e82be7d358', time: '2018-11-14T08:17:03'
System info: host: 'DESKTOP-O2DK7QJ', ip: '192.168.1.109', os.name: 'Windows 10', os.arch: 'amd64', os.version: '10.0', java.version: '1.8.0_211'
Driver info: org.openqa.selenium.chrome.ChromeDriver
Capabilities {acceptInsecureCerts: false, browserName: chrome, browserVersion: 76.0.3809.100, chrome: {chromedriverVersion: 76.0.3809.68 (420c9498db8ce..., userDataDir: C:\Users\kc909\AppData\Loca...}, goog:chromeOptions: {debuggerAddress: localhost:63920}, javascriptEnabled: true, networkConnectionEnabled: false, pageLoadStrategy: normal, platform: XP, platformName: XP, proxy: Proxy(), setWindowRect: true, strictFileInteractability: false, timeouts: {implicit: 0, pageLoad: 300000, script: 30000}, unhandledPromptBehavior: dismiss and notify}
Session ID: 192556a49bdbad386e61ca95a3855ffa]]>
            </message>
            <full-stacktrace>
              <![CDATA[org.openqa.selenium.UnhandledAlertException: unexpected alert open: {Alert text : To many charest in answer number - 1}
  (Session info: chrome=76.0.3809.100): To many charest in answer number - 1
Build info: version: '3.141.59', revision: 'e82be7d358', time: '2018-11-14T08:17:03'
System info: host: 'DESKTOP-O2DK7QJ', ip: '192.168.1.109', os.name: 'Windows 10', os.arch: 'amd64', os.version: '10.0', java.version: '1.8.0_211'
Driver info: org.openqa.selenium.chrome.ChromeDriver
Capabilities {acceptInsecureCerts: false, browserName: chrome, browserVersion: 76.0.3809.100, chrome: {chromedriverVersion: 76.0.3809.68 (420c9498db8ce..., userDataDir: C:\Users\kc909\AppData\Loca...}, goog:chromeOptions: {debuggerAddress: localhost:63920}, javascriptEnabled: true, networkConnectionEnabled: false, pageLoadStrategy: normal, platform: XP, platformName: XP, proxy: Proxy(), setWindowRect: true, strictFileInteractability: false, timeouts: {implicit: 0, pageLoad: 300000, script: 30000}, unhandledPromptBehavior: dismiss and notify}
Session ID: 192556a49bdbad386e61ca95a3855ffa
at org.openqa.selenium.remote.http.W3CHttpResponseCodec.decode(W3CHttpResponseCodec.java:120)
at org.openqa.selenium.remote.http.W3CHttpResponseCodec.decode(W3CHttpResponseCodec.java:49)
at org.openqa.selenium.remote.HttpCommandExecutor.execute(HttpCommandExecutor.java:158)
at org.openqa.selenium.remote.service.DriverCommandExecutor.execute(DriverCommandExecutor.java:83)
at org.openqa.selenium.remote.RemoteWebDriver.execute(RemoteWebDriver.java:552)
at org.openqa.selenium.remote.RemoteWebDriver.execute(RemoteWebDriver.java:609)
at org.openqa.selenium.remote.RemoteWebDriver.close(RemoteWebDriver.java:442)
at com.triviagame.TestCases.BoundryValuesTest.afretAllTest(BoundryValuesTest.java:47)
at sun.reflect.GeneratedMethodAccessor2.invoke(Unknown Source)
at sun.reflect.DelegatingMethodAccessorImpl.invoke(DelegatingMethodAccessorImpl.java:43)
at java.lang.reflect.Method.invoke(Method.java:498)
at org.testng.internal.MethodInvocationHelper.invokeMethod(MethodInvocationHelper.java:124)
at org.testng.internal.MethodInvocationHelper.invokeMethodConsideringTimeout(MethodInvocationHelper.java:59)
at org.testng.internal.Invoker.invokeConfigurationMethod(Invoker.java:458)
at org.testng.internal.Invoker.invokeConfigurations(Invoker.java:222)
at org.testng.internal.Invoker.invokeMethod(Invoker.java:646)
at org.testng.internal.Invoker.invokeTestMethod(Invoker.java:719)
at org.testng.internal.Invoker.invokeTestMethods(Invoker.java:989)
at org.testng.internal.TestMethodWorker.invokeTestMethods(TestMethodWorker.java:125)
at org.testng.internal.TestMethodWorker.run(TestMethodWorker.java:109)
at org.testng.TestRunner.privateRun(TestRunner.java:648)
at org.testng.TestRunner.run(TestRunner.java:505)
at org.testng.SuiteRunner.runTest(SuiteRunner.java:455)
at org.testng.SuiteRunner.runSequentially(SuiteRunner.java:450)
at org.testng.SuiteRunner.privateRun(SuiteRunner.java:415)
at org.testng.SuiteRunner.run(SuiteRunner.java:364)
at org.testng.SuiteRunnerWorker.runSuite(SuiteRunnerWorker.java:52)
at org.testng.SuiteRunnerWorker.run(SuiteRunnerWorker.java:84)
at org.testng.TestNG.runSuitesSequentially(TestNG.java:1208)
at org.testng.TestNG.runSuitesLocally(TestNG.java:1137)
at org.testng.TestNG.runSuites(TestNG.java:1049)
at org.testng.TestNG.run(TestNG.java:1017)
at org.testng.remote.AbstractRemoteTestNG.run(AbstractRemoteTestNG.java:115)
at org.testng.remote.RemoteTestNG.initAndRun(RemoteTestNG.java:251)
at org.testng.remote.RemoteTestNG.main(RemoteTestNG.java:77)
]]>
            </full-stacktrace>
          </exception> <!-- org.openqa.selenium.UnhandledAlertException -->
          <reporter-output>
          </reporter-output>
        </test-method> <!-- TqForthAnswerGameBvMult5 -->
        <test-method status="SKIP" signature="afretAllTest()[pri:0, instance:com.triviagame.TestCases.BoundryValuesTest@553f17c]" name="afretAllTest" is-config="true" duration-ms="0" started-at="2019-08-16T16:22:11Z" finished-at="2019-08-16T16:22:11Z">
          <reporter-output>
          </reporter-output>
        </test-method> <!-- afretAllTest -->
        <test-method status="SKIP" signature="startBrowser()[pri:0, instance:com.triviagame.TestCases.BoundryValuesTest@553f17c]" name="startBrowser" is-config="true" duration-ms="0" started-at="2019-08-16T16:22:11Z" finished-at="2019-08-16T16:22:11Z">
          <reporter-output>
          </reporter-output>
        </test-method> <!-- startBrowser -->
        <test-method status="SKIP" signature="TqSecondAnswerGameBvMult10()[pri:0, instance:com.triviagame.TestCases.BoundryValuesTest@553f17c]" name="TqSecondAnswerGameBvMult10" duration-ms="0" started-at="2019-08-16T16:22:11Z" finished-at="2019-08-16T16:22:11Z">
          <exception class="org.openqa.selenium.UnhandledAlertException">
            <message>
              <![CDATA[unexpected alert open: {Alert text : To many charest in answer number - 1}
  (Session info: chrome=76.0.3809.100): To many charest in answer number - 1
Build info: version: '3.141.59', revision: 'e82be7d358', time: '2018-11-14T08:17:03'
System info: host: 'DESKTOP-O2DK7QJ', ip: '192.168.1.109', os.name: 'Windows 10', os.arch: 'amd64', os.version: '10.0', java.version: '1.8.0_211'
Driver info: org.openqa.selenium.chrome.ChromeDriver
Capabilities {acceptInsecureCerts: false, browserName: chrome, browserVersion: 76.0.3809.100, chrome: {chromedriverVersion: 76.0.3809.68 (420c9498db8ce..., userDataDir: C:\Users\kc909\AppData\Loca...}, goog:chromeOptions: {debuggerAddress: localhost:63920}, javascriptEnabled: true, networkConnectionEnabled: false, pageLoadStrategy: normal, platform: XP, platformName: XP, proxy: Proxy(), setWindowRect: true, strictFileInteractability: false, timeouts: {implicit: 0, pageLoad: 300000, script: 30000}, unhandledPromptBehavior: dismiss and notify}
Session ID: 192556a49bdbad386e61ca95a3855ffa]]>
            </message>
            <full-stacktrace>
              <![CDATA[org.openqa.selenium.UnhandledAlertException: unexpected alert open: {Alert text : To many charest in answer number - 1}
  (Session info: chrome=76.0.3809.100): To many charest in answer number - 1
Build info: version: '3.141.59', revision: 'e82be7d358', time: '2018-11-14T08:17:03'
System info: host: 'DESKTOP-O2DK7QJ', ip: '192.168.1.109', os.name: 'Windows 10', os.arch: 'amd64', os.version: '10.0', java.version: '1.8.0_211'
Driver info: org.openqa.selenium.chrome.ChromeDriver
Capabilities {acceptInsecureCerts: false, browserName: chrome, browserVersion: 76.0.3809.100, chrome: {chromedriverVersion: 76.0.3809.68 (420c9498db8ce..., userDataDir: C:\Users\kc909\AppData\Loca...}, goog:chromeOptions: {debuggerAddress: localhost:63920}, javascriptEnabled: true, networkConnectionEnabled: false, pageLoadStrategy: normal, platform: XP, platformName: XP, proxy: Proxy(), setWindowRect: true, strictFileInteractability: false, timeouts: {implicit: 0, pageLoad: 300000, script: 30000}, unhandledPromptBehavior: dismiss and notify}
Session ID: 192556a49bdbad386e61ca95a3855ffa
at org.openqa.selenium.remote.http.W3CHttpResponseCodec.decode(W3CHttpResponseCodec.java:120)
at org.openqa.selenium.remote.http.W3CHttpResponseCodec.decode(W3CHttpResponseCodec.java:49)
at org.openqa.selenium.remote.HttpCommandExecutor.execute(HttpCommandExecutor.java:158)
at org.openqa.selenium.remote.service.DriverCommandExecutor.execute(DriverCommandExecutor.java:83)
at org.openqa.selenium.remote.RemoteWebDriver.execute(RemoteWebDriver.java:552)
at org.openqa.selenium.remote.RemoteWebDriver.execute(RemoteWebDriver.java:609)
at org.openqa.selenium.remote.RemoteWebDriver.close(RemoteWebDriver.java:442)
at com.triviagame.TestCases.BoundryValuesTest.afretAllTest(BoundryValuesTest.java:47)
at sun.reflect.GeneratedMethodAccessor2.invoke(Unknown Source)
at sun.reflect.DelegatingMethodAccessorImpl.invoke(DelegatingMethodAccessorImpl.java:43)
at java.lang.reflect.Method.invoke(Method.java:498)
at org.testng.internal.MethodInvocationHelper.invokeMethod(MethodInvocationHelper.java:124)
at org.testng.internal.MethodInvocationHelper.invokeMethodConsideringTimeout(MethodInvocationHelper.java:59)
at org.testng.internal.Invoker.invokeConfigurationMethod(Invoker.java:458)
at org.testng.internal.Invoker.invokeConfigurations(Invoker.java:222)
at org.testng.internal.Invoker.invokeMethod(Invoker.java:646)
at org.testng.internal.Invoker.invokeTestMethod(Invoker.java:719)
at org.testng.internal.Invoker.invokeTestMethods(Invoker.java:989)
at org.testng.internal.TestMethodWorker.invokeTestMethods(TestMethodWorker.java:125)
at org.testng.internal.TestMethodWorker.run(TestMethodWorker.java:109)
at org.testng.TestRunner.privateRun(TestRunner.java:648)
at org.testng.TestRunner.run(TestRunner.java:505)
at org.testng.SuiteRunner.runTest(SuiteRunner.java:455)
at org.testng.SuiteRunner.runSequentially(SuiteRunner.java:450)
at org.testng.SuiteRunner.privateRun(SuiteRunner.java:415)
at org.testng.SuiteRunner.run(SuiteRunner.java:364)
at org.testng.SuiteRunnerWorker.runSuite(SuiteRunnerWorker.java:52)
at org.testng.SuiteRunnerWorker.run(SuiteRunnerWorker.java:84)
at org.testng.TestNG.runSuitesSequentially(TestNG.java:1208)
at org.testng.TestNG.runSuitesLocally(TestNG.java:1137)
at org.testng.TestNG.runSuites(TestNG.java:1049)
at org.testng.TestNG.run(TestNG.java:1017)
at org.testng.remote.AbstractRemoteTestNG.run(AbstractRemoteTestNG.java:115)
at org.testng.remote.RemoteTestNG.initAndRun(RemoteTestNG.java:251)
at org.testng.remote.RemoteTestNG.main(RemoteTestNG.java:77)
]]>
            </full-stacktrace>
          </exception> <!-- org.openqa.selenium.UnhandledAlertException -->
          <reporter-output>
          </reporter-output>
        </test-method> <!-- TqSecondAnswerGameBvMult10 -->
        <test-method status="SKIP" signature="afretAllTest()[pri:0, instance:com.triviagame.TestCases.BoundryValuesTest@553f17c]" name="afretAllTest" is-config="true" duration-ms="0" started-at="2019-08-16T16:22:11Z" finished-at="2019-08-16T16:22:11Z">
          <reporter-output>
          </reporter-output>
        </test-method> <!-- afretAllTest -->
        <test-method status="SKIP" signature="startBrowser()[pri:0, instance:com.triviagame.TestCases.BoundryValuesTest@553f17c]" name="startBrowser" is-config="true" duration-ms="0" started-at="2019-08-16T16:22:11Z" finished-at="2019-08-16T16:22:11Z">
          <reporter-output>
          </reporter-output>
        </test-method> <!-- startBrowser -->
        <test-method status="SKIP" signature="TqSecondAnswerGameBvMult20()[pri:0, instance:com.triviagame.TestCases.BoundryValuesTest@553f17c]" name="TqSecondAnswerGameBvMult20" duration-ms="0" started-at="2019-08-16T16:22:11Z" finished-at="2019-08-16T16:22:11Z">
          <exception class="org.openqa.selenium.UnhandledAlertException">
            <message>
              <![CDATA[unexpected alert open: {Alert text : To many charest in answer number - 1}
  (Session info: chrome=76.0.3809.100): To many charest in answer number - 1
Build info: version: '3.141.59', revision: 'e82be7d358', time: '2018-11-14T08:17:03'
System info: host: 'DESKTOP-O2DK7QJ', ip: '192.168.1.109', os.name: 'Windows 10', os.arch: 'amd64', os.version: '10.0', java.version: '1.8.0_211'
Driver info: org.openqa.selenium.chrome.ChromeDriver
Capabilities {acceptInsecureCerts: false, browserName: chrome, browserVersion: 76.0.3809.100, chrome: {chromedriverVersion: 76.0.3809.68 (420c9498db8ce..., userDataDir: C:\Users\kc909\AppData\Loca...}, goog:chromeOptions: {debuggerAddress: localhost:63920}, javascriptEnabled: true, networkConnectionEnabled: false, pageLoadStrategy: normal, platform: XP, platformName: XP, proxy: Proxy(), setWindowRect: true, strictFileInteractability: false, timeouts: {implicit: 0, pageLoad: 300000, script: 30000}, unhandledPromptBehavior: dismiss and notify}
Session ID: 192556a49bdbad386e61ca95a3855ffa]]>
            </message>
            <full-stacktrace>
              <![CDATA[org.openqa.selenium.UnhandledAlertException: unexpected alert open: {Alert text : To many charest in answer number - 1}
  (Session info: chrome=76.0.3809.100): To many charest in answer number - 1
Build info: version: '3.141.59', revision: 'e82be7d358', time: '2018-11-14T08:17:03'
System info: host: 'DESKTOP-O2DK7QJ', ip: '192.168.1.109', os.name: 'Windows 10', os.arch: 'amd64', os.version: '10.0', java.version: '1.8.0_211'
Driver info: org.openqa.selenium.chrome.ChromeDriver
Capabilities {acceptInsecureCerts: false, browserName: chrome, browserVersion: 76.0.3809.100, chrome: {chromedriverVersion: 76.0.3809.68 (420c9498db8ce..., userDataDir: C:\Users\kc909\AppData\Loca...}, goog:chromeOptions: {debuggerAddress: localhost:63920}, javascriptEnabled: true, networkConnectionEnabled: false, pageLoadStrategy: normal, platform: XP, platformName: XP, proxy: Proxy(), setWindowRect: true, strictFileInteractability: false, timeouts: {implicit: 0, pageLoad: 300000, script: 30000}, unhandledPromptBehavior: dismiss and notify}
Session ID: 192556a49bdbad386e61ca95a3855ffa
at org.openqa.selenium.remote.http.W3CHttpResponseCodec.decode(W3CHttpResponseCodec.java:120)
at org.openqa.selenium.remote.http.W3CHttpResponseCodec.decode(W3CHttpResponseCodec.java:49)
at org.openqa.selenium.remote.HttpCommandExecutor.execute(HttpCommandExecutor.java:158)
at org.openqa.selenium.remote.service.DriverCommandExecutor.execute(DriverCommandExecutor.java:83)
at org.openqa.selenium.remote.RemoteWebDriver.execute(RemoteWebDriver.java:552)
at org.openqa.selenium.remote.RemoteWebDriver.execute(RemoteWebDriver.java:609)
at org.openqa.selenium.remote.RemoteWebDriver.close(RemoteWebDriver.java:442)
at com.triviagame.TestCases.BoundryValuesTest.afretAllTest(BoundryValuesTest.java:47)
at sun.reflect.GeneratedMethodAccessor2.invoke(Unknown Source)
at sun.reflect.DelegatingMethodAccessorImpl.invoke(DelegatingMethodAccessorImpl.java:43)
at java.lang.reflect.Method.invoke(Method.java:498)
at org.testng.internal.MethodInvocationHelper.invokeMethod(MethodInvocationHelper.java:124)
at org.testng.internal.MethodInvocationHelper.invokeMethodConsideringTimeout(MethodInvocationHelper.java:59)
at org.testng.internal.Invoker.invokeConfigurationMethod(Invoker.java:458)
at org.testng.internal.Invoker.invokeConfigurations(Invoker.java:222)
at org.testng.internal.Invoker.invokeMethod(Invoker.java:646)
at org.testng.internal.Invoker.invokeTestMethod(Invoker.java:719)
at org.testng.internal.Invoker.invokeTestMethods(Invoker.java:989)
at org.testng.internal.TestMethodWorker.invokeTestMethods(TestMethodWorker.java:125)
at org.testng.internal.TestMethodWorker.run(TestMethodWorker.java:109)
at org.testng.TestRunner.privateRun(TestRunner.java:648)
at org.testng.TestRunner.run(TestRunner.java:505)
at org.testng.SuiteRunner.runTest(SuiteRunner.java:455)
at org.testng.SuiteRunner.runSequentially(SuiteRunner.java:450)
at org.testng.SuiteRunner.privateRun(SuiteRunner.java:415)
at org.testng.SuiteRunner.run(SuiteRunner.java:364)
at org.testng.SuiteRunnerWorker.runSuite(SuiteRunnerWorker.java:52)
at org.testng.SuiteRunnerWorker.run(SuiteRunnerWorker.java:84)
at org.testng.TestNG.runSuitesSequentially(TestNG.java:1208)
at org.testng.TestNG.runSuitesLocally(TestNG.java:1137)
at org.testng.TestNG.runSuites(TestNG.java:1049)
at org.testng.TestNG.run(TestNG.java:1017)
at org.testng.remote.AbstractRemoteTestNG.run(AbstractRemoteTestNG.java:115)
at org.testng.remote.RemoteTestNG.initAndRun(RemoteTestNG.java:251)
at org.testng.remote.RemoteTestNG.main(RemoteTestNG.java:77)
]]>
            </full-stacktrace>
          </exception> <!-- org.openqa.selenium.UnhandledAlertException -->
          <reporter-output>
          </reporter-output>
        </test-method> <!-- TqSecondAnswerGameBvMult20 -->
        <test-method status="SKIP" signature="afretAllTest()[pri:0, instance:com.triviagame.TestCases.BoundryValuesTest@553f17c]" name="afretAllTest" is-config="true" duration-ms="0" started-at="2019-08-16T16:22:11Z" finished-at="2019-08-16T16:22:11Z">
          <reporter-output>
          </reporter-output>
        </test-method> <!-- afretAllTest -->
        <test-method status="SKIP" signature="startBrowser()[pri:0, instance:com.triviagame.TestCases.BoundryValuesTest@553f17c]" name="startBrowser" is-config="true" duration-ms="0" started-at="2019-08-16T16:22:11Z" finished-at="2019-08-16T16:22:11Z">
          <reporter-output>
          </reporter-output>
        </test-method> <!-- startBrowser -->
        <test-method status="SKIP" signature="TqSecondAnswerGameBvMult40()[pri:0, instance:com.triviagame.TestCases.BoundryValuesTest@553f17c]" name="TqSecondAnswerGameBvMult40" duration-ms="0" started-at="2019-08-16T16:22:11Z" finished-at="2019-08-16T16:22:11Z">
          <exception class="org.openqa.selenium.UnhandledAlertException">
            <message>
              <![CDATA[unexpected alert open: {Alert text : To many charest in answer number - 1}
  (Session info: chrome=76.0.3809.100): To many charest in answer number - 1
Build info: version: '3.141.59', revision: 'e82be7d358', time: '2018-11-14T08:17:03'
System info: host: 'DESKTOP-O2DK7QJ', ip: '192.168.1.109', os.name: 'Windows 10', os.arch: 'amd64', os.version: '10.0', java.version: '1.8.0_211'
Driver info: org.openqa.selenium.chrome.ChromeDriver
Capabilities {acceptInsecureCerts: false, browserName: chrome, browserVersion: 76.0.3809.100, chrome: {chromedriverVersion: 76.0.3809.68 (420c9498db8ce..., userDataDir: C:\Users\kc909\AppData\Loca...}, goog:chromeOptions: {debuggerAddress: localhost:63920}, javascriptEnabled: true, networkConnectionEnabled: false, pageLoadStrategy: normal, platform: XP, platformName: XP, proxy: Proxy(), setWindowRect: true, strictFileInteractability: false, timeouts: {implicit: 0, pageLoad: 300000, script: 30000}, unhandledPromptBehavior: dismiss and notify}
Session ID: 192556a49bdbad386e61ca95a3855ffa]]>
            </message>
            <full-stacktrace>
              <![CDATA[org.openqa.selenium.UnhandledAlertException: unexpected alert open: {Alert text : To many charest in answer number - 1}
  (Session info: chrome=76.0.3809.100): To many charest in answer number - 1
Build info: version: '3.141.59', revision: 'e82be7d358', time: '2018-11-14T08:17:03'
System info: host: 'DESKTOP-O2DK7QJ', ip: '192.168.1.109', os.name: 'Windows 10', os.arch: 'amd64', os.version: '10.0', java.version: '1.8.0_211'
Driver info: org.openqa.selenium.chrome.ChromeDriver
Capabilities {acceptInsecureCerts: false, browserName: chrome, browserVersion: 76.0.3809.100, chrome: {chromedriverVersion: 76.0.3809.68 (420c9498db8ce..., userDataDir: C:\Users\kc909\AppData\Loca...}, goog:chromeOptions: {debuggerAddress: localhost:63920}, javascriptEnabled: true, networkConnectionEnabled: false, pageLoadStrategy: normal, platform: XP, platformName: XP, proxy: Proxy(), setWindowRect: true, strictFileInteractability: false, timeouts: {implicit: 0, pageLoad: 300000, script: 30000}, unhandledPromptBehavior: dismiss and notify}
Session ID: 192556a49bdbad386e61ca95a3855ffa
at org.openqa.selenium.remote.http.W3CHttpResponseCodec.decode(W3CHttpResponseCodec.java:120)
at org.openqa.selenium.remote.http.W3CHttpResponseCodec.decode(W3CHttpResponseCodec.java:49)
at org.openqa.selenium.remote.HttpCommandExecutor.execute(HttpCommandExecutor.java:158)
at org.openqa.selenium.remote.service.DriverCommandExecutor.execute(DriverCommandExecutor.java:83)
at org.openqa.selenium.remote.RemoteWebDriver.execute(RemoteWebDriver.java:552)
at org.openqa.selenium.remote.RemoteWebDriver.execute(RemoteWebDriver.java:609)
at org.openqa.selenium.remote.RemoteWebDriver.close(RemoteWebDriver.java:442)
at com.triviagame.TestCases.BoundryValuesTest.afretAllTest(BoundryValuesTest.java:47)
at sun.reflect.GeneratedMethodAccessor2.invoke(Unknown Source)
at sun.reflect.DelegatingMethodAccessorImpl.invoke(DelegatingMethodAccessorImpl.java:43)
at java.lang.reflect.Method.invoke(Method.java:498)
at org.testng.internal.MethodInvocationHelper.invokeMethod(MethodInvocationHelper.java:124)
at org.testng.internal.MethodInvocationHelper.invokeMethodConsideringTimeout(MethodInvocationHelper.java:59)
at org.testng.internal.Invoker.invokeConfigurationMethod(Invoker.java:458)
at org.testng.internal.Invoker.invokeConfigurations(Invoker.java:222)
at org.testng.internal.Invoker.invokeMethod(Invoker.java:646)
at org.testng.internal.Invoker.invokeTestMethod(Invoker.java:719)
at org.testng.internal.Invoker.invokeTestMethods(Invoker.java:989)
at org.testng.internal.TestMethodWorker.invokeTestMethods(TestMethodWorker.java:125)
at org.testng.internal.TestMethodWorker.run(TestMethodWorker.java:109)
at org.testng.TestRunner.privateRun(TestRunner.java:648)
at org.testng.TestRunner.run(TestRunner.java:505)
at org.testng.SuiteRunner.runTest(SuiteRunner.java:455)
at org.testng.SuiteRunner.runSequentially(SuiteRunner.java:450)
at org.testng.SuiteRunner.privateRun(SuiteRunner.java:415)
at org.testng.SuiteRunner.run(SuiteRunner.java:364)
at org.testng.SuiteRunnerWorker.runSuite(SuiteRunnerWorker.java:52)
at org.testng.SuiteRunnerWorker.run(SuiteRunnerWorker.java:84)
at org.testng.TestNG.runSuitesSequentially(TestNG.java:1208)
at org.testng.TestNG.runSuitesLocally(TestNG.java:1137)
at org.testng.TestNG.runSuites(TestNG.java:1049)
at org.testng.TestNG.run(TestNG.java:1017)
at org.testng.remote.AbstractRemoteTestNG.run(AbstractRemoteTestNG.java:115)
at org.testng.remote.RemoteTestNG.initAndRun(RemoteTestNG.java:251)
at org.testng.remote.RemoteTestNG.main(RemoteTestNG.java:77)
]]>
            </full-stacktrace>
          </exception> <!-- org.openqa.selenium.UnhandledAlertException -->
          <reporter-output>
          </reporter-output>
        </test-method> <!-- TqSecondAnswerGameBvMult40 -->
        <test-method status="SKIP" signature="afretAllTest()[pri:0, instance:com.triviagame.TestCases.BoundryValuesTest@553f17c]" name="afretAllTest" is-config="true" duration-ms="0" started-at="2019-08-16T16:22:11Z" finished-at="2019-08-16T16:22:11Z">
          <reporter-output>
          </reporter-output>
        </test-method> <!-- afretAllTest -->
        <test-method status="SKIP" signature="startBrowser()[pri:0, instance:com.triviagame.TestCases.BoundryValuesTest@553f17c]" name="startBrowser" is-config="true" duration-ms="0" started-at="2019-08-16T16:22:11Z" finished-at="2019-08-16T16:22:11Z">
          <reporter-output>
          </reporter-output>
        </test-method> <!-- startBrowser -->
        <test-method status="SKIP" signature="TqSecondAnswerGameBvMult5()[pri:0, instance:com.triviagame.TestCases.BoundryValuesTest@553f17c]" name="TqSecondAnswerGameBvMult5" duration-ms="0" started-at="2019-08-16T16:22:11Z" finished-at="2019-08-16T16:22:11Z">
          <exception class="org.openqa.selenium.UnhandledAlertException">
            <message>
              <![CDATA[unexpected alert open: {Alert text : To many charest in answer number - 1}
  (Session info: chrome=76.0.3809.100): To many charest in answer number - 1
Build info: version: '3.141.59', revision: 'e82be7d358', time: '2018-11-14T08:17:03'
System info: host: 'DESKTOP-O2DK7QJ', ip: '192.168.1.109', os.name: 'Windows 10', os.arch: 'amd64', os.version: '10.0', java.version: '1.8.0_211'
Driver info: org.openqa.selenium.chrome.ChromeDriver
Capabilities {acceptInsecureCerts: false, browserName: chrome, browserVersion: 76.0.3809.100, chrome: {chromedriverVersion: 76.0.3809.68 (420c9498db8ce..., userDataDir: C:\Users\kc909\AppData\Loca...}, goog:chromeOptions: {debuggerAddress: localhost:63920}, javascriptEnabled: true, networkConnectionEnabled: false, pageLoadStrategy: normal, platform: XP, platformName: XP, proxy: Proxy(), setWindowRect: true, strictFileInteractability: false, timeouts: {implicit: 0, pageLoad: 300000, script: 30000}, unhandledPromptBehavior: dismiss and notify}
Session ID: 192556a49bdbad386e61ca95a3855ffa]]>
            </message>
            <full-stacktrace>
              <![CDATA[org.openqa.selenium.UnhandledAlertException: unexpected alert open: {Alert text : To many charest in answer number - 1}
  (Session info: chrome=76.0.3809.100): To many charest in answer number - 1
Build info: version: '3.141.59', revision: 'e82be7d358', time: '2018-11-14T08:17:03'
System info: host: 'DESKTOP-O2DK7QJ', ip: '192.168.1.109', os.name: 'Windows 10', os.arch: 'amd64', os.version: '10.0', java.version: '1.8.0_211'
Driver info: org.openqa.selenium.chrome.ChromeDriver
Capabilities {acceptInsecureCerts: false, browserName: chrome, browserVersion: 76.0.3809.100, chrome: {chromedriverVersion: 76.0.3809.68 (420c9498db8ce..., userDataDir: C:\Users\kc909\AppData\Loca...}, goog:chromeOptions: {debuggerAddress: localhost:63920}, javascriptEnabled: true, networkConnectionEnabled: false, pageLoadStrategy: normal, platform: XP, platformName: XP, proxy: Proxy(), setWindowRect: true, strictFileInteractability: false, timeouts: {implicit: 0, pageLoad: 300000, script: 30000}, unhandledPromptBehavior: dismiss and notify}
Session ID: 192556a49bdbad386e61ca95a3855ffa
at org.openqa.selenium.remote.http.W3CHttpResponseCodec.decode(W3CHttpResponseCodec.java:120)
at org.openqa.selenium.remote.http.W3CHttpResponseCodec.decode(W3CHttpResponseCodec.java:49)
at org.openqa.selenium.remote.HttpCommandExecutor.execute(HttpCommandExecutor.java:158)
at org.openqa.selenium.remote.service.DriverCommandExecutor.execute(DriverCommandExecutor.java:83)
at org.openqa.selenium.remote.RemoteWebDriver.execute(RemoteWebDriver.java:552)
at org.openqa.selenium.remote.RemoteWebDriver.execute(RemoteWebDriver.java:609)
at org.openqa.selenium.remote.RemoteWebDriver.close(RemoteWebDriver.java:442)
at com.triviagame.TestCases.BoundryValuesTest.afretAllTest(BoundryValuesTest.java:47)
at sun.reflect.GeneratedMethodAccessor2.invoke(Unknown Source)
at sun.reflect.DelegatingMethodAccessorImpl.invoke(DelegatingMethodAccessorImpl.java:43)
at java.lang.reflect.Method.invoke(Method.java:498)
at org.testng.internal.MethodInvocationHelper.invokeMethod(MethodInvocationHelper.java:124)
at org.testng.internal.MethodInvocationHelper.invokeMethodConsideringTimeout(MethodInvocationHelper.java:59)
at org.testng.internal.Invoker.invokeConfigurationMethod(Invoker.java:458)
at org.testng.internal.Invoker.invokeConfigurations(Invoker.java:222)
at org.testng.internal.Invoker.invokeMethod(Invoker.java:646)
at org.testng.internal.Invoker.invokeTestMethod(Invoker.java:719)
at org.testng.internal.Invoker.invokeTestMethods(Invoker.java:989)
at org.testng.internal.TestMethodWorker.invokeTestMethods(TestMethodWorker.java:125)
at org.testng.internal.TestMethodWorker.run(TestMethodWorker.java:109)
at org.testng.TestRunner.privateRun(TestRunner.java:648)
at org.testng.TestRunner.run(TestRunner.java:505)
at org.testng.SuiteRunner.runTest(SuiteRunner.java:455)
at org.testng.SuiteRunner.runSequentially(SuiteRunner.java:450)
at org.testng.SuiteRunner.privateRun(SuiteRunner.java:415)
at org.testng.SuiteRunner.run(SuiteRunner.java:364)
at org.testng.SuiteRunnerWorker.runSuite(SuiteRunnerWorker.java:52)
at org.testng.SuiteRunnerWorker.run(SuiteRunnerWorker.java:84)
at org.testng.TestNG.runSuitesSequentially(TestNG.java:1208)
at org.testng.TestNG.runSuitesLocally(TestNG.java:1137)
at org.testng.TestNG.runSuites(TestNG.java:1049)
at org.testng.TestNG.run(TestNG.java:1017)
at org.testng.remote.AbstractRemoteTestNG.run(AbstractRemoteTestNG.java:115)
at org.testng.remote.RemoteTestNG.initAndRun(RemoteTestNG.java:251)
at org.testng.remote.RemoteTestNG.main(RemoteTestNG.java:77)
]]>
            </full-stacktrace>
          </exception> <!-- org.openqa.selenium.UnhandledAlertException -->
          <reporter-output>
          </reporter-output>
        </test-method> <!-- TqSecondAnswerGameBvMult5 -->
        <test-method status="SKIP" signature="afretAllTest()[pri:0, instance:com.triviagame.TestCases.BoundryValuesTest@553f17c]" name="afretAllTest" is-config="true" duration-ms="0" started-at="2019-08-16T16:22:11Z" finished-at="2019-08-16T16:22:11Z">
          <reporter-output>
          </reporter-output>
        </test-method> <!-- afretAllTest -->
        <test-method status="SKIP" signature="startBrowser()[pri:0, instance:com.triviagame.TestCases.BoundryValuesTest@553f17c]" name="startBrowser" is-config="true" duration-ms="0" started-at="2019-08-16T16:22:11Z" finished-at="2019-08-16T16:22:11Z">
          <reporter-output>
          </reporter-output>
        </test-method> <!-- startBrowser -->
        <test-method status="SKIP" signature="TqThirdAnswerGameBvMult10()[pri:0, instance:com.triviagame.TestCases.BoundryValuesTest@553f17c]" name="TqThirdAnswerGameBvMult10" duration-ms="0" started-at="2019-08-16T16:22:11Z" finished-at="2019-08-16T16:22:11Z">
          <exception class="org.openqa.selenium.UnhandledAlertException">
            <message>
              <![CDATA[unexpected alert open: {Alert text : To many charest in answer number - 1}
  (Session info: chrome=76.0.3809.100): To many charest in answer number - 1
Build info: version: '3.141.59', revision: 'e82be7d358', time: '2018-11-14T08:17:03'
System info: host: 'DESKTOP-O2DK7QJ', ip: '192.168.1.109', os.name: 'Windows 10', os.arch: 'amd64', os.version: '10.0', java.version: '1.8.0_211'
Driver info: org.openqa.selenium.chrome.ChromeDriver
Capabilities {acceptInsecureCerts: false, browserName: chrome, browserVersion: 76.0.3809.100, chrome: {chromedriverVersion: 76.0.3809.68 (420c9498db8ce..., userDataDir: C:\Users\kc909\AppData\Loca...}, goog:chromeOptions: {debuggerAddress: localhost:63920}, javascriptEnabled: true, networkConnectionEnabled: false, pageLoadStrategy: normal, platform: XP, platformName: XP, proxy: Proxy(), setWindowRect: true, strictFileInteractability: false, timeouts: {implicit: 0, pageLoad: 300000, script: 30000}, unhandledPromptBehavior: dismiss and notify}
Session ID: 192556a49bdbad386e61ca95a3855ffa]]>
            </message>
            <full-stacktrace>
              <![CDATA[org.openqa.selenium.UnhandledAlertException: unexpected alert open: {Alert text : To many charest in answer number - 1}
  (Session info: chrome=76.0.3809.100): To many charest in answer number - 1
Build info: version: '3.141.59', revision: 'e82be7d358', time: '2018-11-14T08:17:03'
System info: host: 'DESKTOP-O2DK7QJ', ip: '192.168.1.109', os.name: 'Windows 10', os.arch: 'amd64', os.version: '10.0', java.version: '1.8.0_211'
Driver info: org.openqa.selenium.chrome.ChromeDriver
Capabilities {acceptInsecureCerts: false, browserName: chrome, browserVersion: 76.0.3809.100, chrome: {chromedriverVersion: 76.0.3809.68 (420c9498db8ce..., userDataDir: C:\Users\kc909\AppData\Loca...}, goog:chromeOptions: {debuggerAddress: localhost:63920}, javascriptEnabled: true, networkConnectionEnabled: false, pageLoadStrategy: normal, platform: XP, platformName: XP, proxy: Proxy(), setWindowRect: true, strictFileInteractability: false, timeouts: {implicit: 0, pageLoad: 300000, script: 30000}, unhandledPromptBehavior: dismiss and notify}
Session ID: 192556a49bdbad386e61ca95a3855ffa
at org.openqa.selenium.remote.http.W3CHttpResponseCodec.decode(W3CHttpResponseCodec.java:120)
at org.openqa.selenium.remote.http.W3CHttpResponseCodec.decode(W3CHttpResponseCodec.java:49)
at org.openqa.selenium.remote.HttpCommandExecutor.execute(HttpCommandExecutor.java:158)
at org.openqa.selenium.remote.service.DriverCommandExecutor.execute(DriverCommandExecutor.java:83)
at org.openqa.selenium.remote.RemoteWebDriver.execute(RemoteWebDriver.java:552)
at org.openqa.selenium.remote.RemoteWebDriver.execute(RemoteWebDriver.java:609)
at org.openqa.selenium.remote.RemoteWebDriver.close(RemoteWebDriver.java:442)
at com.triviagame.TestCases.BoundryValuesTest.afretAllTest(BoundryValuesTest.java:47)
at sun.reflect.GeneratedMethodAccessor2.invoke(Unknown Source)
at sun.reflect.DelegatingMethodAccessorImpl.invoke(DelegatingMethodAccessorImpl.java:43)
at java.lang.reflect.Method.invoke(Method.java:498)
at org.testng.internal.MethodInvocationHelper.invokeMethod(MethodInvocationHelper.java:124)
at org.testng.internal.MethodInvocationHelper.invokeMethodConsideringTimeout(MethodInvocationHelper.java:59)
at org.testng.internal.Invoker.invokeConfigurationMethod(Invoker.java:458)
at org.testng.internal.Invoker.invokeConfigurations(Invoker.java:222)
at org.testng.internal.Invoker.invokeMethod(Invoker.java:646)
at org.testng.internal.Invoker.invokeTestMethod(Invoker.java:719)
at org.testng.internal.Invoker.invokeTestMethods(Invoker.java:989)
at org.testng.internal.TestMethodWorker.invokeTestMethods(TestMethodWorker.java:125)
at org.testng.internal.TestMethodWorker.run(TestMethodWorker.java:109)
at org.testng.TestRunner.privateRun(TestRunner.java:648)
at org.testng.TestRunner.run(TestRunner.java:505)
at org.testng.SuiteRunner.runTest(SuiteRunner.java:455)
at org.testng.SuiteRunner.runSequentially(SuiteRunner.java:450)
at org.testng.SuiteRunner.privateRun(SuiteRunner.java:415)
at org.testng.SuiteRunner.run(SuiteRunner.java:364)
at org.testng.SuiteRunnerWorker.runSuite(SuiteRunnerWorker.java:52)
at org.testng.SuiteRunnerWorker.run(SuiteRunnerWorker.java:84)
at org.testng.TestNG.runSuitesSequentially(TestNG.java:1208)
at org.testng.TestNG.runSuitesLocally(TestNG.java:1137)
at org.testng.TestNG.runSuites(TestNG.java:1049)
at org.testng.TestNG.run(TestNG.java:1017)
at org.testng.remote.AbstractRemoteTestNG.run(AbstractRemoteTestNG.java:115)
at org.testng.remote.RemoteTestNG.initAndRun(RemoteTestNG.java:251)
at org.testng.remote.RemoteTestNG.main(RemoteTestNG.java:77)
]]>
            </full-stacktrace>
          </exception> <!-- org.openqa.selenium.UnhandledAlertException -->
          <reporter-output>
          </reporter-output>
        </test-method> <!-- TqThirdAnswerGameBvMult10 -->
        <test-method status="SKIP" signature="afretAllTest()[pri:0, instance:com.triviagame.TestCases.BoundryValuesTest@553f17c]" name="afretAllTest" is-config="true" duration-ms="0" started-at="2019-08-16T16:22:11Z" finished-at="2019-08-16T16:22:11Z">
          <reporter-output>
          </reporter-output>
        </test-method> <!-- afretAllTest -->
        <test-method status="SKIP" signature="startBrowser()[pri:0, instance:com.triviagame.TestCases.BoundryValuesTest@553f17c]" name="startBrowser" is-config="true" duration-ms="0" started-at="2019-08-16T16:22:11Z" finished-at="2019-08-16T16:22:11Z">
          <reporter-output>
          </reporter-output>
        </test-method> <!-- startBrowser -->
        <test-method status="SKIP" signature="TqThirdAnswerGameBvMult20()[pri:0, instance:com.triviagame.TestCases.BoundryValuesTest@553f17c]" name="TqThirdAnswerGameBvMult20" duration-ms="0" started-at="2019-08-16T16:22:11Z" finished-at="2019-08-16T16:22:11Z">
          <exception class="org.openqa.selenium.UnhandledAlertException">
            <message>
              <![CDATA[unexpected alert open: {Alert text : To many charest in answer number - 1}
  (Session info: chrome=76.0.3809.100): To many charest in answer number - 1
Build info: version: '3.141.59', revision: 'e82be7d358', time: '2018-11-14T08:17:03'
System info: host: 'DESKTOP-O2DK7QJ', ip: '192.168.1.109', os.name: 'Windows 10', os.arch: 'amd64', os.version: '10.0', java.version: '1.8.0_211'
Driver info: org.openqa.selenium.chrome.ChromeDriver
Capabilities {acceptInsecureCerts: false, browserName: chrome, browserVersion: 76.0.3809.100, chrome: {chromedriverVersion: 76.0.3809.68 (420c9498db8ce..., userDataDir: C:\Users\kc909\AppData\Loca...}, goog:chromeOptions: {debuggerAddress: localhost:63920}, javascriptEnabled: true, networkConnectionEnabled: false, pageLoadStrategy: normal, platform: XP, platformName: XP, proxy: Proxy(), setWindowRect: true, strictFileInteractability: false, timeouts: {implicit: 0, pageLoad: 300000, script: 30000}, unhandledPromptBehavior: dismiss and notify}
Session ID: 192556a49bdbad386e61ca95a3855ffa]]>
            </message>
            <full-stacktrace>
              <![CDATA[org.openqa.selenium.UnhandledAlertException: unexpected alert open: {Alert text : To many charest in answer number - 1}
  (Session info: chrome=76.0.3809.100): To many charest in answer number - 1
Build info: version: '3.141.59', revision: 'e82be7d358', time: '2018-11-14T08:17:03'
System info: host: 'DESKTOP-O2DK7QJ', ip: '192.168.1.109', os.name: 'Windows 10', os.arch: 'amd64', os.version: '10.0', java.version: '1.8.0_211'
Driver info: org.openqa.selenium.chrome.ChromeDriver
Capabilities {acceptInsecureCerts: false, browserName: chrome, browserVersion: 76.0.3809.100, chrome: {chromedriverVersion: 76.0.3809.68 (420c9498db8ce..., userDataDir: C:\Users\kc909\AppData\Loca...}, goog:chromeOptions: {debuggerAddress: localhost:63920}, javascriptEnabled: true, networkConnectionEnabled: false, pageLoadStrategy: normal, platform: XP, platformName: XP, proxy: Proxy(), setWindowRect: true, strictFileInteractability: false, timeouts: {implicit: 0, pageLoad: 300000, script: 30000}, unhandledPromptBehavior: dismiss and notify}
Session ID: 192556a49bdbad386e61ca95a3855ffa
at org.openqa.selenium.remote.http.W3CHttpResponseCodec.decode(W3CHttpResponseCodec.java:120)
at org.openqa.selenium.remote.http.W3CHttpResponseCodec.decode(W3CHttpResponseCodec.java:49)
at org.openqa.selenium.remote.HttpCommandExecutor.execute(HttpCommandExecutor.java:158)
at org.openqa.selenium.remote.service.DriverCommandExecutor.execute(DriverCommandExecutor.java:83)
at org.openqa.selenium.remote.RemoteWebDriver.execute(RemoteWebDriver.java:552)
at org.openqa.selenium.remote.RemoteWebDriver.execute(RemoteWebDriver.java:609)
at org.openqa.selenium.remote.RemoteWebDriver.close(RemoteWebDriver.java:442)
at com.triviagame.TestCases.BoundryValuesTest.afretAllTest(BoundryValuesTest.java:47)
at sun.reflect.GeneratedMethodAccessor2.invoke(Unknown Source)
at sun.reflect.DelegatingMethodAccessorImpl.invoke(DelegatingMethodAccessorImpl.java:43)
at java.lang.reflect.Method.invoke(Method.java:498)
at org.testng.internal.MethodInvocationHelper.invokeMethod(MethodInvocationHelper.java:124)
at org.testng.internal.MethodInvocationHelper.invokeMethodConsideringTimeout(MethodInvocationHelper.java:59)
at org.testng.internal.Invoker.invokeConfigurationMethod(Invoker.java:458)
at org.testng.internal.Invoker.invokeConfigurations(Invoker.java:222)
at org.testng.internal.Invoker.invokeMethod(Invoker.java:646)
at org.testng.internal.Invoker.invokeTestMethod(Invoker.java:719)
at org.testng.internal.Invoker.invokeTestMethods(Invoker.java:989)
at org.testng.internal.TestMethodWorker.invokeTestMethods(TestMethodWorker.java:125)
at org.testng.internal.TestMethodWorker.run(TestMethodWorker.java:109)
at org.testng.TestRunner.privateRun(TestRunner.java:648)
at org.testng.TestRunner.run(TestRunner.java:505)
at org.testng.SuiteRunner.runTest(SuiteRunner.java:455)
at org.testng.SuiteRunner.runSequentially(SuiteRunner.java:450)
at org.testng.SuiteRunner.privateRun(SuiteRunner.java:415)
at org.testng.SuiteRunner.run(SuiteRunner.java:364)
at org.testng.SuiteRunnerWorker.runSuite(SuiteRunnerWorker.java:52)
at org.testng.SuiteRunnerWorker.run(SuiteRunnerWorker.java:84)
at org.testng.TestNG.runSuitesSequentially(TestNG.java:1208)
at org.testng.TestNG.runSuitesLocally(TestNG.java:1137)
at org.testng.TestNG.runSuites(TestNG.java:1049)
at org.testng.TestNG.run(TestNG.java:1017)
at org.testng.remote.AbstractRemoteTestNG.run(AbstractRemoteTestNG.java:115)
at org.testng.remote.RemoteTestNG.initAndRun(RemoteTestNG.java:251)
at org.testng.remote.RemoteTestNG.main(RemoteTestNG.java:77)
]]>
            </full-stacktrace>
          </exception> <!-- org.openqa.selenium.UnhandledAlertException -->
          <reporter-output>
          </reporter-output>
        </test-method> <!-- TqThirdAnswerGameBvMult20 -->
        <test-method status="SKIP" signature="afretAllTest()[pri:0, instance:com.triviagame.TestCases.BoundryValuesTest@553f17c]" name="afretAllTest" is-config="true" duration-ms="0" started-at="2019-08-16T16:22:11Z" finished-at="2019-08-16T16:22:11Z">
          <reporter-output>
          </reporter-output>
        </test-method> <!-- afretAllTest -->
        <test-method status="SKIP" signature="startBrowser()[pri:0, instance:com.triviagame.TestCases.BoundryValuesTest@553f17c]" name="startBrowser" is-config="true" duration-ms="0" started-at="2019-08-16T16:22:11Z" finished-at="2019-08-16T16:22:11Z">
          <reporter-output>
          </reporter-output>
        </test-method> <!-- startBrowser -->
        <test-method status="SKIP" signature="TqThirdAnswerGameBvMult40()[pri:0, instance:com.triviagame.TestCases.BoundryValuesTest@553f17c]" name="TqThirdAnswerGameBvMult40" duration-ms="0" started-at="2019-08-16T16:22:11Z" finished-at="2019-08-16T16:22:11Z">
          <exception class="org.openqa.selenium.UnhandledAlertException">
            <message>
              <![CDATA[unexpected alert open: {Alert text : To many charest in answer number - 1}
  (Session info: chrome=76.0.3809.100): To many charest in answer number - 1
Build info: version: '3.141.59', revision: 'e82be7d358', time: '2018-11-14T08:17:03'
System info: host: 'DESKTOP-O2DK7QJ', ip: '192.168.1.109', os.name: 'Windows 10', os.arch: 'amd64', os.version: '10.0', java.version: '1.8.0_211'
Driver info: org.openqa.selenium.chrome.ChromeDriver
Capabilities {acceptInsecureCerts: false, browserName: chrome, browserVersion: 76.0.3809.100, chrome: {chromedriverVersion: 76.0.3809.68 (420c9498db8ce..., userDataDir: C:\Users\kc909\AppData\Loca...}, goog:chromeOptions: {debuggerAddress: localhost:63920}, javascriptEnabled: true, networkConnectionEnabled: false, pageLoadStrategy: normal, platform: XP, platformName: XP, proxy: Proxy(), setWindowRect: true, strictFileInteractability: false, timeouts: {implicit: 0, pageLoad: 300000, script: 30000}, unhandledPromptBehavior: dismiss and notify}
Session ID: 192556a49bdbad386e61ca95a3855ffa]]>
            </message>
            <full-stacktrace>
              <![CDATA[org.openqa.selenium.UnhandledAlertException: unexpected alert open: {Alert text : To many charest in answer number - 1}
  (Session info: chrome=76.0.3809.100): To many charest in answer number - 1
Build info: version: '3.141.59', revision: 'e82be7d358', time: '2018-11-14T08:17:03'
System info: host: 'DESKTOP-O2DK7QJ', ip: '192.168.1.109', os.name: 'Windows 10', os.arch: 'amd64', os.version: '10.0', java.version: '1.8.0_211'
Driver info: org.openqa.selenium.chrome.ChromeDriver
Capabilities {acceptInsecureCerts: false, browserName: chrome, browserVersion: 76.0.3809.100, chrome: {chromedriverVersion: 76.0.3809.68 (420c9498db8ce..., userDataDir: C:\Users\kc909\AppData\Loca...}, goog:chromeOptions: {debuggerAddress: localhost:63920}, javascriptEnabled: true, networkConnectionEnabled: false, pageLoadStrategy: normal, platform: XP, platformName: XP, proxy: Proxy(), setWindowRect: true, strictFileInteractability: false, timeouts: {implicit: 0, pageLoad: 300000, script: 30000}, unhandledPromptBehavior: dismiss and notify}
Session ID: 192556a49bdbad386e61ca95a3855ffa
at org.openqa.selenium.remote.http.W3CHttpResponseCodec.decode(W3CHttpResponseCodec.java:120)
at org.openqa.selenium.remote.http.W3CHttpResponseCodec.decode(W3CHttpResponseCodec.java:49)
at org.openqa.selenium.remote.HttpCommandExecutor.execute(HttpCommandExecutor.java:158)
at org.openqa.selenium.remote.service.DriverCommandExecutor.execute(DriverCommandExecutor.java:83)
at org.openqa.selenium.remote.RemoteWebDriver.execute(RemoteWebDriver.java:552)
at org.openqa.selenium.remote.RemoteWebDriver.execute(RemoteWebDriver.java:609)
at org.openqa.selenium.remote.RemoteWebDriver.close(RemoteWebDriver.java:442)
at com.triviagame.TestCases.BoundryValuesTest.afretAllTest(BoundryValuesTest.java:47)
at sun.reflect.GeneratedMethodAccessor2.invoke(Unknown Source)
at sun.reflect.DelegatingMethodAccessorImpl.invoke(DelegatingMethodAccessorImpl.java:43)
at java.lang.reflect.Method.invoke(Method.java:498)
at org.testng.internal.MethodInvocationHelper.invokeMethod(MethodInvocationHelper.java:124)
at org.testng.internal.MethodInvocationHelper.invokeMethodConsideringTimeout(MethodInvocationHelper.java:59)
at org.testng.internal.Invoker.invokeConfigurationMethod(Invoker.java:458)
at org.testng.internal.Invoker.invokeConfigurations(Invoker.java:222)
at org.testng.internal.Invoker.invokeMethod(Invoker.java:646)
at org.testng.internal.Invoker.invokeTestMethod(Invoker.java:719)
at org.testng.internal.Invoker.invokeTestMethods(Invoker.java:989)
at org.testng.internal.TestMethodWorker.invokeTestMethods(TestMethodWorker.java:125)
at org.testng.internal.TestMethodWorker.run(TestMethodWorker.java:109)
at org.testng.TestRunner.privateRun(TestRunner.java:648)
at org.testng.TestRunner.run(TestRunner.java:505)
at org.testng.SuiteRunner.runTest(SuiteRunner.java:455)
at org.testng.SuiteRunner.runSequentially(SuiteRunner.java:450)
at org.testng.SuiteRunner.privateRun(SuiteRunner.java:415)
at org.testng.SuiteRunner.run(SuiteRunner.java:364)
at org.testng.SuiteRunnerWorker.runSuite(SuiteRunnerWorker.java:52)
at org.testng.SuiteRunnerWorker.run(SuiteRunnerWorker.java:84)
at org.testng.TestNG.runSuitesSequentially(TestNG.java:1208)
at org.testng.TestNG.runSuitesLocally(TestNG.java:1137)
at org.testng.TestNG.runSuites(TestNG.java:1049)
at org.testng.TestNG.run(TestNG.java:1017)
at org.testng.remote.AbstractRemoteTestNG.run(AbstractRemoteTestNG.java:115)
at org.testng.remote.RemoteTestNG.initAndRun(RemoteTestNG.java:251)
at org.testng.remote.RemoteTestNG.main(RemoteTestNG.java:77)
]]>
            </full-stacktrace>
          </exception> <!-- org.openqa.selenium.UnhandledAlertException -->
          <reporter-output>
          </reporter-output>
        </test-method> <!-- TqThirdAnswerGameBvMult40 -->
        <test-method status="SKIP" signature="afretAllTest()[pri:0, instance:com.triviagame.TestCases.BoundryValuesTest@553f17c]" name="afretAllTest" is-config="true" duration-ms="0" started-at="2019-08-16T16:22:11Z" finished-at="2019-08-16T16:22:11Z">
          <reporter-output>
          </reporter-output>
        </test-method> <!-- afretAllTest -->
        <test-method status="SKIP" signature="startBrowser()[pri:0, instance:com.triviagame.TestCases.BoundryValuesTest@553f17c]" name="startBrowser" is-config="true" duration-ms="0" started-at="2019-08-16T16:22:11Z" finished-at="2019-08-16T16:22:11Z">
          <reporter-output>
          </reporter-output>
        </test-method> <!-- startBrowser -->
        <test-method status="SKIP" signature="TqThirdAnswerGameBvMult5()[pri:0, instance:com.triviagame.TestCases.BoundryValuesTest@553f17c]" name="TqThirdAnswerGameBvMult5" duration-ms="0" started-at="2019-08-16T16:22:11Z" finished-at="2019-08-16T16:22:11Z">
          <exception class="org.openqa.selenium.UnhandledAlertException">
            <message>
              <![CDATA[unexpected alert open: {Alert text : To many charest in answer number - 1}
  (Session info: chrome=76.0.3809.100): To many charest in answer number - 1
Build info: version: '3.141.59', revision: 'e82be7d358', time: '2018-11-14T08:17:03'
System info: host: 'DESKTOP-O2DK7QJ', ip: '192.168.1.109', os.name: 'Windows 10', os.arch: 'amd64', os.version: '10.0', java.version: '1.8.0_211'
Driver info: org.openqa.selenium.chrome.ChromeDriver
Capabilities {acceptInsecureCerts: false, browserName: chrome, browserVersion: 76.0.3809.100, chrome: {chromedriverVersion: 76.0.3809.68 (420c9498db8ce..., userDataDir: C:\Users\kc909\AppData\Loca...}, goog:chromeOptions: {debuggerAddress: localhost:63920}, javascriptEnabled: true, networkConnectionEnabled: false, pageLoadStrategy: normal, platform: XP, platformName: XP, proxy: Proxy(), setWindowRect: true, strictFileInteractability: false, timeouts: {implicit: 0, pageLoad: 300000, script: 30000}, unhandledPromptBehavior: dismiss and notify}
Session ID: 192556a49bdbad386e61ca95a3855ffa]]>
            </message>
            <full-stacktrace>
              <![CDATA[org.openqa.selenium.UnhandledAlertException: unexpected alert open: {Alert text : To many charest in answer number - 1}
  (Session info: chrome=76.0.3809.100): To many charest in answer number - 1
Build info: version: '3.141.59', revision: 'e82be7d358', time: '2018-11-14T08:17:03'
System info: host: 'DESKTOP-O2DK7QJ', ip: '192.168.1.109', os.name: 'Windows 10', os.arch: 'amd64', os.version: '10.0', java.version: '1.8.0_211'
Driver info: org.openqa.selenium.chrome.ChromeDriver
Capabilities {acceptInsecureCerts: false, browserName: chrome, browserVersion: 76.0.3809.100, chrome: {chromedriverVersion: 76.0.3809.68 (420c9498db8ce..., userDataDir: C:\Users\kc909\AppData\Loca...}, goog:chromeOptions: {debuggerAddress: localhost:63920}, javascriptEnabled: true, networkConnectionEnabled: false, pageLoadStrategy: normal, platform: XP, platformName: XP, proxy: Proxy(), setWindowRect: true, strictFileInteractability: false, timeouts: {implicit: 0, pageLoad: 300000, script: 30000}, unhandledPromptBehavior: dismiss and notify}
Session ID: 192556a49bdbad386e61ca95a3855ffa
at org.openqa.selenium.remote.http.W3CHttpResponseCodec.decode(W3CHttpResponseCodec.java:120)
at org.openqa.selenium.remote.http.W3CHttpResponseCodec.decode(W3CHttpResponseCodec.java:49)
at org.openqa.selenium.remote.HttpCommandExecutor.execute(HttpCommandExecutor.java:158)
at org.openqa.selenium.remote.service.DriverCommandExecutor.execute(DriverCommandExecutor.java:83)
at org.openqa.selenium.remote.RemoteWebDriver.execute(RemoteWebDriver.java:552)
at org.openqa.selenium.remote.RemoteWebDriver.execute(RemoteWebDriver.java:609)
at org.openqa.selenium.remote.RemoteWebDriver.close(RemoteWebDriver.java:442)
at com.triviagame.TestCases.BoundryValuesTest.afretAllTest(BoundryValuesTest.java:47)
at sun.reflect.GeneratedMethodAccessor2.invoke(Unknown Source)
at sun.reflect.DelegatingMethodAccessorImpl.invoke(DelegatingMethodAccessorImpl.java:43)
at java.lang.reflect.Method.invoke(Method.java:498)
at org.testng.internal.MethodInvocationHelper.invokeMethod(MethodInvocationHelper.java:124)
at org.testng.internal.MethodInvocationHelper.invokeMethodConsideringTimeout(MethodInvocationHelper.java:59)
at org.testng.internal.Invoker.invokeConfigurationMethod(Invoker.java:458)
at org.testng.internal.Invoker.invokeConfigurations(Invoker.java:222)
at org.testng.internal.Invoker.invokeMethod(Invoker.java:646)
at org.testng.internal.Invoker.invokeTestMethod(Invoker.java:719)
at org.testng.internal.Invoker.invokeTestMethods(Invoker.java:989)
at org.testng.internal.TestMethodWorker.invokeTestMethods(TestMethodWorker.java:125)
at org.testng.internal.TestMethodWorker.run(TestMethodWorker.java:109)
at org.testng.TestRunner.privateRun(TestRunner.java:648)
at org.testng.TestRunner.run(TestRunner.java:505)
at org.testng.SuiteRunner.runTest(SuiteRunner.java:455)
at org.testng.SuiteRunner.runSequentially(SuiteRunner.java:450)
at org.testng.SuiteRunner.privateRun(SuiteRunner.java:415)
at org.testng.SuiteRunner.run(SuiteRunner.java:364)
at org.testng.SuiteRunnerWorker.runSuite(SuiteRunnerWorker.java:52)
at org.testng.SuiteRunnerWorker.run(SuiteRunnerWorker.java:84)
at org.testng.TestNG.runSuitesSequentially(TestNG.java:1208)
at org.testng.TestNG.runSuitesLocally(TestNG.java:1137)
at org.testng.TestNG.runSuites(TestNG.java:1049)
at org.testng.TestNG.run(TestNG.java:1017)
at org.testng.remote.AbstractRemoteTestNG.run(AbstractRemoteTestNG.java:115)
at org.testng.remote.RemoteTestNG.initAndRun(RemoteTestNG.java:251)
at org.testng.remote.RemoteTestNG.main(RemoteTestNG.java:77)
]]>
            </full-stacktrace>
          </exception> <!-- org.openqa.selenium.UnhandledAlertException -->
          <reporter-output>
          </reporter-output>
        </test-method> <!-- TqThirdAnswerGameBvMult5 -->
        <test-method status="SKIP" signature="afretAllTest()[pri:0, instance:com.triviagame.TestCases.BoundryValuesTest@553f17c]" name="afretAllTest" is-config="true" duration-ms="0" started-at="2019-08-16T16:22:11Z" finished-at="2019-08-16T16:22:11Z">
          <reporter-output>
          </reporter-output>
        </test-method> <!-- afretAllTest -->
        <test-method status="SKIP" signature="startBrowser()[pri:0, instance:com.triviagame.TestCases.BoundryValuesTest@553f17c]" name="startBrowser" is-config="true" duration-ms="0" started-at="2019-08-16T16:22:11Z" finished-at="2019-08-16T16:22:11Z">
          <reporter-output>
          </reporter-output>
        </test-method> <!-- startBrowser -->
        <test-method status="SKIP" signature="TqThirdQuestionGameBvMult10()[pri:0, instance:com.triviagame.TestCases.BoundryValuesTest@553f17c]" name="TqThirdQuestionGameBvMult10" duration-ms="0" started-at="2019-08-16T16:22:11Z" finished-at="2019-08-16T16:22:11Z">
          <exception class="org.openqa.selenium.UnhandledAlertException">
            <message>
              <![CDATA[unexpected alert open: {Alert text : To many charest in answer number - 1}
  (Session info: chrome=76.0.3809.100): To many charest in answer number - 1
Build info: version: '3.141.59', revision: 'e82be7d358', time: '2018-11-14T08:17:03'
System info: host: 'DESKTOP-O2DK7QJ', ip: '192.168.1.109', os.name: 'Windows 10', os.arch: 'amd64', os.version: '10.0', java.version: '1.8.0_211'
Driver info: org.openqa.selenium.chrome.ChromeDriver
Capabilities {acceptInsecureCerts: false, browserName: chrome, browserVersion: 76.0.3809.100, chrome: {chromedriverVersion: 76.0.3809.68 (420c9498db8ce..., userDataDir: C:\Users\kc909\AppData\Loca...}, goog:chromeOptions: {debuggerAddress: localhost:63920}, javascriptEnabled: true, networkConnectionEnabled: false, pageLoadStrategy: normal, platform: XP, platformName: XP, proxy: Proxy(), setWindowRect: true, strictFileInteractability: false, timeouts: {implicit: 0, pageLoad: 300000, script: 30000}, unhandledPromptBehavior: dismiss and notify}
Session ID: 192556a49bdbad386e61ca95a3855ffa]]>
            </message>
            <full-stacktrace>
              <![CDATA[org.openqa.selenium.UnhandledAlertException: unexpected alert open: {Alert text : To many charest in answer number - 1}
  (Session info: chrome=76.0.3809.100): To many charest in answer number - 1
Build info: version: '3.141.59', revision: 'e82be7d358', time: '2018-11-14T08:17:03'
System info: host: 'DESKTOP-O2DK7QJ', ip: '192.168.1.109', os.name: 'Windows 10', os.arch: 'amd64', os.version: '10.0', java.version: '1.8.0_211'
Driver info: org.openqa.selenium.chrome.ChromeDriver
Capabilities {acceptInsecureCerts: false, browserName: chrome, browserVersion: 76.0.3809.100, chrome: {chromedriverVersion: 76.0.3809.68 (420c9498db8ce..., userDataDir: C:\Users\kc909\AppData\Loca...}, goog:chromeOptions: {debuggerAddress: localhost:63920}, javascriptEnabled: true, networkConnectionEnabled: false, pageLoadStrategy: normal, platform: XP, platformName: XP, proxy: Proxy(), setWindowRect: true, strictFileInteractability: false, timeouts: {implicit: 0, pageLoad: 300000, script: 30000}, unhandledPromptBehavior: dismiss and notify}
Session ID: 192556a49bdbad386e61ca95a3855ffa
at org.openqa.selenium.remote.http.W3CHttpResponseCodec.decode(W3CHttpResponseCodec.java:120)
at org.openqa.selenium.remote.http.W3CHttpResponseCodec.decode(W3CHttpResponseCodec.java:49)
at org.openqa.selenium.remote.HttpCommandExecutor.execute(HttpCommandExecutor.java:158)
at org.openqa.selenium.remote.service.DriverCommandExecutor.execute(DriverCommandExecutor.java:83)
at org.openqa.selenium.remote.RemoteWebDriver.execute(RemoteWebDriver.java:552)
at org.openqa.selenium.remote.RemoteWebDriver.execute(RemoteWebDriver.java:609)
at org.openqa.selenium.remote.RemoteWebDriver.close(RemoteWebDriver.java:442)
at com.triviagame.TestCases.BoundryValuesTest.afretAllTest(BoundryValuesTest.java:47)
at sun.reflect.GeneratedMethodAccessor2.invoke(Unknown Source)
at sun.reflect.DelegatingMethodAccessorImpl.invoke(DelegatingMethodAccessorImpl.java:43)
at java.lang.reflect.Method.invoke(Method.java:498)
at org.testng.internal.MethodInvocationHelper.invokeMethod(MethodInvocationHelper.java:124)
at org.testng.internal.MethodInvocationHelper.invokeMethodConsideringTimeout(MethodInvocationHelper.java:59)
at org.testng.internal.Invoker.invokeConfigurationMethod(Invoker.java:458)
at org.testng.internal.Invoker.invokeConfigurations(Invoker.java:222)
at org.testng.internal.Invoker.invokeMethod(Invoker.java:646)
at org.testng.internal.Invoker.invokeTestMethod(Invoker.java:719)
at org.testng.internal.Invoker.invokeTestMethods(Invoker.java:989)
at org.testng.internal.TestMethodWorker.invokeTestMethods(TestMethodWorker.java:125)
at org.testng.internal.TestMethodWorker.run(TestMethodWorker.java:109)
at org.testng.TestRunner.privateRun(TestRunner.java:648)
at org.testng.TestRunner.run(TestRunner.java:505)
at org.testng.SuiteRunner.runTest(SuiteRunner.java:455)
at org.testng.SuiteRunner.runSequentially(SuiteRunner.java:450)
at org.testng.SuiteRunner.privateRun(SuiteRunner.java:415)
at org.testng.SuiteRunner.run(SuiteRunner.java:364)
at org.testng.SuiteRunnerWorker.runSuite(SuiteRunnerWorker.java:52)
at org.testng.SuiteRunnerWorker.run(SuiteRunnerWorker.java:84)
at org.testng.TestNG.runSuitesSequentially(TestNG.java:1208)
at org.testng.TestNG.runSuitesLocally(TestNG.java:1137)
at org.testng.TestNG.runSuites(TestNG.java:1049)
at org.testng.TestNG.run(TestNG.java:1017)
at org.testng.remote.AbstractRemoteTestNG.run(AbstractRemoteTestNG.java:115)
at org.testng.remote.RemoteTestNG.initAndRun(RemoteTestNG.java:251)
at org.testng.remote.RemoteTestNG.main(RemoteTestNG.java:77)
]]>
            </full-stacktrace>
          </exception> <!-- org.openqa.selenium.UnhandledAlertException -->
          <reporter-output>
          </reporter-output>
        </test-method> <!-- TqThirdQuestionGameBvMult10 -->
        <test-method status="SKIP" signature="afretAllTest()[pri:0, instance:com.triviagame.TestCases.BoundryValuesTest@553f17c]" name="afretAllTest" is-config="true" duration-ms="0" started-at="2019-08-16T16:22:11Z" finished-at="2019-08-16T16:22:11Z">
          <reporter-output>
          </reporter-output>
        </test-method> <!-- afretAllTest -->
        <test-method status="SKIP" signature="startBrowser()[pri:0, instance:com.triviagame.TestCases.BoundryValuesTest@553f17c]" name="startBrowser" is-config="true" duration-ms="0" started-at="2019-08-16T16:22:11Z" finished-at="2019-08-16T16:22:11Z">
          <reporter-output>
          </reporter-output>
        </test-method> <!-- startBrowser -->
        <test-method status="SKIP" signature="TqThirdQuestionGameBvMult20()[pri:0, instance:com.triviagame.TestCases.BoundryValuesTest@553f17c]" name="TqThirdQuestionGameBvMult20" duration-ms="0" started-at="2019-08-16T16:22:11Z" finished-at="2019-08-16T16:22:11Z">
          <exception class="org.openqa.selenium.UnhandledAlertException">
            <message>
              <![CDATA[unexpected alert open: {Alert text : To many charest in answer number - 1}
  (Session info: chrome=76.0.3809.100): To many charest in answer number - 1
Build info: version: '3.141.59', revision: 'e82be7d358', time: '2018-11-14T08:17:03'
System info: host: 'DESKTOP-O2DK7QJ', ip: '192.168.1.109', os.name: 'Windows 10', os.arch: 'amd64', os.version: '10.0', java.version: '1.8.0_211'
Driver info: org.openqa.selenium.chrome.ChromeDriver
Capabilities {acceptInsecureCerts: false, browserName: chrome, browserVersion: 76.0.3809.100, chrome: {chromedriverVersion: 76.0.3809.68 (420c9498db8ce..., userDataDir: C:\Users\kc909\AppData\Loca...}, goog:chromeOptions: {debuggerAddress: localhost:63920}, javascriptEnabled: true, networkConnectionEnabled: false, pageLoadStrategy: normal, platform: XP, platformName: XP, proxy: Proxy(), setWindowRect: true, strictFileInteractability: false, timeouts: {implicit: 0, pageLoad: 300000, script: 30000}, unhandledPromptBehavior: dismiss and notify}
Session ID: 192556a49bdbad386e61ca95a3855ffa]]>
            </message>
            <full-stacktrace>
              <![CDATA[org.openqa.selenium.UnhandledAlertException: unexpected alert open: {Alert text : To many charest in answer number - 1}
  (Session info: chrome=76.0.3809.100): To many charest in answer number - 1
Build info: version: '3.141.59', revision: 'e82be7d358', time: '2018-11-14T08:17:03'
System info: host: 'DESKTOP-O2DK7QJ', ip: '192.168.1.109', os.name: 'Windows 10', os.arch: 'amd64', os.version: '10.0', java.version: '1.8.0_211'
Driver info: org.openqa.selenium.chrome.ChromeDriver
Capabilities {acceptInsecureCerts: false, browserName: chrome, browserVersion: 76.0.3809.100, chrome: {chromedriverVersion: 76.0.3809.68 (420c9498db8ce..., userDataDir: C:\Users\kc909\AppData\Loca...}, goog:chromeOptions: {debuggerAddress: localhost:63920}, javascriptEnabled: true, networkConnectionEnabled: false, pageLoadStrategy: normal, platform: XP, platformName: XP, proxy: Proxy(), setWindowRect: true, strictFileInteractability: false, timeouts: {implicit: 0, pageLoad: 300000, script: 30000}, unhandledPromptBehavior: dismiss and notify}
Session ID: 192556a49bdbad386e61ca95a3855ffa
at org.openqa.selenium.remote.http.W3CHttpResponseCodec.decode(W3CHttpResponseCodec.java:120)
at org.openqa.selenium.remote.http.W3CHttpResponseCodec.decode(W3CHttpResponseCodec.java:49)
at org.openqa.selenium.remote.HttpCommandExecutor.execute(HttpCommandExecutor.java:158)
at org.openqa.selenium.remote.service.DriverCommandExecutor.execute(DriverCommandExecutor.java:83)
at org.openqa.selenium.remote.RemoteWebDriver.execute(RemoteWebDriver.java:552)
at org.openqa.selenium.remote.RemoteWebDriver.execute(RemoteWebDriver.java:609)
at org.openqa.selenium.remote.RemoteWebDriver.close(RemoteWebDriver.java:442)
at com.triviagame.TestCases.BoundryValuesTest.afretAllTest(BoundryValuesTest.java:47)
at sun.reflect.GeneratedMethodAccessor2.invoke(Unknown Source)
at sun.reflect.DelegatingMethodAccessorImpl.invoke(DelegatingMethodAccessorImpl.java:43)
at java.lang.reflect.Method.invoke(Method.java:498)
at org.testng.internal.MethodInvocationHelper.invokeMethod(MethodInvocationHelper.java:124)
at org.testng.internal.MethodInvocationHelper.invokeMethodConsideringTimeout(MethodInvocationHelper.java:59)
at org.testng.internal.Invoker.invokeConfigurationMethod(Invoker.java:458)
at org.testng.internal.Invoker.invokeConfigurations(Invoker.java:222)
at org.testng.internal.Invoker.invokeMethod(Invoker.java:646)
at org.testng.internal.Invoker.invokeTestMethod(Invoker.java:719)
at org.testng.internal.Invoker.invokeTestMethods(Invoker.java:989)
at org.testng.internal.TestMethodWorker.invokeTestMethods(TestMethodWorker.java:125)
at org.testng.internal.TestMethodWorker.run(TestMethodWorker.java:109)
at org.testng.TestRunner.privateRun(TestRunner.java:648)
at org.testng.TestRunner.run(TestRunner.java:505)
at org.testng.SuiteRunner.runTest(SuiteRunner.java:455)
at org.testng.SuiteRunner.runSequentially(SuiteRunner.java:450)
at org.testng.SuiteRunner.privateRun(SuiteRunner.java:415)
at org.testng.SuiteRunner.run(SuiteRunner.java:364)
at org.testng.SuiteRunnerWorker.runSuite(SuiteRunnerWorker.java:52)
at org.testng.SuiteRunnerWorker.run(SuiteRunnerWorker.java:84)
at org.testng.TestNG.runSuitesSequentially(TestNG.java:1208)
at org.testng.TestNG.runSuitesLocally(TestNG.java:1137)
at org.testng.TestNG.runSuites(TestNG.java:1049)
at org.testng.TestNG.run(TestNG.java:1017)
at org.testng.remote.AbstractRemoteTestNG.run(AbstractRemoteTestNG.java:115)
at org.testng.remote.RemoteTestNG.initAndRun(RemoteTestNG.java:251)
at org.testng.remote.RemoteTestNG.main(RemoteTestNG.java:77)
]]>
            </full-stacktrace>
          </exception> <!-- org.openqa.selenium.UnhandledAlertException -->
          <reporter-output>
          </reporter-output>
        </test-method> <!-- TqThirdQuestionGameBvMult20 -->
        <test-method status="SKIP" signature="afretAllTest()[pri:0, instance:com.triviagame.TestCases.BoundryValuesTest@553f17c]" name="afretAllTest" is-config="true" duration-ms="0" started-at="2019-08-16T16:22:11Z" finished-at="2019-08-16T16:22:11Z">
          <reporter-output>
          </reporter-output>
        </test-method> <!-- afretAllTest -->
        <test-method status="SKIP" signature="TqThirdQuestionGameBvMult40()[pri:0, instance:com.triviagame.TestCases.BoundryValuesTest@553f17c]" name="TqThirdQuestionGameBvMult40" duration-ms="0" started-at="2019-08-16T16:22:11Z" finished-at="2019-08-16T16:22:11Z">
          <exception class="org.openqa.selenium.UnhandledAlertException">
            <message>
              <![CDATA[unexpected alert open: {Alert text : To many charest in answer number - 1}
  (Session info: chrome=76.0.3809.100): To many charest in answer number - 1
Build info: version: '3.141.59', revision: 'e82be7d358', time: '2018-11-14T08:17:03'
System info: host: 'DESKTOP-O2DK7QJ', ip: '192.168.1.109', os.name: 'Windows 10', os.arch: 'amd64', os.version: '10.0', java.version: '1.8.0_211'
Driver info: org.openqa.selenium.chrome.ChromeDriver
Capabilities {acceptInsecureCerts: false, browserName: chrome, browserVersion: 76.0.3809.100, chrome: {chromedriverVersion: 76.0.3809.68 (420c9498db8ce..., userDataDir: C:\Users\kc909\AppData\Loca...}, goog:chromeOptions: {debuggerAddress: localhost:63920}, javascriptEnabled: true, networkConnectionEnabled: false, pageLoadStrategy: normal, platform: XP, platformName: XP, proxy: Proxy(), setWindowRect: true, strictFileInteractability: false, timeouts: {implicit: 0, pageLoad: 300000, script: 30000}, unhandledPromptBehavior: dismiss and notify}
Session ID: 192556a49bdbad386e61ca95a3855ffa]]>
            </message>
            <full-stacktrace>
              <![CDATA[org.openqa.selenium.UnhandledAlertException: unexpected alert open: {Alert text : To many charest in answer number - 1}
  (Session info: chrome=76.0.3809.100): To many charest in answer number - 1
Build info: version: '3.141.59', revision: 'e82be7d358', time: '2018-11-14T08:17:03'
System info: host: 'DESKTOP-O2DK7QJ', ip: '192.168.1.109', os.name: 'Windows 10', os.arch: 'amd64', os.version: '10.0', java.version: '1.8.0_211'
Driver info: org.openqa.selenium.chrome.ChromeDriver
Capabilities {acceptInsecureCerts: false, browserName: chrome, browserVersion: 76.0.3809.100, chrome: {chromedriverVersion: 76.0.3809.68 (420c9498db8ce..., userDataDir: C:\Users\kc909\AppData\Loca...}, goog:chromeOptions: {debuggerAddress: localhost:63920}, javascriptEnabled: true, networkConnectionEnabled: false, pageLoadStrategy: normal, platform: XP, platformName: XP, proxy: Proxy(), setWindowRect: true, strictFileInteractability: false, timeouts: {implicit: 0, pageLoad: 300000, script: 30000}, unhandledPromptBehavior: dismiss and notify}
Session ID: 192556a49bdbad386e61ca95a3855ffa
at org.openqa.selenium.remote.http.W3CHttpResponseCodec.decode(W3CHttpResponseCodec.java:120)
at org.openqa.selenium.remote.http.W3CHttpResponseCodec.decode(W3CHttpResponseCodec.java:49)
at org.openqa.selenium.remote.HttpCommandExecutor.execute(HttpCommandExecutor.java:158)
at org.openqa.selenium.remote.service.DriverCommandExecutor.execute(DriverCommandExecutor.java:83)
at org.openqa.selenium.remote.RemoteWebDriver.execute(RemoteWebDriver.java:552)
at org.openqa.selenium.remote.RemoteWebDriver.execute(RemoteWebDriver.java:609)
at org.openqa.selenium.remote.RemoteWebDriver.close(RemoteWebDriver.java:442)
at com.triviagame.TestCases.BoundryValuesTest.afretAllTest(BoundryValuesTest.java:47)
at sun.reflect.GeneratedMethodAccessor2.invoke(Unknown Source)
at sun.reflect.DelegatingMethodAccessorImpl.invoke(DelegatingMethodAccessorImpl.java:43)
at java.lang.reflect.Method.invoke(Method.java:498)
at org.testng.internal.MethodInvocationHelper.invokeMethod(MethodInvocationHelper.java:124)
at org.testng.internal.MethodInvocationHelper.invokeMethodConsideringTimeout(MethodInvocationHelper.java:59)
at org.testng.internal.Invoker.invokeConfigurationMethod(Invoker.java:458)
at org.testng.internal.Invoker.invokeConfigurations(Invoker.java:222)
at org.testng.internal.Invoker.invokeMethod(Invoker.java:646)
at org.testng.internal.Invoker.invokeTestMethod(Invoker.java:719)
at org.testng.internal.Invoker.invokeTestMethods(Invoker.java:989)
at org.testng.internal.TestMethodWorker.invokeTestMethods(TestMethodWorker.java:125)
at org.testng.internal.TestMethodWorker.run(TestMethodWorker.java:109)
at org.testng.TestRunner.privateRun(TestRunner.java:648)
at org.testng.TestRunner.run(TestRunner.java:505)
at org.testng.SuiteRunner.runTest(SuiteRunner.java:455)
at org.testng.SuiteRunner.runSequentially(SuiteRunner.java:450)
at org.testng.SuiteRunner.privateRun(SuiteRunner.java:415)
at org.testng.SuiteRunner.run(SuiteRunner.java:364)
at org.testng.SuiteRunnerWorker.runSuite(SuiteRunnerWorker.java:52)
at org.testng.SuiteRunnerWorker.run(SuiteRunnerWorker.java:84)
at org.testng.TestNG.runSuitesSequentially(TestNG.java:1208)
at org.testng.TestNG.runSuitesLocally(TestNG.java:1137)
at org.testng.TestNG.runSuites(TestNG.java:1049)
at org.testng.TestNG.run(TestNG.java:1017)
at org.testng.remote.AbstractRemoteTestNG.run(AbstractRemoteTestNG.java:115)
at org.testng.remote.RemoteTestNG.initAndRun(RemoteTestNG.java:251)
at org.testng.remote.RemoteTestNG.main(RemoteTestNG.java:77)
]]>
            </full-stacktrace>
          </exception> <!-- org.openqa.selenium.UnhandledAlertException -->
          <reporter-output>
          </reporter-output>
        </test-method> <!-- TqThirdQuestionGameBvMult40 -->
        <test-method status="SKIP" signature="startBrowser()[pri:0, instance:com.triviagame.TestCases.BoundryValuesTest@553f17c]" name="startBrowser" is-config="true" duration-ms="0" started-at="2019-08-16T16:22:11Z" finished-at="2019-08-16T16:22:11Z">
          <reporter-output>
          </reporter-output>
        </test-method> <!-- startBrowser -->
        <test-method status="SKIP" signature="afretAllTest()[pri:0, instance:com.triviagame.TestCases.BoundryValuesTest@553f17c]" name="afretAllTest" is-config="true" duration-ms="0" started-at="2019-08-16T16:22:11Z" finished-at="2019-08-16T16:22:11Z">
          <reporter-output>
          </reporter-output>
        </test-method> <!-- afretAllTest -->
        <test-method status="SKIP" signature="startBrowser()[pri:0, instance:com.triviagame.TestCases.BoundryValuesTest@553f17c]" name="startBrowser" is-config="true" duration-ms="0" started-at="2019-08-16T16:22:11Z" finished-at="2019-08-16T16:22:11Z">
          <reporter-output>
          </reporter-output>
        </test-method> <!-- startBrowser -->
        <test-method status="SKIP" signature="TqThirdQuestionGameBvMult5()[pri:0, instance:com.triviagame.TestCases.BoundryValuesTest@553f17c]" name="TqThirdQuestionGameBvMult5" duration-ms="0" started-at="2019-08-16T16:22:11Z" finished-at="2019-08-16T16:22:11Z">
          <exception class="org.openqa.selenium.UnhandledAlertException">
            <message>
              <![CDATA[unexpected alert open: {Alert text : To many charest in answer number - 1}
  (Session info: chrome=76.0.3809.100): To many charest in answer number - 1
Build info: version: '3.141.59', revision: 'e82be7d358', time: '2018-11-14T08:17:03'
System info: host: 'DESKTOP-O2DK7QJ', ip: '192.168.1.109', os.name: 'Windows 10', os.arch: 'amd64', os.version: '10.0', java.version: '1.8.0_211'
Driver info: org.openqa.selenium.chrome.ChromeDriver
Capabilities {acceptInsecureCerts: false, browserName: chrome, browserVersion: 76.0.3809.100, chrome: {chromedriverVersion: 76.0.3809.68 (420c9498db8ce..., userDataDir: C:\Users\kc909\AppData\Loca...}, goog:chromeOptions: {debuggerAddress: localhost:63920}, javascriptEnabled: true, networkConnectionEnabled: false, pageLoadStrategy: normal, platform: XP, platformName: XP, proxy: Proxy(), setWindowRect: true, strictFileInteractability: false, timeouts: {implicit: 0, pageLoad: 300000, script: 30000}, unhandledPromptBehavior: dismiss and notify}
Session ID: 192556a49bdbad386e61ca95a3855ffa]]>
            </message>
            <full-stacktrace>
              <![CDATA[org.openqa.selenium.UnhandledAlertException: unexpected alert open: {Alert text : To many charest in answer number - 1}
  (Session info: chrome=76.0.3809.100): To many charest in answer number - 1
Build info: version: '3.141.59', revision: 'e82be7d358', time: '2018-11-14T08:17:03'
System info: host: 'DESKTOP-O2DK7QJ', ip: '192.168.1.109', os.name: 'Windows 10', os.arch: 'amd64', os.version: '10.0', java.version: '1.8.0_211'
Driver info: org.openqa.selenium.chrome.ChromeDriver
Capabilities {acceptInsecureCerts: false, browserName: chrome, browserVersion: 76.0.3809.100, chrome: {chromedriverVersion: 76.0.3809.68 (420c9498db8ce..., userDataDir: C:\Users\kc909\AppData\Loca...}, goog:chromeOptions: {debuggerAddress: localhost:63920}, javascriptEnabled: true, networkConnectionEnabled: false, pageLoadStrategy: normal, platform: XP, platformName: XP, proxy: Proxy(), setWindowRect: true, strictFileInteractability: false, timeouts: {implicit: 0, pageLoad: 300000, script: 30000}, unhandledPromptBehavior: dismiss and notify}
Session ID: 192556a49bdbad386e61ca95a3855ffa
at org.openqa.selenium.remote.http.W3CHttpResponseCodec.decode(W3CHttpResponseCodec.java:120)
at org.openqa.selenium.remote.http.W3CHttpResponseCodec.decode(W3CHttpResponseCodec.java:49)
at org.openqa.selenium.remote.HttpCommandExecutor.execute(HttpCommandExecutor.java:158)
at org.openqa.selenium.remote.service.DriverCommandExecutor.execute(DriverCommandExecutor.java:83)
at org.openqa.selenium.remote.RemoteWebDriver.execute(RemoteWebDriver.java:552)
at org.openqa.selenium.remote.RemoteWebDriver.execute(RemoteWebDriver.java:609)
at org.openqa.selenium.remote.RemoteWebDriver.close(RemoteWebDriver.java:442)
at com.triviagame.TestCases.BoundryValuesTest.afretAllTest(BoundryValuesTest.java:47)
at sun.reflect.GeneratedMethodAccessor2.invoke(Unknown Source)
at sun.reflect.DelegatingMethodAccessorImpl.invoke(DelegatingMethodAccessorImpl.java:43)
at java.lang.reflect.Method.invoke(Method.java:498)
at org.testng.internal.MethodInvocationHelper.invokeMethod(MethodInvocationHelper.java:124)
at org.testng.internal.MethodInvocationHelper.invokeMethodConsideringTimeout(MethodInvocationHelper.java:59)
at org.testng.internal.Invoker.invokeConfigurationMethod(Invoker.java:458)
at org.testng.internal.Invoker.invokeConfigurations(Invoker.java:222)
at org.testng.internal.Invoker.invokeMethod(Invoker.java:646)
at org.testng.internal.Invoker.invokeTestMethod(Invoker.java:719)
at org.testng.internal.Invoker.invokeTestMethods(Invoker.java:989)
at org.testng.internal.TestMethodWorker.invokeTestMethods(TestMethodWorker.java:125)
at org.testng.internal.TestMethodWorker.run(TestMethodWorker.java:109)
at org.testng.TestRunner.privateRun(TestRunner.java:648)
at org.testng.TestRunner.run(TestRunner.java:505)
at org.testng.SuiteRunner.runTest(SuiteRunner.java:455)
at org.testng.SuiteRunner.runSequentially(SuiteRunner.java:450)
at org.testng.SuiteRunner.privateRun(SuiteRunner.java:415)
at org.testng.SuiteRunner.run(SuiteRunner.java:364)
at org.testng.SuiteRunnerWorker.runSuite(SuiteRunnerWorker.java:52)
at org.testng.SuiteRunnerWorker.run(SuiteRunnerWorker.java:84)
at org.testng.TestNG.runSuitesSequentially(TestNG.java:1208)
at org.testng.TestNG.runSuitesLocally(TestNG.java:1137)
at org.testng.TestNG.runSuites(TestNG.java:1049)
at org.testng.TestNG.run(TestNG.java:1017)
at org.testng.remote.AbstractRemoteTestNG.run(AbstractRemoteTestNG.java:115)
at org.testng.remote.RemoteTestNG.initAndRun(RemoteTestNG.java:251)
at org.testng.remote.RemoteTestNG.main(RemoteTestNG.java:77)
]]>
            </full-stacktrace>
          </exception> <!-- org.openqa.selenium.UnhandledAlertException -->
          <reporter-output>
          </reporter-output>
        </test-method> <!-- TqThirdQuestionGameBvMult5 -->
        <test-method status="SKIP" signature="afretAllTest()[pri:0, instance:com.triviagame.TestCases.BoundryValuesTest@553f17c]" name="afretAllTest" is-config="true" duration-ms="0" started-at="2019-08-16T16:22:11Z" finished-at="2019-08-16T16:22:11Z">
          <reporter-output>
          </reporter-output>
        </test-method> <!-- afretAllTest -->
      </class> <!-- com.triviagame.TestCases.BoundryValuesTest -->
    </test> <!-- Default test -->
  </suite> <!-- Default suite -->
</testng-results>
